<?xml version="1.0" encoding="UTF-8"?>
<testsuites name="TS-Make-Appointment" time="97.754" tests="3" failures="0" errors="0">
   <testsuite name="TS-Make-Appointment" tests="3" failures="0" errors="0" time="97.754" skipped="0" timestamp="2023-06-24 23:20:14" hostname="mitapitriaheni - 192.168.1.104" id="Test Suites/TS-Make-Appointment">
      <properties>
         <property name="deviceName" value=""/>
         <property name="devicePlatform" value=""/>
         <property name="logFolder" value="/Users/mitapitriaheni/git/test-msbu/Reports/20230624_232002/TS-Make-Appointment/20230624_232003"/>
         <property name="logFiles" value="/Users/mitapitriaheni/git/test-msbu/Reports/20230624_232002/TS-Make-Appointment/20230624_232003/execution0.log"/>
         <property name="attachments" value=""/>
         <property name="hostName" value="mitapitriaheni - 192.168.1.104"/>
         <property name="os" value="Mac OS X 64bit"/>
         <property name="katalonVersion" value="8.6.5.208"/>
         <property name="browser" value="Chrome 114.0.0.0"/>
         <property name="hostAddress" value="172.20.10.2"/>
         <property name="sessionId" value="426f25b5ade92b202fb176284aeb9310"/>
         <property name="seleniumVersion" value="3.141.59"/>
         <property name="proxyInformation" value="ProxyInformation { proxyOption=NO_PROXY, proxyServerType=HTTP, username=, password=********, proxyServerAddress=, proxyServerPort=0, executionList=&quot;&quot;, isApplyToDesiredCapabilities=true }"/>
         <property name="platform" value="Mac OS X"/>
      </properties>
      <testcase name="Test Cases/SC-Make-Appointment/TC02-make-appointment-failed-blank-mandatory-field" time="16.083" classname="Test Cases/SC-Make-Appointment/TC02-make-appointment-failed-blank-mandatory-field" status="PASSED">
         <system-out><![CDATA[2023-06-24 23:20:14 - [TEST_CASE][PASSED] - Test Cases/SC-Make-Appointment/TC02-make-appointment-failed-blank-mandatory-field: Test Cases/SC-Make-Appointment/TC02-make-appointment-failed-blank-mandatory-field

2023-06-24 23:20:14 - [TEST_STEP][PASSED] - try: Object 'Object Repository/Page_CURA Healthcare Service/make_appointment_page/buttonBookAppointment' is present

2023-06-24 23:20:14 - [TEST_STEP][PASSED] - callTestCase(findTestCase("step-login"), [:], STOP_ON_FAILURE): Call Test Case 'Test Cases/step-login' successfully

2023-06-24 23:20:15 - [TEST_CASE][PASSED] - Test Cases/step-login: Test Cases/step-login

2023-06-24 23:20:15 - [TEST_STEP][PASSED] - openBrowser(""): Browser is opened with url: ''

2023-06-24 23:20:15 - [MESSAGE][INFO] - Starting 'Chrome' driver

2023-06-24 23:20:15 - [MESSAGE][INFO] - Action delay is set to 0 milliseconds

2023-06-24 23:20:17 - [MESSAGE][PASSED] - Browser is opened with url: ''

2023-06-24 23:20:17 - [TEST_STEP][PASSED] - maximizeWindow(): Current window maximized

2023-06-24 23:20:17 - [MESSAGE][PASSED] - Current window maximized

2023-06-24 23:20:17 - [TEST_STEP][PASSED] - navigateToUrl(URL): Navigate to 'https://katalon-demo-cura.herokuapp.com/' successfully

2023-06-24 23:20:22 - [MESSAGE][PASSED] - Navigate to 'https://katalon-demo-cura.herokuapp.com/' successfully

2023-06-24 23:20:22 - [TEST_STEP][PASSED] - waitForElementPresent(findTestObject("Page_CURA Healthcare Service/home_page/labelCURAHealthcareService"), 0): Object 'Object Repository/Page_CURA Healthcare Service/home_page/labelCURAHealthcareService' is present

2023-06-24 23:20:22 - [MESSAGE][WARNING] - Timeout '0' is invalid. Using default page load timeout: '30'

2023-06-24 23:20:22 - [MESSAGE][PASSED] - Object 'Object Repository/Page_CURA Healthcare Service/home_page/labelCURAHealthcareService' is present

2023-06-24 23:20:22 - [TEST_STEP][PASSED] - waitForElementPresent(findTestObject("Page_CURA Healthcare Service/home_page/labelWeCareAboutYourHealth"), 0): Object 'Object Repository/Page_CURA Healthcare Service/home_page/labelWeCareAboutYourHealth' is present

2023-06-24 23:20:22 - [MESSAGE][WARNING] - Timeout '0' is invalid. Using default page load timeout: '30'

2023-06-24 23:20:22 - [MESSAGE][PASSED] - Object 'Object Repository/Page_CURA Healthcare Service/home_page/labelWeCareAboutYourHealth' is present

2023-06-24 23:20:22 - [TEST_STEP][PASSED] - click(findTestObject("Page_CURA Healthcare Service/home_page/buttonMenuToggle")): Object: 'Object Repository/Page_CURA Healthcare Service/home_page/buttonMenuToggle' is clicked on

2023-06-24 23:20:23 - [MESSAGE][PASSED] - Object: 'Object Repository/Page_CURA Healthcare Service/home_page/buttonMenuToggle' is clicked on

2023-06-24 23:20:23 - [TEST_STEP][PASSED] - click(findTestObject("Page_CURA Healthcare Service/home_page/hyperlinkLogin")): Object: 'Object Repository/Page_CURA Healthcare Service/home_page/hyperlinkLogin' is clicked on

2023-06-24 23:20:24 - [MESSAGE][PASSED] - Object: 'Object Repository/Page_CURA Healthcare Service/home_page/hyperlinkLogin' is clicked on

2023-06-24 23:20:24 - [TEST_STEP][PASSED] - waitForElementPresent(findTestObject("Page_CURA Healthcare Service/login_page/labelLogin"), 0): Object 'Object Repository/Page_CURA Healthcare Service/login_page/labelLogin' is present

2023-06-24 23:20:24 - [MESSAGE][WARNING] - Timeout '0' is invalid. Using default page load timeout: '30'

2023-06-24 23:20:24 - [MESSAGE][PASSED] - Object 'Object Repository/Page_CURA Healthcare Service/login_page/labelLogin' is present

2023-06-24 23:20:24 - [TEST_STEP][PASSED] - verifyElementPresent(findTestObject("Page_CURA Healthcare Service/login_page/labelPleaseLoginToMakeAppointment"), 0): Object 'Object Repository/Page_CURA Healthcare Service/login_page/labelPleaseLoginToMakeAppointment' is present

2023-06-24 23:20:24 - [MESSAGE][WARNING] - Timeout '0' is invalid. Using default page load timeout: '30'

2023-06-24 23:20:25 - [MESSAGE][PASSED] - Object 'Object Repository/Page_CURA Healthcare Service/login_page/labelPleaseLoginToMakeAppointment' is present

2023-06-24 23:20:25 - [TEST_STEP][PASSED] - verifyElementPresent(findTestObject("Page_CURA Healthcare Service/login_page/buttonLogin"), 0): Object 'Object Repository/Page_CURA Healthcare Service/login_page/buttonLogin' is present

2023-06-24 23:20:25 - [MESSAGE][WARNING] - Timeout '0' is invalid. Using default page load timeout: '30'

2023-06-24 23:20:25 - [MESSAGE][PASSED] - Object 'Object Repository/Page_CURA Healthcare Service/login_page/buttonLogin' is present

2023-06-24 23:20:25 - [TEST_STEP][PASSED] - setText(findTestObject("Object Repository/Page_CURA Healthcare Service/login_page/textfieldUsername"), username): Text 'John Doe' is set on object 'Object Repository/Page_CURA Healthcare Service/login_page/textfieldUsername'

2023-06-24 23:20:26 - [MESSAGE][PASSED] - Text 'John Doe' is set on object 'Object Repository/Page_CURA Healthcare Service/login_page/textfieldUsername'

2023-06-24 23:20:26 - [TEST_STEP][PASSED] - setEncryptedText(findTestObject("Object Repository/Page_CURA Healthcare Service/login_page/textfieldPassword"), password): Text ****** has been set on object 'Object Repository/Page_CURA Healthcare Service/login_page/textfieldPassword'

2023-06-24 23:20:26 - [MESSAGE][PASSED] - Text ****** has been set on object 'Object Repository/Page_CURA Healthcare Service/login_page/textfieldPassword'

2023-06-24 23:20:26 - [TEST_STEP][PASSED] - click(findTestObject("Object Repository/Page_CURA Healthcare Service/login_page/buttonLogin")): Object: 'Object Repository/Page_CURA Healthcare Service/login_page/buttonLogin' is clicked on

2023-06-24 23:20:27 - [MESSAGE][PASSED] - Object: 'Object Repository/Page_CURA Healthcare Service/login_page/buttonLogin' is clicked on

2023-06-24 23:20:27 - [TEST_STEP][PASSED] - verifyElementText(findTestObject("Object Repository/Page_CURA Healthcare Service/make_appointment_page/labelMakeAppointment"), "Make Appointment"): Actual text and expected text of test object 'Object Repository/Page_CURA Healthcare Service/make_appointment_page/labelMakeAppointment' are matched.

2023-06-24 23:20:28 - [MESSAGE][PASSED] - Actual text and expected text of test object 'Object Repository/Page_CURA Healthcare Service/make_appointment_page/labelMakeAppointment' are matched.

2023-06-24 23:20:28 - [MESSAGE][PASSED] - Call Test Case 'Test Cases/step-login' successfully

2023-06-24 23:20:28 - [TEST_STEP][PASSED] - verifyElementPresent(findTestObject("Object Repository/Page_CURA Healthcare Service/make_appointment_page/labelMakeAppointment"), 0): Object 'Object Repository/Page_CURA Healthcare Service/make_appointment_page/labelMakeAppointment' is present

2023-06-24 23:20:28 - [MESSAGE][WARNING] - Timeout '0' is invalid. Using default page load timeout: '30'

2023-06-24 23:20:28 - [MESSAGE][PASSED] - Object 'Object Repository/Page_CURA Healthcare Service/make_appointment_page/labelMakeAppointment' is present

2023-06-24 23:20:28 - [TEST_STEP][PASSED] - selectOptionByValue(findTestObject("Object Repository/Page_CURA Healthcare Service/make_appointment_page/dropdownHealthcareCenter"), facility, true): All options with value 'Seoul CURA Healthcare Center' are selected in object 'Object Repository/Page_CURA Healthcare Service/make_appointment_page/dropdownHealthcareCenter'  using regular expression

2023-06-24 23:20:29 - [MESSAGE][PASSED] - All options with value 'Seoul CURA Healthcare Center' are selected in object 'Object Repository/Page_CURA Healthcare Service/make_appointment_page/dropdownHealthcareCenter'  using regular expression

2023-06-24 23:20:29 - [TEST_STEP][PASSED] - switch (hospitalReadmisson): null

2023-06-24 23:20:29 - [TEST_STEP][PASSED] - case "Yes":: null

2023-06-24 23:20:29 - [TEST_STEP][PASSED] - click(findTestObject("Object Repository/Page_CURA Healthcare Service/make_appointment_page/checkboxApplyForHospitalReadmission")): Object: 'Object Repository/Page_CURA Healthcare Service/make_appointment_page/checkboxApplyForHospitalReadmission' is clicked on

2023-06-24 23:20:29 - [MESSAGE][PASSED] - Object: 'Object Repository/Page_CURA Healthcare Service/make_appointment_page/checkboxApplyForHospitalReadmission' is clicked on

2023-06-24 23:20:29 - [TEST_STEP][PASSED] - break: null

2023-06-24 23:20:29 - [TEST_STEP][PASSED] - switch (program): null

2023-06-24 23:20:29 - [TEST_STEP][PASSED] - case "none":: null

2023-06-24 23:20:29 - [TEST_STEP][PASSED] - healthCareProgram = "None": null

2023-06-24 23:20:29 - [TEST_STEP][PASSED] - healthCareIndex = 3: null

2023-06-24 23:20:29 - [TEST_STEP][PASSED] - break: null

2023-06-24 23:20:29 - [TEST_STEP][PASSED] - click(findTestObject("Object Repository/Page_CURA Healthcare Service/make_appointment_page/buttonBookAppointment")): Object: 'Object Repository/Page_CURA Healthcare Service/make_appointment_page/buttonBookAppointment' is clicked on

2023-06-24 23:20:29 - [MESSAGE][PASSED] - Object: 'Object Repository/Page_CURA Healthcare Service/make_appointment_page/buttonBookAppointment' is clicked on

2023-06-24 23:20:29 - [TEST_STEP][PASSED] - verifyElementNotPresent(findTestObject("Object Repository/Page_CURA Healthcare Service/appointment_confirmation_page/labelAppointmentConfirmation"), 0): Web element with id: 'Object Repository/Page_CURA Healthcare Service/appointment_confirmation_page/labelAppointmentConfirmation' located by 'By.xpath: //*[(text() = 'Appointment Confirmation' or . = 'Appointment Confirmation')]' is not present after '30' second(s)

2023-06-24 23:20:29 - [MESSAGE][WARNING] - Timeout '0' is invalid. Using default page load timeout: '30'

2023-06-24 23:20:30 - [MESSAGE][PASSED] - Web element with id: 'Object Repository/Page_CURA Healthcare Service/appointment_confirmation_page/labelAppointmentConfirmation' located by 'By.xpath: //*[(text() = 'Appointment Confirmation' or . = 'Appointment Confirmation')]' is not present after '30' second(s)

2023-06-24 23:20:30 - [TEST_STEP][PASSED] - verifyElementPresent(findTestObject("Page_CURA Healthcare Service/make_appointment_page/buttonBookAppointment"), 0): Object 'Object Repository/Page_CURA Healthcare Service/make_appointment_page/buttonBookAppointment' is present

2023-06-24 23:20:30 - [MESSAGE][WARNING] - Timeout '0' is invalid. Using default page load timeout: '30'

2023-06-24 23:20:30 - [MESSAGE][PASSED] - Object 'Object Repository/Page_CURA Healthcare Service/make_appointment_page/buttonBookAppointment' is present

2023-06-24 23:20:30 - [TEST_STEP][PASSED] - Finally: Browser is closed

2023-06-24 23:20:30 - [TEST_STEP][PASSED] - closeBrowser(): Browser is closed

2023-06-24 23:20:30 - [MESSAGE][PASSED] - Browser is closed]]></system-out>
         <system-err><![CDATA[]]></system-err>
      </testcase>
      <testcase name="Test Cases/SC-Make-Appointment/TC01-make-appointment-success-default-content" time="55.75" classname="Test Cases/SC-Make-Appointment/TC01-make-appointment-success-default-content" status="PASSED">
         <system-out><![CDATA[2023-06-24 23:20:30 - [TEST_CASE][PASSED] - Test Cases/SC-Make-Appointment/TC01-make-appointment-success-default-content: Test Cases/SC-Make-Appointment/TC01-make-appointment-success-default-content

2023-06-24 23:20:30 - [TEST_STEP][PASSED] - try: Object 'Object Repository/Page_CURA Healthcare Service/home_page/buttonMakeAppointment' is present

2023-06-24 23:20:30 - [TEST_STEP][PASSED] - date = new java.util.Date(): null

2023-06-24 23:20:30 - [TEST_STEP][PASSED] - visitDate = date.format("dd/MM/yyyy"): null

2023-06-24 23:20:30 - [TEST_STEP][PASSED] - callTestCase(findTestCase("step-login"), [:], STOP_ON_FAILURE): Call Test Case 'Test Cases/step-login' successfully

2023-06-24 23:20:30 - [TEST_CASE][PASSED] - Test Cases/step-login: Test Cases/step-login

2023-06-24 23:20:30 - [TEST_STEP][PASSED] - openBrowser(""): Browser is opened with url: ''

2023-06-24 23:20:30 - [MESSAGE][INFO] - Starting 'Chrome' driver

2023-06-24 23:20:30 - [MESSAGE][INFO] - Action delay is set to 0 milliseconds

2023-06-24 23:20:32 - [MESSAGE][PASSED] - Browser is opened with url: ''

2023-06-24 23:20:32 - [TEST_STEP][PASSED] - maximizeWindow(): Current window maximized

2023-06-24 23:20:32 - [MESSAGE][PASSED] - Current window maximized

2023-06-24 23:20:32 - [TEST_STEP][PASSED] - navigateToUrl(URL): Navigate to 'https://katalon-demo-cura.herokuapp.com/' successfully

2023-06-24 23:20:36 - [MESSAGE][PASSED] - Navigate to 'https://katalon-demo-cura.herokuapp.com/' successfully

2023-06-24 23:20:36 - [TEST_STEP][PASSED] - waitForElementPresent(findTestObject("Page_CURA Healthcare Service/home_page/labelCURAHealthcareService"), 0): Object 'Object Repository/Page_CURA Healthcare Service/home_page/labelCURAHealthcareService' is present

2023-06-24 23:20:36 - [MESSAGE][WARNING] - Timeout '0' is invalid. Using default page load timeout: '30'

2023-06-24 23:20:38 - [MESSAGE][PASSED] - Object 'Object Repository/Page_CURA Healthcare Service/home_page/labelCURAHealthcareService' is present

2023-06-24 23:20:38 - [TEST_STEP][PASSED] - waitForElementPresent(findTestObject("Page_CURA Healthcare Service/home_page/labelWeCareAboutYourHealth"), 0): Object 'Object Repository/Page_CURA Healthcare Service/home_page/labelWeCareAboutYourHealth' is present

2023-06-24 23:20:38 - [MESSAGE][WARNING] - Timeout '0' is invalid. Using default page load timeout: '30'

2023-06-24 23:20:40 - [MESSAGE][PASSED] - Object 'Object Repository/Page_CURA Healthcare Service/home_page/labelWeCareAboutYourHealth' is present

2023-06-24 23:20:40 - [TEST_STEP][PASSED] - click(findTestObject("Page_CURA Healthcare Service/home_page/buttonMenuToggle")): Object: 'Object Repository/Page_CURA Healthcare Service/home_page/buttonMenuToggle' is clicked on

2023-06-24 23:20:42 - [MESSAGE][PASSED] - Object: 'Object Repository/Page_CURA Healthcare Service/home_page/buttonMenuToggle' is clicked on

2023-06-24 23:20:42 - [TEST_STEP][PASSED] - click(findTestObject("Page_CURA Healthcare Service/home_page/hyperlinkLogin")): Object: 'Object Repository/Page_CURA Healthcare Service/home_page/hyperlinkLogin' is clicked on

2023-06-24 23:20:45 - [MESSAGE][PASSED] - Object: 'Object Repository/Page_CURA Healthcare Service/home_page/hyperlinkLogin' is clicked on

2023-06-24 23:20:45 - [TEST_STEP][PASSED] - waitForElementPresent(findTestObject("Page_CURA Healthcare Service/login_page/labelLogin"), 0): Object 'Object Repository/Page_CURA Healthcare Service/login_page/labelLogin' is present

2023-06-24 23:20:45 - [MESSAGE][WARNING] - Timeout '0' is invalid. Using default page load timeout: '30'

2023-06-24 23:20:47 - [MESSAGE][PASSED] - Object 'Object Repository/Page_CURA Healthcare Service/login_page/labelLogin' is present

2023-06-24 23:20:47 - [TEST_STEP][PASSED] - verifyElementPresent(findTestObject("Page_CURA Healthcare Service/login_page/labelPleaseLoginToMakeAppointment"), 0): Object 'Object Repository/Page_CURA Healthcare Service/login_page/labelPleaseLoginToMakeAppointment' is present

2023-06-24 23:20:47 - [MESSAGE][WARNING] - Timeout '0' is invalid. Using default page load timeout: '30'

2023-06-24 23:20:49 - [MESSAGE][PASSED] - Object 'Object Repository/Page_CURA Healthcare Service/login_page/labelPleaseLoginToMakeAppointment' is present

2023-06-24 23:20:49 - [TEST_STEP][PASSED] - verifyElementPresent(findTestObject("Page_CURA Healthcare Service/login_page/buttonLogin"), 0): Object 'Object Repository/Page_CURA Healthcare Service/login_page/buttonLogin' is present

2023-06-24 23:20:49 - [MESSAGE][WARNING] - Timeout '0' is invalid. Using default page load timeout: '30'

2023-06-24 23:20:51 - [MESSAGE][PASSED] - Object 'Object Repository/Page_CURA Healthcare Service/login_page/buttonLogin' is present

2023-06-24 23:20:51 - [TEST_STEP][PASSED] - setText(findTestObject("Object Repository/Page_CURA Healthcare Service/login_page/textfieldUsername"), username): Text 'John Doe' is set on object 'Object Repository/Page_CURA Healthcare Service/login_page/textfieldUsername'

2023-06-24 23:20:55 - [MESSAGE][PASSED] - Text 'John Doe' is set on object 'Object Repository/Page_CURA Healthcare Service/login_page/textfieldUsername'

2023-06-24 23:20:55 - [TEST_STEP][PASSED] - setEncryptedText(findTestObject("Object Repository/Page_CURA Healthcare Service/login_page/textfieldPassword"), password): Text ****** has been set on object 'Object Repository/Page_CURA Healthcare Service/login_page/textfieldPassword'

2023-06-24 23:20:57 - [MESSAGE][PASSED] - Text ****** has been set on object 'Object Repository/Page_CURA Healthcare Service/login_page/textfieldPassword'

2023-06-24 23:20:57 - [TEST_STEP][PASSED] - click(findTestObject("Object Repository/Page_CURA Healthcare Service/login_page/buttonLogin")): Object: 'Object Repository/Page_CURA Healthcare Service/login_page/buttonLogin' is clicked on

2023-06-24 23:21:00 - [MESSAGE][PASSED] - Object: 'Object Repository/Page_CURA Healthcare Service/login_page/buttonLogin' is clicked on

2023-06-24 23:21:00 - [TEST_STEP][PASSED] - verifyElementText(findTestObject("Object Repository/Page_CURA Healthcare Service/make_appointment_page/labelMakeAppointment"), "Make Appointment"): Actual text and expected text of test object 'Object Repository/Page_CURA Healthcare Service/make_appointment_page/labelMakeAppointment' are matched.

2023-06-24 23:21:02 - [MESSAGE][PASSED] - Actual text and expected text of test object 'Object Repository/Page_CURA Healthcare Service/make_appointment_page/labelMakeAppointment' are matched.

2023-06-24 23:21:02 - [MESSAGE][PASSED] - Call Test Case 'Test Cases/step-login' successfully

2023-06-24 23:21:02 - [TEST_STEP][PASSED] - verifyElementPresent(findTestObject("Object Repository/Page_CURA Healthcare Service/make_appointment_page/labelMakeAppointment"), 0): Object 'Object Repository/Page_CURA Healthcare Service/make_appointment_page/labelMakeAppointment' is present

2023-06-24 23:21:02 - [MESSAGE][WARNING] - Timeout '0' is invalid. Using default page load timeout: '30'

2023-06-24 23:21:04 - [MESSAGE][PASSED] - Object 'Object Repository/Page_CURA Healthcare Service/make_appointment_page/labelMakeAppointment' is present

2023-06-24 23:21:04 - [TEST_STEP][PASSED] - setText(findTestObject("Object Repository/Page_CURA Healthcare Service/make_appointment_page/textfieldVisitDate"), visitDate): Text '24/06/2023' is set on object 'Object Repository/Page_CURA Healthcare Service/make_appointment_page/textfieldVisitDate'

2023-06-24 23:21:07 - [MESSAGE][PASSED] - Text '24/06/2023' is set on object 'Object Repository/Page_CURA Healthcare Service/make_appointment_page/textfieldVisitDate'

2023-06-24 23:21:07 - [TEST_STEP][PASSED] - switch (program): null

2023-06-24 23:21:07 - [TEST_STEP][PASSED] - case "medicare":: null

2023-06-24 23:21:07 - [TEST_STEP][PASSED] - healthCareProgram = "Medicare": null

2023-06-24 23:21:07 - [TEST_STEP][PASSED] - break: null

2023-06-24 23:21:07 - [TEST_STEP][PASSED] - click(findTestObject("Object Repository/Page_CURA Healthcare Service/make_appointment_page/buttonBookAppointment")): Object: 'Object Repository/Page_CURA Healthcare Service/make_appointment_page/buttonBookAppointment' is clicked on

2023-06-24 23:21:09 - [MESSAGE][PASSED] - Object: 'Object Repository/Page_CURA Healthcare Service/make_appointment_page/buttonBookAppointment' is clicked on

2023-06-24 23:21:09 - [TEST_STEP][PASSED] - waitForElementPresent(findTestObject("Object Repository/Page_CURA Healthcare Service/appointment_confirmation_page/labelAppointmentConfirmation"), 0): Object 'Object Repository/Page_CURA Healthcare Service/appointment_confirmation_page/labelAppointmentConfirmation' is present

2023-06-24 23:21:09 - [MESSAGE][WARNING] - Timeout '0' is invalid. Using default page load timeout: '30'

2023-06-24 23:21:09 - [MESSAGE][PASSED] - Object 'Object Repository/Page_CURA Healthcare Service/appointment_confirmation_page/labelAppointmentConfirmation' is present

2023-06-24 23:21:09 - [TEST_STEP][PASSED] - verifyElementPresent(findTestObject("Object Repository/Page_CURA Healthcare Service/appointment_confirmation_page/labelPleaseBeInformedThatYourAppointment"), 0): Object 'Object Repository/Page_CURA Healthcare Service/appointment_confirmation_page/labelPleaseBeInformedThatYourAppointment' is present

2023-06-24 23:21:09 - [MESSAGE][WARNING] - Timeout '0' is invalid. Using default page load timeout: '30'

2023-06-24 23:21:09 - [MESSAGE][PASSED] - Object 'Object Repository/Page_CURA Healthcare Service/appointment_confirmation_page/labelPleaseBeInformedThatYourAppointment' is present

2023-06-24 23:21:09 - [TEST_STEP][PASSED] - verifyElementPresent(findTestObject("Page_CURA Healthcare Service/appointment_confirmation_page/confirmationLabelVerifFacility", ["textFacility":facility]), 0): Object 'Object Repository/Page_CURA Healthcare Service/appointment_confirmation_page/confirmationLabelVerifFacility' is present

2023-06-24 23:21:09 - [MESSAGE][WARNING] - Timeout '0' is invalid. Using default page load timeout: '30'

2023-06-24 23:21:10 - [MESSAGE][PASSED] - Object 'Object Repository/Page_CURA Healthcare Service/appointment_confirmation_page/confirmationLabelVerifFacility' is present

2023-06-24 23:21:10 - [TEST_STEP][PASSED] - verifyElementPresent(findTestObject("Page_CURA Healthcare Service/appointment_confirmation_page/confirmationLabelVerifHospitalReadmission", ["textHospitalReadmission":hospitalReadmisson]), 0): Object 'Object Repository/Page_CURA Healthcare Service/appointment_confirmation_page/confirmationLabelVerifHospitalReadmission' is present

2023-06-24 23:21:10 - [MESSAGE][WARNING] - Timeout '0' is invalid. Using default page load timeout: '30'

2023-06-24 23:21:10 - [MESSAGE][PASSED] - Object 'Object Repository/Page_CURA Healthcare Service/appointment_confirmation_page/confirmationLabelVerifHospitalReadmission' is present

2023-06-24 23:21:10 - [TEST_STEP][PASSED] - verifyElementPresent(findTestObject("Page_CURA Healthcare Service/appointment_confirmation_page/confirmationLabelVerifProgram", ["textHealthCareProgram":healthCareProgram]), 0): Object 'Object Repository/Page_CURA Healthcare Service/appointment_confirmation_page/confirmationLabelVerifProgram' is present

2023-06-24 23:21:10 - [MESSAGE][WARNING] - Timeout '0' is invalid. Using default page load timeout: '30'

2023-06-24 23:21:10 - [MESSAGE][PASSED] - Object 'Object Repository/Page_CURA Healthcare Service/appointment_confirmation_page/confirmationLabelVerifProgram' is present

2023-06-24 23:21:10 - [TEST_STEP][PASSED] - verifyElementPresent(findTestObject("Page_CURA Healthcare Service/appointment_confirmation_page/confirmationLabelVerifVisitDate", ["textVisitDate":visitDate]), 0): Object 'Object Repository/Page_CURA Healthcare Service/appointment_confirmation_page/confirmationLabelVerifVisitDate' is present

2023-06-24 23:21:10 - [MESSAGE][WARNING] - Timeout '0' is invalid. Using default page load timeout: '30'

2023-06-24 23:21:11 - [MESSAGE][PASSED] - Object 'Object Repository/Page_CURA Healthcare Service/appointment_confirmation_page/confirmationLabelVerifVisitDate' is present

2023-06-24 23:21:11 - [TEST_STEP][PASSED] - verifyElementPresent(findTestObject("Page_CURA Healthcare Service/appointment_confirmation_page/confirmationLabelVerifComment", ["textComment":comment]), 0): Object 'Object Repository/Page_CURA Healthcare Service/appointment_confirmation_page/confirmationLabelVerifComment' is present

2023-06-24 23:21:11 - [MESSAGE][WARNING] - Timeout '0' is invalid. Using default page load timeout: '30'

2023-06-24 23:21:11 - [MESSAGE][PASSED] - Object 'Object Repository/Page_CURA Healthcare Service/appointment_confirmation_page/confirmationLabelVerifComment' is present

2023-06-24 23:21:11 - [TEST_STEP][PASSED] - click(findTestObject("Object Repository/Page_CURA Healthcare Service/appointment_confirmation_page/hyperlinkGoToHomepage")): Object: 'Object Repository/Page_CURA Healthcare Service/appointment_confirmation_page/hyperlinkGoToHomepage' is clicked on

2023-06-24 23:21:12 - [MESSAGE][PASSED] - Object: 'Object Repository/Page_CURA Healthcare Service/appointment_confirmation_page/hyperlinkGoToHomepage' is clicked on

2023-06-24 23:21:12 - [TEST_STEP][PASSED] - waitForElementPresent(findTestObject("Page_CURA Healthcare Service/home_page/labelWeCareAboutYourHealth"), 0): Object 'Object Repository/Page_CURA Healthcare Service/home_page/labelWeCareAboutYourHealth' is present

2023-06-24 23:21:12 - [MESSAGE][WARNING] - Timeout '0' is invalid. Using default page load timeout: '30'

2023-06-24 23:21:12 - [MESSAGE][PASSED] - Object 'Object Repository/Page_CURA Healthcare Service/home_page/labelWeCareAboutYourHealth' is present

2023-06-24 23:21:12 - [TEST_STEP][PASSED] - verifyElementPresent(findTestObject("Page_CURA Healthcare Service/home_page/buttonMakeAppointment"), 0): Object 'Object Repository/Page_CURA Healthcare Service/home_page/buttonMakeAppointment' is present

2023-06-24 23:21:12 - [MESSAGE][WARNING] - Timeout '0' is invalid. Using default page load timeout: '30'

2023-06-24 23:21:12 - [MESSAGE][PASSED] - Object 'Object Repository/Page_CURA Healthcare Service/home_page/buttonMakeAppointment' is present

2023-06-24 23:21:12 - [TEST_STEP][PASSED] - click(findTestObject("Page_CURA Healthcare Service/home_page/buttonMenuToggle")): Object: 'Object Repository/Page_CURA Healthcare Service/home_page/buttonMenuToggle' is clicked on

2023-06-24 23:21:14 - [MESSAGE][PASSED] - Object: 'Object Repository/Page_CURA Healthcare Service/home_page/buttonMenuToggle' is clicked on

2023-06-24 23:21:14 - [TEST_STEP][PASSED] - click(findTestObject("Page_CURA Healthcare Service/home_page/hyperlinkHistory")): Object: 'Object Repository/Page_CURA Healthcare Service/home_page/hyperlinkHistory' is clicked on

2023-06-24 23:21:16 - [MESSAGE][PASSED] - Object: 'Object Repository/Page_CURA Healthcare Service/home_page/hyperlinkHistory' is clicked on

2023-06-24 23:21:16 - [TEST_STEP][PASSED] - waitForElementPresent(findTestObject("Page_CURA Healthcare Service/history_page/labelHistory"), 0): Object 'Object Repository/Page_CURA Healthcare Service/history_page/labelHistory' is present

2023-06-24 23:21:16 - [MESSAGE][WARNING] - Timeout '0' is invalid. Using default page load timeout: '30'

2023-06-24 23:21:18 - [MESSAGE][PASSED] - Object 'Object Repository/Page_CURA Healthcare Service/history_page/labelHistory' is present

2023-06-24 23:21:18 - [TEST_STEP][PASSED] - verifyElementPresent(findTestObject("Page_CURA Healthcare Service/history_page/historyLabelVerifFacility", ["textFacility":facility]), 0): Object 'Object Repository/Page_CURA Healthcare Service/history_page/historyLabelVerifFacility' is present

2023-06-24 23:21:18 - [MESSAGE][WARNING] - Timeout '0' is invalid. Using default page load timeout: '30'

2023-06-24 23:21:20 - [MESSAGE][PASSED] - Object 'Object Repository/Page_CURA Healthcare Service/history_page/historyLabelVerifFacility' is present

2023-06-24 23:21:20 - [TEST_STEP][PASSED] - verifyElementPresent(findTestObject("Page_CURA Healthcare Service/history_page/historyLabelVerifHospitalReadmission", ["textHospitalReadmission":hospitalReadmisson]), 0): Object 'Object Repository/Page_CURA Healthcare Service/history_page/historyLabelVerifHospitalReadmission' is present

2023-06-24 23:21:20 - [MESSAGE][WARNING] - Timeout '0' is invalid. Using default page load timeout: '30'

2023-06-24 23:21:22 - [MESSAGE][PASSED] - Object 'Object Repository/Page_CURA Healthcare Service/history_page/historyLabelVerifHospitalReadmission' is present

2023-06-24 23:21:22 - [TEST_STEP][PASSED] - verifyElementPresent(findTestObject("Page_CURA Healthcare Service/history_page/historyLabelVerifProgram", ["textProgram":healthCareProgram]), 0): Object 'Object Repository/Page_CURA Healthcare Service/history_page/historyLabelVerifProgram' is present

2023-06-24 23:21:22 - [MESSAGE][WARNING] - Timeout '0' is invalid. Using default page load timeout: '30'

2023-06-24 23:21:24 - [MESSAGE][PASSED] - Object 'Object Repository/Page_CURA Healthcare Service/history_page/historyLabelVerifProgram' is present

2023-06-24 23:21:24 - [TEST_STEP][PASSED] - verifyElementPresent(findTestObject("Page_CURA Healthcare Service/history_page/historyLabelVerifVisitDate", ["textVisitDate":visitDate]), 0): Object 'Object Repository/Page_CURA Healthcare Service/history_page/historyLabelVerifVisitDate' is present

2023-06-24 23:21:24 - [MESSAGE][WARNING] - Timeout '0' is invalid. Using default page load timeout: '30'

2023-06-24 23:21:24 - [MESSAGE][PASSED] - Object 'Object Repository/Page_CURA Healthcare Service/history_page/historyLabelVerifVisitDate' is present

2023-06-24 23:21:24 - [TEST_STEP][PASSED] - verifyElementPresent(findTestObject("Page_CURA Healthcare Service/history_page/historyLabelVerifComment", ["textComment":comment]), 0): Object 'Object Repository/Page_CURA Healthcare Service/history_page/historyLabelVerifComment' is present

2023-06-24 23:21:24 - [MESSAGE][WARNING] - Timeout '0' is invalid. Using default page load timeout: '30'

2023-06-24 23:21:25 - [MESSAGE][PASSED] - Object 'Object Repository/Page_CURA Healthcare Service/history_page/historyLabelVerifComment' is present

2023-06-24 23:21:25 - [TEST_STEP][PASSED] - click(findTestObject("Page_CURA Healthcare Service/history_page/buttonGoToHomepage")): Object: 'Object Repository/Page_CURA Healthcare Service/history_page/buttonGoToHomepage' is clicked on

2023-06-24 23:21:25 - [MESSAGE][PASSED] - Object: 'Object Repository/Page_CURA Healthcare Service/history_page/buttonGoToHomepage' is clicked on

2023-06-24 23:21:25 - [TEST_STEP][PASSED] - waitForElementPresent(findTestObject("Page_CURA Healthcare Service/home_page/labelWeCareAboutYourHealth"), 0): Object 'Object Repository/Page_CURA Healthcare Service/home_page/labelWeCareAboutYourHealth' is present

2023-06-24 23:21:25 - [MESSAGE][WARNING] - Timeout '0' is invalid. Using default page load timeout: '30'

2023-06-24 23:21:26 - [MESSAGE][PASSED] - Object 'Object Repository/Page_CURA Healthcare Service/home_page/labelWeCareAboutYourHealth' is present

2023-06-24 23:21:26 - [TEST_STEP][PASSED] - verifyElementPresent(findTestObject("Page_CURA Healthcare Service/home_page/buttonMakeAppointment"), 0): Object 'Object Repository/Page_CURA Healthcare Service/home_page/buttonMakeAppointment' is present

2023-06-24 23:21:26 - [MESSAGE][WARNING] - Timeout '0' is invalid. Using default page load timeout: '30'

2023-06-24 23:21:26 - [MESSAGE][PASSED] - Object 'Object Repository/Page_CURA Healthcare Service/home_page/buttonMakeAppointment' is present

2023-06-24 23:21:26 - [TEST_STEP][PASSED] - Finally: Browser is closed

2023-06-24 23:21:26 - [TEST_STEP][PASSED] - closeBrowser(): Browser is closed

2023-06-24 23:21:26 - [MESSAGE][PASSED] - Browser is closed]]></system-out>
         <system-err><![CDATA[]]></system-err>
      </testcase>
      <testcase name="Test Cases/SC-Make-Appointment/TC03-make-appointment-success-combination-content" time="25.75" classname="Test Cases/SC-Make-Appointment/TC03-make-appointment-success-combination-content" status="PASSED">
         <system-out><![CDATA[2023-06-24 23:21:26 - [TEST_CASE][PASSED] - Test Cases/SC-Make-Appointment/TC03-make-appointment-success-combination-content: Test Cases/SC-Make-Appointment/TC03-make-appointment-success-combination-content

2023-06-24 23:21:26 - [TEST_STEP][PASSED] - try: Object 'Object Repository/Page_CURA Healthcare Service/home_page/buttonMakeAppointment' is present

2023-06-24 23:21:26 - [TEST_STEP][PASSED] - date = new java.util.Date() - 1: null

2023-06-24 23:21:26 - [TEST_STEP][PASSED] - visitDate = date.format("dd/MM/yyyy"): null

2023-06-24 23:21:26 - [TEST_STEP][PASSED] - callTestCase(findTestCase("step-login"), [:], STOP_ON_FAILURE): Call Test Case 'Test Cases/step-login' successfully

2023-06-24 23:21:26 - [TEST_CASE][PASSED] - Test Cases/step-login: Test Cases/step-login

2023-06-24 23:21:26 - [TEST_STEP][PASSED] - openBrowser(""): Browser is opened with url: ''

2023-06-24 23:21:26 - [MESSAGE][INFO] - Starting 'Chrome' driver

2023-06-24 23:21:26 - [MESSAGE][INFO] - Action delay is set to 0 milliseconds

2023-06-24 23:21:27 - [MESSAGE][PASSED] - Browser is opened with url: ''

2023-06-24 23:21:27 - [TEST_STEP][PASSED] - maximizeWindow(): Current window maximized

2023-06-24 23:21:28 - [MESSAGE][PASSED] - Current window maximized

2023-06-24 23:21:28 - [TEST_STEP][PASSED] - navigateToUrl(URL): Navigate to 'https://katalon-demo-cura.herokuapp.com/' successfully

2023-06-24 23:21:32 - [MESSAGE][PASSED] - Navigate to 'https://katalon-demo-cura.herokuapp.com/' successfully

2023-06-24 23:21:32 - [TEST_STEP][PASSED] - waitForElementPresent(findTestObject("Page_CURA Healthcare Service/home_page/labelCURAHealthcareService"), 0): Object 'Object Repository/Page_CURA Healthcare Service/home_page/labelCURAHealthcareService' is present

2023-06-24 23:21:32 - [MESSAGE][WARNING] - Timeout '0' is invalid. Using default page load timeout: '30'

2023-06-24 23:21:32 - [MESSAGE][PASSED] - Object 'Object Repository/Page_CURA Healthcare Service/home_page/labelCURAHealthcareService' is present

2023-06-24 23:21:32 - [TEST_STEP][PASSED] - waitForElementPresent(findTestObject("Page_CURA Healthcare Service/home_page/labelWeCareAboutYourHealth"), 0): Object 'Object Repository/Page_CURA Healthcare Service/home_page/labelWeCareAboutYourHealth' is present

2023-06-24 23:21:32 - [MESSAGE][WARNING] - Timeout '0' is invalid. Using default page load timeout: '30'

2023-06-24 23:21:32 - [MESSAGE][PASSED] - Object 'Object Repository/Page_CURA Healthcare Service/home_page/labelWeCareAboutYourHealth' is present

2023-06-24 23:21:32 - [TEST_STEP][PASSED] - click(findTestObject("Page_CURA Healthcare Service/home_page/buttonMenuToggle")): Object: 'Object Repository/Page_CURA Healthcare Service/home_page/buttonMenuToggle' is clicked on

2023-06-24 23:21:33 - [MESSAGE][PASSED] - Object: 'Object Repository/Page_CURA Healthcare Service/home_page/buttonMenuToggle' is clicked on

2023-06-24 23:21:33 - [TEST_STEP][PASSED] - click(findTestObject("Page_CURA Healthcare Service/home_page/hyperlinkLogin")): Object: 'Object Repository/Page_CURA Healthcare Service/home_page/hyperlinkLogin' is clicked on

2023-06-24 23:21:37 - [MESSAGE][PASSED] - Object: 'Object Repository/Page_CURA Healthcare Service/home_page/hyperlinkLogin' is clicked on

2023-06-24 23:21:37 - [TEST_STEP][PASSED] - waitForElementPresent(findTestObject("Page_CURA Healthcare Service/login_page/labelLogin"), 0): Object 'Object Repository/Page_CURA Healthcare Service/login_page/labelLogin' is present

2023-06-24 23:21:37 - [MESSAGE][WARNING] - Timeout '0' is invalid. Using default page load timeout: '30'

2023-06-24 23:21:37 - [MESSAGE][PASSED] - Object 'Object Repository/Page_CURA Healthcare Service/login_page/labelLogin' is present

2023-06-24 23:21:37 - [TEST_STEP][PASSED] - verifyElementPresent(findTestObject("Page_CURA Healthcare Service/login_page/labelPleaseLoginToMakeAppointment"), 0): Object 'Object Repository/Page_CURA Healthcare Service/login_page/labelPleaseLoginToMakeAppointment' is present

2023-06-24 23:21:37 - [MESSAGE][WARNING] - Timeout '0' is invalid. Using default page load timeout: '30'

2023-06-24 23:21:37 - [MESSAGE][PASSED] - Object 'Object Repository/Page_CURA Healthcare Service/login_page/labelPleaseLoginToMakeAppointment' is present

2023-06-24 23:21:37 - [TEST_STEP][PASSED] - verifyElementPresent(findTestObject("Page_CURA Healthcare Service/login_page/buttonLogin"), 0): Object 'Object Repository/Page_CURA Healthcare Service/login_page/buttonLogin' is present

2023-06-24 23:21:37 - [MESSAGE][WARNING] - Timeout '0' is invalid. Using default page load timeout: '30'

2023-06-24 23:21:38 - [MESSAGE][PASSED] - Object 'Object Repository/Page_CURA Healthcare Service/login_page/buttonLogin' is present

2023-06-24 23:21:38 - [TEST_STEP][PASSED] - setText(findTestObject("Object Repository/Page_CURA Healthcare Service/login_page/textfieldUsername"), username): Text 'John Doe' is set on object 'Object Repository/Page_CURA Healthcare Service/login_page/textfieldUsername'

2023-06-24 23:21:38 - [MESSAGE][PASSED] - Text 'John Doe' is set on object 'Object Repository/Page_CURA Healthcare Service/login_page/textfieldUsername'

2023-06-24 23:21:38 - [TEST_STEP][PASSED] - setEncryptedText(findTestObject("Object Repository/Page_CURA Healthcare Service/login_page/textfieldPassword"), password): Text ****** has been set on object 'Object Repository/Page_CURA Healthcare Service/login_page/textfieldPassword'

2023-06-24 23:21:39 - [MESSAGE][PASSED] - Text ****** has been set on object 'Object Repository/Page_CURA Healthcare Service/login_page/textfieldPassword'

2023-06-24 23:21:39 - [TEST_STEP][PASSED] - click(findTestObject("Object Repository/Page_CURA Healthcare Service/login_page/buttonLogin")): Object: 'Object Repository/Page_CURA Healthcare Service/login_page/buttonLogin' is clicked on

2023-06-24 23:21:40 - [MESSAGE][PASSED] - Object: 'Object Repository/Page_CURA Healthcare Service/login_page/buttonLogin' is clicked on

2023-06-24 23:21:40 - [TEST_STEP][PASSED] - verifyElementText(findTestObject("Object Repository/Page_CURA Healthcare Service/make_appointment_page/labelMakeAppointment"), "Make Appointment"): Actual text and expected text of test object 'Object Repository/Page_CURA Healthcare Service/make_appointment_page/labelMakeAppointment' are matched.

2023-06-24 23:21:40 - [MESSAGE][PASSED] - Actual text and expected text of test object 'Object Repository/Page_CURA Healthcare Service/make_appointment_page/labelMakeAppointment' are matched.

2023-06-24 23:21:40 - [MESSAGE][PASSED] - Call Test Case 'Test Cases/step-login' successfully

2023-06-24 23:21:40 - [TEST_STEP][PASSED] - verifyElementPresent(findTestObject("Object Repository/Page_CURA Healthcare Service/make_appointment_page/labelMakeAppointment"), 0): Object 'Object Repository/Page_CURA Healthcare Service/make_appointment_page/labelMakeAppointment' is present

2023-06-24 23:21:40 - [MESSAGE][WARNING] - Timeout '0' is invalid. Using default page load timeout: '30'

2023-06-24 23:21:41 - [MESSAGE][PASSED] - Object 'Object Repository/Page_CURA Healthcare Service/make_appointment_page/labelMakeAppointment' is present

2023-06-24 23:21:41 - [TEST_STEP][PASSED] - selectOptionByValue(findTestObject("Object Repository/Page_CURA Healthcare Service/make_appointment_page/dropdownHealthcareCenter"), facility, true): All options with value 'Seoul CURA Healthcare Center' are selected in object 'Object Repository/Page_CURA Healthcare Service/make_appointment_page/dropdownHealthcareCenter'  using regular expression

2023-06-24 23:21:41 - [MESSAGE][PASSED] - All options with value 'Seoul CURA Healthcare Center' are selected in object 'Object Repository/Page_CURA Healthcare Service/make_appointment_page/dropdownHealthcareCenter'  using regular expression

2023-06-24 23:21:41 - [TEST_STEP][PASSED] - switch (hospitalReadmisson): null

2023-06-24 23:21:41 - [TEST_STEP][PASSED] - case "Yes":: null

2023-06-24 23:21:41 - [TEST_STEP][PASSED] - click(findTestObject("Object Repository/Page_CURA Healthcare Service/make_appointment_page/checkboxApplyForHospitalReadmission")): Object: 'Object Repository/Page_CURA Healthcare Service/make_appointment_page/checkboxApplyForHospitalReadmission' is clicked on

2023-06-24 23:21:42 - [MESSAGE][PASSED] - Object: 'Object Repository/Page_CURA Healthcare Service/make_appointment_page/checkboxApplyForHospitalReadmission' is clicked on

2023-06-24 23:21:42 - [TEST_STEP][PASSED] - break: null

2023-06-24 23:21:42 - [TEST_STEP][PASSED] - switch (program): null

2023-06-24 23:21:42 - [TEST_STEP][PASSED] - case "none":: null

2023-06-24 23:21:42 - [TEST_STEP][PASSED] - healthCareProgram = "None": null

2023-06-24 23:21:42 - [TEST_STEP][PASSED] - healthCareIndex = 3: null

2023-06-24 23:21:42 - [TEST_STEP][PASSED] - break: null

2023-06-24 23:21:42 - [TEST_STEP][PASSED] - click(findTestObject("Page_CURA Healthcare Service/make_appointment_page/radiobuttonPrograms", ["textProgram":program, "index":healthCareIndex])): Object: 'Object Repository/Page_CURA Healthcare Service/make_appointment_page/radiobuttonPrograms' is clicked on

2023-06-24 23:21:42 - [MESSAGE][PASSED] - Object: 'Object Repository/Page_CURA Healthcare Service/make_appointment_page/radiobuttonPrograms' is clicked on

2023-06-24 23:21:42 - [TEST_STEP][PASSED] - setText(findTestObject("Object Repository/Page_CURA Healthcare Service/make_appointment_page/textfieldVisitDate"), visitDate): Text '23/06/2023' is set on object 'Object Repository/Page_CURA Healthcare Service/make_appointment_page/textfieldVisitDate'

2023-06-24 23:21:43 - [MESSAGE][PASSED] - Text '23/06/2023' is set on object 'Object Repository/Page_CURA Healthcare Service/make_appointment_page/textfieldVisitDate'

2023-06-24 23:21:43 - [TEST_STEP][PASSED] - setText(findTestObject("Object Repository/Page_CURA Healthcare Service/make_appointment_page/textfieldComment"), comment): Text 'appointment by Mita' is set on object 'Object Repository/Page_CURA Healthcare Service/make_appointment_page/textfieldComment'

2023-06-24 23:21:43 - [MESSAGE][PASSED] - Text 'appointment by Mita' is set on object 'Object Repository/Page_CURA Healthcare Service/make_appointment_page/textfieldComment'

2023-06-24 23:21:43 - [TEST_STEP][PASSED] - click(findTestObject("Object Repository/Page_CURA Healthcare Service/make_appointment_page/buttonBookAppointment")): Object: 'Object Repository/Page_CURA Healthcare Service/make_appointment_page/buttonBookAppointment' is clicked on

2023-06-24 23:21:44 - [MESSAGE][PASSED] - Object: 'Object Repository/Page_CURA Healthcare Service/make_appointment_page/buttonBookAppointment' is clicked on

2023-06-24 23:21:44 - [TEST_STEP][PASSED] - waitForElementPresent(findTestObject("Object Repository/Page_CURA Healthcare Service/appointment_confirmation_page/labelAppointmentConfirmation"), 0): Object 'Object Repository/Page_CURA Healthcare Service/appointment_confirmation_page/labelAppointmentConfirmation' is present

2023-06-24 23:21:44 - [MESSAGE][WARNING] - Timeout '0' is invalid. Using default page load timeout: '30'

2023-06-24 23:21:44 - [MESSAGE][PASSED] - Object 'Object Repository/Page_CURA Healthcare Service/appointment_confirmation_page/labelAppointmentConfirmation' is present

2023-06-24 23:21:44 - [TEST_STEP][PASSED] - verifyElementPresent(findTestObject("Object Repository/Page_CURA Healthcare Service/appointment_confirmation_page/labelPleaseBeInformedThatYourAppointment"), 0): Object 'Object Repository/Page_CURA Healthcare Service/appointment_confirmation_page/labelPleaseBeInformedThatYourAppointment' is present

2023-06-24 23:21:44 - [MESSAGE][WARNING] - Timeout '0' is invalid. Using default page load timeout: '30'

2023-06-24 23:21:45 - [MESSAGE][PASSED] - Object 'Object Repository/Page_CURA Healthcare Service/appointment_confirmation_page/labelPleaseBeInformedThatYourAppointment' is present

2023-06-24 23:21:45 - [TEST_STEP][PASSED] - verifyElementPresent(findTestObject("Page_CURA Healthcare Service/appointment_confirmation_page/confirmationLabelVerifFacility", ["textFacility":facility]), 0): Object 'Object Repository/Page_CURA Healthcare Service/appointment_confirmation_page/confirmationLabelVerifFacility' is present

2023-06-24 23:21:45 - [MESSAGE][WARNING] - Timeout '0' is invalid. Using default page load timeout: '30'

2023-06-24 23:21:45 - [MESSAGE][PASSED] - Object 'Object Repository/Page_CURA Healthcare Service/appointment_confirmation_page/confirmationLabelVerifFacility' is present

2023-06-24 23:21:45 - [TEST_STEP][PASSED] - verifyElementPresent(findTestObject("Page_CURA Healthcare Service/appointment_confirmation_page/confirmationLabelVerifHospitalReadmission", ["textHospitalReadmission":hospitalReadmisson]), 0): Object 'Object Repository/Page_CURA Healthcare Service/appointment_confirmation_page/confirmationLabelVerifHospitalReadmission' is present

2023-06-24 23:21:45 - [MESSAGE][WARNING] - Timeout '0' is invalid. Using default page load timeout: '30'

2023-06-24 23:21:45 - [MESSAGE][PASSED] - Object 'Object Repository/Page_CURA Healthcare Service/appointment_confirmation_page/confirmationLabelVerifHospitalReadmission' is present

2023-06-24 23:21:45 - [TEST_STEP][PASSED] - verifyElementPresent(findTestObject("Page_CURA Healthcare Service/appointment_confirmation_page/confirmationLabelVerifProgram", ["textHealthCareProgram":healthCareProgram]), 0): Object 'Object Repository/Page_CURA Healthcare Service/appointment_confirmation_page/confirmationLabelVerifProgram' is present

2023-06-24 23:21:45 - [MESSAGE][WARNING] - Timeout '0' is invalid. Using default page load timeout: '30'

2023-06-24 23:21:45 - [MESSAGE][PASSED] - Object 'Object Repository/Page_CURA Healthcare Service/appointment_confirmation_page/confirmationLabelVerifProgram' is present

2023-06-24 23:21:45 - [TEST_STEP][PASSED] - verifyElementPresent(findTestObject("Page_CURA Healthcare Service/appointment_confirmation_page/confirmationLabelVerifVisitDate", ["textVisitDate":visitDate]), 0): Object 'Object Repository/Page_CURA Healthcare Service/appointment_confirmation_page/confirmationLabelVerifVisitDate' is present

2023-06-24 23:21:45 - [MESSAGE][WARNING] - Timeout '0' is invalid. Using default page load timeout: '30'

2023-06-24 23:21:46 - [MESSAGE][PASSED] - Object 'Object Repository/Page_CURA Healthcare Service/appointment_confirmation_page/confirmationLabelVerifVisitDate' is present

2023-06-24 23:21:46 - [TEST_STEP][PASSED] - verifyElementPresent(findTestObject("Page_CURA Healthcare Service/appointment_confirmation_page/confirmationLabelVerifComment", ["textComment":comment]), 0): Object 'Object Repository/Page_CURA Healthcare Service/appointment_confirmation_page/confirmationLabelVerifComment' is present

2023-06-24 23:21:46 - [MESSAGE][WARNING] - Timeout '0' is invalid. Using default page load timeout: '30'

2023-06-24 23:21:46 - [MESSAGE][PASSED] - Object 'Object Repository/Page_CURA Healthcare Service/appointment_confirmation_page/confirmationLabelVerifComment' is present

2023-06-24 23:21:46 - [TEST_STEP][PASSED] - click(findTestObject("Object Repository/Page_CURA Healthcare Service/appointment_confirmation_page/hyperlinkGoToHomepage")): Object: 'Object Repository/Page_CURA Healthcare Service/appointment_confirmation_page/hyperlinkGoToHomepage' is clicked on

2023-06-24 23:21:47 - [MESSAGE][PASSED] - Object: 'Object Repository/Page_CURA Healthcare Service/appointment_confirmation_page/hyperlinkGoToHomepage' is clicked on

2023-06-24 23:21:47 - [TEST_STEP][PASSED] - waitForElementPresent(findTestObject("Page_CURA Healthcare Service/home_page/labelWeCareAboutYourHealth"), 0): Object 'Object Repository/Page_CURA Healthcare Service/home_page/labelWeCareAboutYourHealth' is present

2023-06-24 23:21:47 - [MESSAGE][WARNING] - Timeout '0' is invalid. Using default page load timeout: '30'

2023-06-24 23:21:47 - [MESSAGE][PASSED] - Object 'Object Repository/Page_CURA Healthcare Service/home_page/labelWeCareAboutYourHealth' is present

2023-06-24 23:21:47 - [TEST_STEP][PASSED] - verifyElementPresent(findTestObject("Page_CURA Healthcare Service/home_page/buttonMakeAppointment"), 0): Object 'Object Repository/Page_CURA Healthcare Service/home_page/buttonMakeAppointment' is present

2023-06-24 23:21:47 - [MESSAGE][WARNING] - Timeout '0' is invalid. Using default page load timeout: '30'

2023-06-24 23:21:47 - [MESSAGE][PASSED] - Object 'Object Repository/Page_CURA Healthcare Service/home_page/buttonMakeAppointment' is present

2023-06-24 23:21:47 - [TEST_STEP][PASSED] - click(findTestObject("Page_CURA Healthcare Service/home_page/buttonMenuToggle")): Object: 'Object Repository/Page_CURA Healthcare Service/home_page/buttonMenuToggle' is clicked on

2023-06-24 23:21:48 - [MESSAGE][PASSED] - Object: 'Object Repository/Page_CURA Healthcare Service/home_page/buttonMenuToggle' is clicked on

2023-06-24 23:21:48 - [TEST_STEP][PASSED] - click(findTestObject("Page_CURA Healthcare Service/home_page/hyperlinkHistory")): Object: 'Object Repository/Page_CURA Healthcare Service/home_page/hyperlinkHistory' is clicked on

2023-06-24 23:21:49 - [MESSAGE][PASSED] - Object: 'Object Repository/Page_CURA Healthcare Service/home_page/hyperlinkHistory' is clicked on

2023-06-24 23:21:49 - [TEST_STEP][PASSED] - waitForElementPresent(findTestObject("Page_CURA Healthcare Service/history_page/labelHistory"), 0): Object 'Object Repository/Page_CURA Healthcare Service/history_page/labelHistory' is present

2023-06-24 23:21:49 - [MESSAGE][WARNING] - Timeout '0' is invalid. Using default page load timeout: '30'

2023-06-24 23:21:49 - [MESSAGE][PASSED] - Object 'Object Repository/Page_CURA Healthcare Service/history_page/labelHistory' is present

2023-06-24 23:21:49 - [TEST_STEP][PASSED] - verifyElementPresent(findTestObject("Page_CURA Healthcare Service/history_page/historyLabelVerifFacility", ["textFacility":facility]), 0): Object 'Object Repository/Page_CURA Healthcare Service/history_page/historyLabelVerifFacility' is present

2023-06-24 23:21:49 - [MESSAGE][WARNING] - Timeout '0' is invalid. Using default page load timeout: '30'

2023-06-24 23:21:49 - [MESSAGE][PASSED] - Object 'Object Repository/Page_CURA Healthcare Service/history_page/historyLabelVerifFacility' is present

2023-06-24 23:21:49 - [TEST_STEP][PASSED] - verifyElementPresent(findTestObject("Page_CURA Healthcare Service/history_page/historyLabelVerifHospitalReadmission", ["textHospitalReadmission":hospitalReadmisson]), 0): Object 'Object Repository/Page_CURA Healthcare Service/history_page/historyLabelVerifHospitalReadmission' is present

2023-06-24 23:21:49 - [MESSAGE][WARNING] - Timeout '0' is invalid. Using default page load timeout: '30'

2023-06-24 23:21:49 - [MESSAGE][PASSED] - Object 'Object Repository/Page_CURA Healthcare Service/history_page/historyLabelVerifHospitalReadmission' is present

2023-06-24 23:21:49 - [TEST_STEP][PASSED] - verifyElementPresent(findTestObject("Page_CURA Healthcare Service/history_page/historyLabelVerifProgram", ["textProgram":healthCareProgram]), 0): Object 'Object Repository/Page_CURA Healthcare Service/history_page/historyLabelVerifProgram' is present

2023-06-24 23:21:50 - [MESSAGE][WARNING] - Timeout '0' is invalid. Using default page load timeout: '30'

2023-06-24 23:21:50 - [MESSAGE][PASSED] - Object 'Object Repository/Page_CURA Healthcare Service/history_page/historyLabelVerifProgram' is present

2023-06-24 23:21:50 - [TEST_STEP][PASSED] - verifyElementPresent(findTestObject("Page_CURA Healthcare Service/history_page/historyLabelVerifVisitDate", ["textVisitDate":visitDate]), 0): Object 'Object Repository/Page_CURA Healthcare Service/history_page/historyLabelVerifVisitDate' is present

2023-06-24 23:21:50 - [MESSAGE][WARNING] - Timeout '0' is invalid. Using default page load timeout: '30'

2023-06-24 23:21:50 - [MESSAGE][PASSED] - Object 'Object Repository/Page_CURA Healthcare Service/history_page/historyLabelVerifVisitDate' is present

2023-06-24 23:21:50 - [TEST_STEP][PASSED] - verifyElementPresent(findTestObject("Page_CURA Healthcare Service/history_page/historyLabelVerifComment", ["textComment":comment]), 0): Object 'Object Repository/Page_CURA Healthcare Service/history_page/historyLabelVerifComment' is present

2023-06-24 23:21:50 - [MESSAGE][WARNING] - Timeout '0' is invalid. Using default page load timeout: '30'

2023-06-24 23:21:50 - [MESSAGE][PASSED] - Object 'Object Repository/Page_CURA Healthcare Service/history_page/historyLabelVerifComment' is present

2023-06-24 23:21:50 - [TEST_STEP][PASSED] - click(findTestObject("Page_CURA Healthcare Service/history_page/buttonGoToHomepage")): Object: 'Object Repository/Page_CURA Healthcare Service/history_page/buttonGoToHomepage' is clicked on

2023-06-24 23:21:51 - [MESSAGE][PASSED] - Object: 'Object Repository/Page_CURA Healthcare Service/history_page/buttonGoToHomepage' is clicked on

2023-06-24 23:21:51 - [TEST_STEP][PASSED] - waitForElementPresent(findTestObject("Page_CURA Healthcare Service/home_page/labelWeCareAboutYourHealth"), 0): Object 'Object Repository/Page_CURA Healthcare Service/home_page/labelWeCareAboutYourHealth' is present

2023-06-24 23:21:51 - [MESSAGE][WARNING] - Timeout '0' is invalid. Using default page load timeout: '30'

2023-06-24 23:21:51 - [MESSAGE][PASSED] - Object 'Object Repository/Page_CURA Healthcare Service/home_page/labelWeCareAboutYourHealth' is present

2023-06-24 23:21:51 - [TEST_STEP][PASSED] - verifyElementPresent(findTestObject("Page_CURA Healthcare Service/home_page/buttonMakeAppointment"), 0): Object 'Object Repository/Page_CURA Healthcare Service/home_page/buttonMakeAppointment' is present

2023-06-24 23:21:51 - [MESSAGE][WARNING] - Timeout '0' is invalid. Using default page load timeout: '30'

2023-06-24 23:21:52 - [MESSAGE][PASSED] - Object 'Object Repository/Page_CURA Healthcare Service/home_page/buttonMakeAppointment' is present

2023-06-24 23:21:52 - [TEST_STEP][PASSED] - Finally: Browser is closed

2023-06-24 23:21:52 - [TEST_STEP][PASSED] - closeBrowser(): Browser is closed

2023-06-24 23:21:52 - [MESSAGE][PASSED] - Browser is closed]]></system-out>
         <system-err><![CDATA[]]></system-err>
      </testcase>
      <system-out><![CDATA[2023-06-24 23:20:14 - [TEST_SUITE][PASSED] - TS-Make-Appointment: Test Cases/SC-Make-Appointment/TC03-make-appointment-success-combination-content]]></system-out>
      <system-err><![CDATA[]]></system-err>
   </testsuite>
</testsuites>
