<?xml version="1.0" encoding="UTF-8"?>
<testsuites name="TS-Login-Logout" time="181.11" tests="3" failures="0" errors="0">
   <testsuite name="TS-Login-Logout" tests="3" failures="0" errors="0" time="181.11" skipped="0" timestamp="2023-06-24 23:13:00" hostname="mitapitriaheni - 192.168.1.104" id="Test Suites/TS-Login-Logout">
      <properties>
         <property name="deviceName" value=""/>
         <property name="devicePlatform" value=""/>
         <property name="logFolder" value="/Users/mitapitriaheni/git/test-msbu/Reports/20230624_231251/TS-Login-Logout/20230624_231251"/>
         <property name="logFiles" value="/Users/mitapitriaheni/git/test-msbu/Reports/20230624_231251/TS-Login-Logout/20230624_231251/execution0.log"/>
         <property name="attachments" value=""/>
         <property name="hostName" value="mitapitriaheni - 192.168.1.104"/>
         <property name="os" value="Mac OS X 64bit"/>
         <property name="katalonVersion" value="8.6.5.208"/>
         <property name="browser" value="Chrome 114.0.0.0"/>
         <property name="hostAddress" value="192.168.1.104"/>
         <property name="sessionId" value="f298feb4b5fc1a8df1db247967ccdf65"/>
         <property name="seleniumVersion" value="3.141.59"/>
         <property name="proxyInformation" value="ProxyInformation { proxyOption=NO_PROXY, proxyServerType=HTTP, username=, password=********, proxyServerAddress=, proxyServerPort=0, executionList=&quot;&quot;, isApplyToDesiredCapabilities=true }"/>
         <property name="platform" value="Mac OS X"/>
      </properties>
      <testcase name="Test Cases/SC-Login-Logout/TC01-login-success" time="12.409" classname="Test Cases/SC-Login-Logout/TC01-login-success" status="PASSED">
         <system-out><![CDATA[2023-06-24 23:13:00 - [TEST_CASE][PASSED] - Test Cases/SC-Login-Logout/TC01-login-success: Test Cases/SC-Login-Logout/TC01-login-success

2023-06-24 23:13:01 - [TEST_STEP][PASSED] - try: Object 'Object Repository/Page_CURA Healthcare Service/make_appointment_page/labelMakeAppointment' is present

2023-06-24 23:13:01 - [TEST_STEP][PASSED] - callTestCase(findTestCase("step-login"), [:], STOP_ON_FAILURE): Call Test Case 'Test Cases/step-login' successfully

2023-06-24 23:13:01 - [TEST_CASE][PASSED] - Test Cases/step-login: Test Cases/step-login

2023-06-24 23:13:01 - [TEST_STEP][PASSED] - openBrowser(""): Browser is opened with url: ''

2023-06-24 23:13:01 - [MESSAGE][INFO] - Starting 'Chrome' driver

2023-06-24 23:13:01 - [MESSAGE][INFO] - Action delay is set to 0 milliseconds

2023-06-24 23:13:03 - [MESSAGE][PASSED] - Browser is opened with url: ''

2023-06-24 23:13:03 - [TEST_STEP][PASSED] - navigateToUrl(URL): Navigate to 'https://katalon-demo-cura.herokuapp.com/' successfully

2023-06-24 23:13:07 - [MESSAGE][PASSED] - Navigate to 'https://katalon-demo-cura.herokuapp.com/' successfully

2023-06-24 23:13:07 - [TEST_STEP][PASSED] - waitForElementPresent(findTestObject("Page_CURA Healthcare Service/home_page/labelCURAHealthcareService"), 0): Object 'Object Repository/Page_CURA Healthcare Service/home_page/labelCURAHealthcareService' is present

2023-06-24 23:13:07 - [MESSAGE][WARNING] - Timeout '0' is invalid. Using default page load timeout: '30'

2023-06-24 23:13:07 - [MESSAGE][PASSED] - Object 'Object Repository/Page_CURA Healthcare Service/home_page/labelCURAHealthcareService' is present

2023-06-24 23:13:07 - [TEST_STEP][PASSED] - waitForElementPresent(findTestObject("Page_CURA Healthcare Service/home_page/labelWeCareAboutYourHealth"), 0): Object 'Object Repository/Page_CURA Healthcare Service/home_page/labelWeCareAboutYourHealth' is present

2023-06-24 23:13:07 - [MESSAGE][WARNING] - Timeout '0' is invalid. Using default page load timeout: '30'

2023-06-24 23:13:08 - [MESSAGE][PASSED] - Object 'Object Repository/Page_CURA Healthcare Service/home_page/labelWeCareAboutYourHealth' is present

2023-06-24 23:13:08 - [TEST_STEP][PASSED] - click(findTestObject("Page_CURA Healthcare Service/home_page/buttonMenuToggle")): Object: 'Object Repository/Page_CURA Healthcare Service/home_page/buttonMenuToggle' is clicked on

2023-06-24 23:13:08 - [MESSAGE][PASSED] - Object: 'Object Repository/Page_CURA Healthcare Service/home_page/buttonMenuToggle' is clicked on

2023-06-24 23:13:08 - [TEST_STEP][PASSED] - click(findTestObject("Page_CURA Healthcare Service/home_page/hyperlinkLogin")): Object: 'Object Repository/Page_CURA Healthcare Service/home_page/hyperlinkLogin' is clicked on

2023-06-24 23:13:09 - [MESSAGE][PASSED] - Object: 'Object Repository/Page_CURA Healthcare Service/home_page/hyperlinkLogin' is clicked on

2023-06-24 23:13:09 - [TEST_STEP][PASSED] - waitForElementPresent(findTestObject("Page_CURA Healthcare Service/login_page/labelLogin"), 0): Object 'Object Repository/Page_CURA Healthcare Service/login_page/labelLogin' is present

2023-06-24 23:13:09 - [MESSAGE][WARNING] - Timeout '0' is invalid. Using default page load timeout: '30'

2023-06-24 23:13:09 - [MESSAGE][PASSED] - Object 'Object Repository/Page_CURA Healthcare Service/login_page/labelLogin' is present

2023-06-24 23:13:09 - [TEST_STEP][PASSED] - verifyElementPresent(findTestObject("Page_CURA Healthcare Service/login_page/labelPleaseLoginToMakeAppointment"), 0): Object 'Object Repository/Page_CURA Healthcare Service/login_page/labelPleaseLoginToMakeAppointment' is present

2023-06-24 23:13:09 - [MESSAGE][WARNING] - Timeout '0' is invalid. Using default page load timeout: '30'

2023-06-24 23:13:10 - [MESSAGE][PASSED] - Object 'Object Repository/Page_CURA Healthcare Service/login_page/labelPleaseLoginToMakeAppointment' is present

2023-06-24 23:13:10 - [TEST_STEP][PASSED] - verifyElementPresent(findTestObject("Page_CURA Healthcare Service/login_page/buttonLogin"), 0): Object 'Object Repository/Page_CURA Healthcare Service/login_page/buttonLogin' is present

2023-06-24 23:13:10 - [MESSAGE][WARNING] - Timeout '0' is invalid. Using default page load timeout: '30'

2023-06-24 23:13:10 - [MESSAGE][PASSED] - Object 'Object Repository/Page_CURA Healthcare Service/login_page/buttonLogin' is present

2023-06-24 23:13:10 - [TEST_STEP][PASSED] - setText(findTestObject("Object Repository/Page_CURA Healthcare Service/login_page/textfieldUsername"), username): Text 'John Doe' is set on object 'Object Repository/Page_CURA Healthcare Service/login_page/textfieldUsername'

2023-06-24 23:13:11 - [MESSAGE][PASSED] - Text 'John Doe' is set on object 'Object Repository/Page_CURA Healthcare Service/login_page/textfieldUsername'

2023-06-24 23:13:11 - [TEST_STEP][PASSED] - setEncryptedText(findTestObject("Object Repository/Page_CURA Healthcare Service/login_page/textfieldPassword"), password): Text ****** has been set on object 'Object Repository/Page_CURA Healthcare Service/login_page/textfieldPassword'

2023-06-24 23:13:11 - [MESSAGE][PASSED] - Text ****** has been set on object 'Object Repository/Page_CURA Healthcare Service/login_page/textfieldPassword'

2023-06-24 23:13:11 - [TEST_STEP][PASSED] - click(findTestObject("Object Repository/Page_CURA Healthcare Service/login_page/buttonLogin")): Object: 'Object Repository/Page_CURA Healthcare Service/login_page/buttonLogin' is clicked on

2023-06-24 23:13:12 - [MESSAGE][PASSED] - Object: 'Object Repository/Page_CURA Healthcare Service/login_page/buttonLogin' is clicked on

2023-06-24 23:13:12 - [TEST_STEP][PASSED] - verifyElementText(findTestObject("Object Repository/Page_CURA Healthcare Service/make_appointment_page/labelMakeAppointment"), "Make Appointment"): Actual text and expected text of test object 'Object Repository/Page_CURA Healthcare Service/make_appointment_page/labelMakeAppointment' are matched.

2023-06-24 23:13:12 - [MESSAGE][PASSED] - Actual text and expected text of test object 'Object Repository/Page_CURA Healthcare Service/make_appointment_page/labelMakeAppointment' are matched.

2023-06-24 23:13:12 - [MESSAGE][PASSED] - Call Test Case 'Test Cases/step-login' successfully

2023-06-24 23:13:12 - [TEST_STEP][PASSED] - waitForElementPresent(findTestObject("Object Repository/Page_CURA Healthcare Service/make_appointment_page/labelMakeAppointment"), 0): Object 'Object Repository/Page_CURA Healthcare Service/make_appointment_page/labelMakeAppointment' is present

2023-06-24 23:13:12 - [MESSAGE][WARNING] - Timeout '0' is invalid. Using default page load timeout: '30'

2023-06-24 23:13:13 - [MESSAGE][PASSED] - Object 'Object Repository/Page_CURA Healthcare Service/make_appointment_page/labelMakeAppointment' is present

2023-06-24 23:13:13 - [TEST_STEP][PASSED] - Finally: Browser is closed

2023-06-24 23:13:13 - [TEST_STEP][PASSED] - closeBrowser(): Browser is closed

2023-06-24 23:13:13 - [MESSAGE][PASSED] - Browser is closed]]></system-out>
         <system-err><![CDATA[]]></system-err>
      </testcase>
      <testcase name="Test Cases/SC-Login-Logout/TC02-logout-success" time="13.65" classname="Test Cases/SC-Login-Logout/TC02-logout-success" status="PASSED">
         <system-out><![CDATA[2023-06-24 23:13:13 - [TEST_CASE][PASSED] - Test Cases/SC-Login-Logout/TC02-logout-success: Test Cases/SC-Login-Logout/TC02-logout-success

2023-06-24 23:13:13 - [TEST_STEP][PASSED] - try: Object 'Object Repository/Page_CURA Healthcare Service/home_page/hyperlinkLogin' is present

2023-06-24 23:13:13 - [TEST_STEP][PASSED] - callTestCase(findTestCase("step-login"), [:], STOP_ON_FAILURE): Call Test Case 'Test Cases/step-login' successfully

2023-06-24 23:13:13 - [TEST_CASE][PASSED] - Test Cases/step-login: Test Cases/step-login

2023-06-24 23:13:13 - [TEST_STEP][PASSED] - openBrowser(""): Browser is opened with url: ''

2023-06-24 23:13:13 - [MESSAGE][INFO] - Starting 'Chrome' driver

2023-06-24 23:13:13 - [MESSAGE][INFO] - Action delay is set to 0 milliseconds

2023-06-24 23:13:14 - [MESSAGE][PASSED] - Browser is opened with url: ''

2023-06-24 23:13:14 - [TEST_STEP][PASSED] - navigateToUrl(URL): Navigate to 'https://katalon-demo-cura.herokuapp.com/' successfully

2023-06-24 23:13:18 - [MESSAGE][PASSED] - Navigate to 'https://katalon-demo-cura.herokuapp.com/' successfully

2023-06-24 23:13:18 - [TEST_STEP][PASSED] - waitForElementPresent(findTestObject("Page_CURA Healthcare Service/home_page/labelCURAHealthcareService"), 0): Object 'Object Repository/Page_CURA Healthcare Service/home_page/labelCURAHealthcareService' is present

2023-06-24 23:13:18 - [MESSAGE][WARNING] - Timeout '0' is invalid. Using default page load timeout: '30'

2023-06-24 23:13:18 - [MESSAGE][PASSED] - Object 'Object Repository/Page_CURA Healthcare Service/home_page/labelCURAHealthcareService' is present

2023-06-24 23:13:18 - [TEST_STEP][PASSED] - waitForElementPresent(findTestObject("Page_CURA Healthcare Service/home_page/labelWeCareAboutYourHealth"), 0): Object 'Object Repository/Page_CURA Healthcare Service/home_page/labelWeCareAboutYourHealth' is present

2023-06-24 23:13:18 - [MESSAGE][WARNING] - Timeout '0' is invalid. Using default page load timeout: '30'

2023-06-24 23:13:19 - [MESSAGE][PASSED] - Object 'Object Repository/Page_CURA Healthcare Service/home_page/labelWeCareAboutYourHealth' is present

2023-06-24 23:13:19 - [TEST_STEP][PASSED] - click(findTestObject("Page_CURA Healthcare Service/home_page/buttonMenuToggle")): Object: 'Object Repository/Page_CURA Healthcare Service/home_page/buttonMenuToggle' is clicked on

2023-06-24 23:13:19 - [MESSAGE][PASSED] - Object: 'Object Repository/Page_CURA Healthcare Service/home_page/buttonMenuToggle' is clicked on

2023-06-24 23:13:19 - [TEST_STEP][PASSED] - click(findTestObject("Page_CURA Healthcare Service/home_page/hyperlinkLogin")): Object: 'Object Repository/Page_CURA Healthcare Service/home_page/hyperlinkLogin' is clicked on

2023-06-24 23:13:20 - [MESSAGE][PASSED] - Object: 'Object Repository/Page_CURA Healthcare Service/home_page/hyperlinkLogin' is clicked on

2023-06-24 23:13:20 - [TEST_STEP][PASSED] - waitForElementPresent(findTestObject("Page_CURA Healthcare Service/login_page/labelLogin"), 0): Object 'Object Repository/Page_CURA Healthcare Service/login_page/labelLogin' is present

2023-06-24 23:13:20 - [MESSAGE][WARNING] - Timeout '0' is invalid. Using default page load timeout: '30'

2023-06-24 23:13:20 - [MESSAGE][PASSED] - Object 'Object Repository/Page_CURA Healthcare Service/login_page/labelLogin' is present

2023-06-24 23:13:20 - [TEST_STEP][PASSED] - verifyElementPresent(findTestObject("Page_CURA Healthcare Service/login_page/labelPleaseLoginToMakeAppointment"), 0): Object 'Object Repository/Page_CURA Healthcare Service/login_page/labelPleaseLoginToMakeAppointment' is present

2023-06-24 23:13:20 - [MESSAGE][WARNING] - Timeout '0' is invalid. Using default page load timeout: '30'

2023-06-24 23:13:21 - [MESSAGE][PASSED] - Object 'Object Repository/Page_CURA Healthcare Service/login_page/labelPleaseLoginToMakeAppointment' is present

2023-06-24 23:13:21 - [TEST_STEP][PASSED] - verifyElementPresent(findTestObject("Page_CURA Healthcare Service/login_page/buttonLogin"), 0): Object 'Object Repository/Page_CURA Healthcare Service/login_page/buttonLogin' is present

2023-06-24 23:13:21 - [MESSAGE][WARNING] - Timeout '0' is invalid. Using default page load timeout: '30'

2023-06-24 23:13:21 - [MESSAGE][PASSED] - Object 'Object Repository/Page_CURA Healthcare Service/login_page/buttonLogin' is present

2023-06-24 23:13:21 - [TEST_STEP][PASSED] - setText(findTestObject("Object Repository/Page_CURA Healthcare Service/login_page/textfieldUsername"), username): Text 'John Doe' is set on object 'Object Repository/Page_CURA Healthcare Service/login_page/textfieldUsername'

2023-06-24 23:13:22 - [MESSAGE][PASSED] - Text 'John Doe' is set on object 'Object Repository/Page_CURA Healthcare Service/login_page/textfieldUsername'

2023-06-24 23:13:22 - [TEST_STEP][PASSED] - setEncryptedText(findTestObject("Object Repository/Page_CURA Healthcare Service/login_page/textfieldPassword"), password): Text ****** has been set on object 'Object Repository/Page_CURA Healthcare Service/login_page/textfieldPassword'

2023-06-24 23:13:22 - [MESSAGE][PASSED] - Text ****** has been set on object 'Object Repository/Page_CURA Healthcare Service/login_page/textfieldPassword'

2023-06-24 23:13:22 - [TEST_STEP][PASSED] - click(findTestObject("Object Repository/Page_CURA Healthcare Service/login_page/buttonLogin")): Object: 'Object Repository/Page_CURA Healthcare Service/login_page/buttonLogin' is clicked on

2023-06-24 23:13:23 - [MESSAGE][PASSED] - Object: 'Object Repository/Page_CURA Healthcare Service/login_page/buttonLogin' is clicked on

2023-06-24 23:13:23 - [TEST_STEP][PASSED] - verifyElementText(findTestObject("Object Repository/Page_CURA Healthcare Service/make_appointment_page/labelMakeAppointment"), "Make Appointment"): Actual text and expected text of test object 'Object Repository/Page_CURA Healthcare Service/make_appointment_page/labelMakeAppointment' are matched.

2023-06-24 23:13:24 - [MESSAGE][PASSED] - Actual text and expected text of test object 'Object Repository/Page_CURA Healthcare Service/make_appointment_page/labelMakeAppointment' are matched.

2023-06-24 23:13:24 - [MESSAGE][PASSED] - Call Test Case 'Test Cases/step-login' successfully

2023-06-24 23:13:24 - [TEST_STEP][PASSED] - verifyElementText(findTestObject("Object Repository/Page_CURA Healthcare Service/make_appointment_page/labelMakeAppointment"), "Make Appointment"): Actual text and expected text of test object 'Object Repository/Page_CURA Healthcare Service/make_appointment_page/labelMakeAppointment' are matched.

2023-06-24 23:13:24 - [MESSAGE][PASSED] - Actual text and expected text of test object 'Object Repository/Page_CURA Healthcare Service/make_appointment_page/labelMakeAppointment' are matched.

2023-06-24 23:13:24 - [TEST_STEP][PASSED] - click(findTestObject("Page_CURA Healthcare Service/home_page/buttonMenuToggle")): Object: 'Object Repository/Page_CURA Healthcare Service/home_page/buttonMenuToggle' is clicked on

2023-06-24 23:13:24 - [MESSAGE][PASSED] - Object: 'Object Repository/Page_CURA Healthcare Service/home_page/buttonMenuToggle' is clicked on

2023-06-24 23:13:24 - [TEST_STEP][PASSED] - click(findTestObject("Page_CURA Healthcare Service/home_page/hyperlinkLogout")): Object: 'Object Repository/Page_CURA Healthcare Service/home_page/hyperlinkLogout' is clicked on

2023-06-24 23:13:25 - [MESSAGE][PASSED] - Object: 'Object Repository/Page_CURA Healthcare Service/home_page/hyperlinkLogout' is clicked on

2023-06-24 23:13:25 - [TEST_STEP][PASSED] - waitForElementPresent(findTestObject("Page_CURA Healthcare Service/home_page/labelCURAHealthcareService"), 0): Object 'Object Repository/Page_CURA Healthcare Service/home_page/labelCURAHealthcareService' is present

2023-06-24 23:13:25 - [MESSAGE][WARNING] - Timeout '0' is invalid. Using default page load timeout: '30'

2023-06-24 23:13:26 - [MESSAGE][PASSED] - Object 'Object Repository/Page_CURA Healthcare Service/home_page/labelCURAHealthcareService' is present

2023-06-24 23:13:26 - [TEST_STEP][PASSED] - click(findTestObject("Page_CURA Healthcare Service/home_page/buttonMenuToggle")): Object: 'Object Repository/Page_CURA Healthcare Service/home_page/buttonMenuToggle' is clicked on

2023-06-24 23:13:26 - [MESSAGE][PASSED] - Object: 'Object Repository/Page_CURA Healthcare Service/home_page/buttonMenuToggle' is clicked on

2023-06-24 23:13:26 - [TEST_STEP][PASSED] - waitForElementPresent(findTestObject("Page_CURA Healthcare Service/home_page/hyperlinkLogin"), 0): Object 'Object Repository/Page_CURA Healthcare Service/home_page/hyperlinkLogin' is present

2023-06-24 23:13:26 - [MESSAGE][WARNING] - Timeout '0' is invalid. Using default page load timeout: '30'

2023-06-24 23:13:26 - [MESSAGE][PASSED] - Object 'Object Repository/Page_CURA Healthcare Service/home_page/hyperlinkLogin' is present

2023-06-24 23:13:26 - [TEST_STEP][PASSED] - Finally: Browser is closed

2023-06-24 23:13:26 - [TEST_STEP][PASSED] - closeBrowser(): Browser is closed

2023-06-24 23:13:26 - [MESSAGE][PASSED] - Browser is closed]]></system-out>
         <system-err><![CDATA[]]></system-err>
      </testcase>
      <testcase name="Test Cases/SC-Login-Logout/TC03-login-failed" time="154.89" classname="Test Cases/SC-Login-Logout/TC03-login-failed" status="PASSED">
         <system-out><![CDATA[2023-06-24 23:13:26 - [TEST_CASE][PASSED] - Test Cases/SC-Login-Logout/TC03-login-failed: Test Cases/SC-Login-Logout/TC03-login-failed

2023-06-24 23:13:27 - [TEST_STEP][PASSED] - try: Object 'Object Repository/Page_CURA Healthcare Service/login_page/labelLoginFailed' is present

2023-06-24 23:13:27 - [TEST_STEP][PASSED] - username = "": null

2023-06-24 23:13:27 - [TEST_STEP][PASSED] - password = "g3/DOGG74jC3Flrr3yH+3D/yKbOqqUNM": null

2023-06-24 23:13:27 - [TEST_STEP][PASSED] - callTestCase(findTestCase("step-login"), [:], STOP_ON_FAILURE): Call Test Case 'Test Cases/step-login' successfully

2023-06-24 23:13:27 - [TEST_CASE][PASSED] - Test Cases/step-login: Test Cases/step-login

2023-06-24 23:13:27 - [TEST_STEP][PASSED] - openBrowser(""): Browser is opened with url: ''

2023-06-24 23:13:27 - [MESSAGE][INFO] - Starting 'Chrome' driver

2023-06-24 23:13:27 - [MESSAGE][INFO] - Action delay is set to 0 milliseconds

2023-06-24 23:13:28 - [MESSAGE][PASSED] - Browser is opened with url: ''

2023-06-24 23:13:28 - [TEST_STEP][PASSED] - navigateToUrl(URL): Navigate to 'https://katalon-demo-cura.herokuapp.com/' successfully

2023-06-24 23:13:33 - [MESSAGE][PASSED] - Navigate to 'https://katalon-demo-cura.herokuapp.com/' successfully

2023-06-24 23:13:33 - [TEST_STEP][PASSED] - waitForElementPresent(findTestObject("Page_CURA Healthcare Service/home_page/labelCURAHealthcareService"), 0): Object 'Object Repository/Page_CURA Healthcare Service/home_page/labelCURAHealthcareService' is present

2023-06-24 23:13:33 - [MESSAGE][WARNING] - Timeout '0' is invalid. Using default page load timeout: '30'

2023-06-24 23:13:35 - [MESSAGE][PASSED] - Object 'Object Repository/Page_CURA Healthcare Service/home_page/labelCURAHealthcareService' is present

2023-06-24 23:13:35 - [TEST_STEP][PASSED] - waitForElementPresent(findTestObject("Page_CURA Healthcare Service/home_page/labelWeCareAboutYourHealth"), 0): Object 'Object Repository/Page_CURA Healthcare Service/home_page/labelWeCareAboutYourHealth' is present

2023-06-24 23:13:35 - [MESSAGE][WARNING] - Timeout '0' is invalid. Using default page load timeout: '30'

2023-06-24 23:13:37 - [MESSAGE][PASSED] - Object 'Object Repository/Page_CURA Healthcare Service/home_page/labelWeCareAboutYourHealth' is present

2023-06-24 23:13:37 - [TEST_STEP][PASSED] - click(findTestObject("Page_CURA Healthcare Service/home_page/buttonMenuToggle")): Object: 'Object Repository/Page_CURA Healthcare Service/home_page/buttonMenuToggle' is clicked on

2023-06-24 23:13:39 - [MESSAGE][PASSED] - Object: 'Object Repository/Page_CURA Healthcare Service/home_page/buttonMenuToggle' is clicked on

2023-06-24 23:13:39 - [TEST_STEP][PASSED] - click(findTestObject("Page_CURA Healthcare Service/home_page/hyperlinkLogin")): Object: 'Object Repository/Page_CURA Healthcare Service/home_page/hyperlinkLogin' is clicked on

2023-06-24 23:13:42 - [MESSAGE][PASSED] - Object: 'Object Repository/Page_CURA Healthcare Service/home_page/hyperlinkLogin' is clicked on

2023-06-24 23:13:42 - [TEST_STEP][PASSED] - waitForElementPresent(findTestObject("Page_CURA Healthcare Service/login_page/labelLogin"), 0): Object 'Object Repository/Page_CURA Healthcare Service/login_page/labelLogin' is present

2023-06-24 23:13:42 - [MESSAGE][WARNING] - Timeout '0' is invalid. Using default page load timeout: '30'

2023-06-24 23:13:44 - [MESSAGE][PASSED] - Object 'Object Repository/Page_CURA Healthcare Service/login_page/labelLogin' is present

2023-06-24 23:13:44 - [TEST_STEP][PASSED] - verifyElementPresent(findTestObject("Page_CURA Healthcare Service/login_page/labelPleaseLoginToMakeAppointment"), 0): Object 'Object Repository/Page_CURA Healthcare Service/login_page/labelPleaseLoginToMakeAppointment' is present

2023-06-24 23:13:44 - [MESSAGE][WARNING] - Timeout '0' is invalid. Using default page load timeout: '30'

2023-06-24 23:13:46 - [MESSAGE][PASSED] - Object 'Object Repository/Page_CURA Healthcare Service/login_page/labelPleaseLoginToMakeAppointment' is present

2023-06-24 23:13:46 - [TEST_STEP][PASSED] - verifyElementPresent(findTestObject("Page_CURA Healthcare Service/login_page/buttonLogin"), 0): Object 'Object Repository/Page_CURA Healthcare Service/login_page/buttonLogin' is present

2023-06-24 23:13:46 - [MESSAGE][WARNING] - Timeout '0' is invalid. Using default page load timeout: '30'

2023-06-24 23:13:48 - [MESSAGE][PASSED] - Object 'Object Repository/Page_CURA Healthcare Service/login_page/buttonLogin' is present

2023-06-24 23:13:48 - [TEST_STEP][PASSED] - setText(findTestObject("Object Repository/Page_CURA Healthcare Service/login_page/textfieldUsername"), username): Text '' is set on object 'Object Repository/Page_CURA Healthcare Service/login_page/textfieldUsername'

2023-06-24 23:13:52 - [MESSAGE][PASSED] - Text '' is set on object 'Object Repository/Page_CURA Healthcare Service/login_page/textfieldUsername'

2023-06-24 23:13:52 - [TEST_STEP][PASSED] - setEncryptedText(findTestObject("Object Repository/Page_CURA Healthcare Service/login_page/textfieldPassword"), password): Text ****** has been set on object 'Object Repository/Page_CURA Healthcare Service/login_page/textfieldPassword'

2023-06-24 23:13:54 - [MESSAGE][PASSED] - Text ****** has been set on object 'Object Repository/Page_CURA Healthcare Service/login_page/textfieldPassword'

2023-06-24 23:13:54 - [TEST_STEP][PASSED] - click(findTestObject("Object Repository/Page_CURA Healthcare Service/login_page/buttonLogin")): Object: 'Object Repository/Page_CURA Healthcare Service/login_page/buttonLogin' is clicked on

2023-06-24 23:14:35 - [MESSAGE][PASSED] - Object: 'Object Repository/Page_CURA Healthcare Service/login_page/buttonLogin' is clicked on

2023-06-24 23:14:35 - [TEST_STEP][PASSED] - verifyElementText(findTestObject("Object Repository/Page_CURA Healthcare Service/make_appointment_page/labelMakeAppointment"), "Make Appointment"): Actual text and expected text of test object 'Object Repository/Page_CURA Healthcare Service/make_appointment_page/labelMakeAppointment' are matched.

2023-06-24 23:14:36 - [MESSAGE][PASSED] - Actual text and expected text of test object 'Object Repository/Page_CURA Healthcare Service/make_appointment_page/labelMakeAppointment' are matched.

2023-06-24 23:14:36 - [MESSAGE][PASSED] - Call Test Case 'Test Cases/step-login' successfully

2023-06-24 23:14:36 - [TEST_STEP][PASSED] - waitForElementPresent(findTestObject("Page_CURA Healthcare Service/login_page/labelLoginFailed"), 0): Object 'Object Repository/Page_CURA Healthcare Service/login_page/labelLoginFailed' is present

2023-06-24 23:14:36 - [MESSAGE][WARNING] - Timeout '0' is invalid. Using default page load timeout: '30'

2023-06-24 23:15:03 - [MESSAGE][PASSED] - Object 'Object Repository/Page_CURA Healthcare Service/login_page/labelLoginFailed' is present

2023-06-24 23:15:03 - [TEST_STEP][PASSED] - closeBrowser(): Browser is closed

2023-06-24 23:15:03 - [MESSAGE][PASSED] - Browser is closed

2023-06-24 23:15:03 - [TEST_STEP][PASSED] - username = "John Doe": null

2023-06-24 23:15:03 - [TEST_STEP][PASSED] - password = "": null

2023-06-24 23:15:03 - [TEST_STEP][PASSED] - callTestCase(findTestCase("step-login"), [:], STOP_ON_FAILURE): Call Test Case 'Test Cases/step-login' successfully

2023-06-24 23:15:03 - [TEST_CASE][PASSED] - Test Cases/step-login: Test Cases/step-login

2023-06-24 23:15:03 - [TEST_STEP][PASSED] - openBrowser(""): Browser is opened with url: ''

2023-06-24 23:15:03 - [MESSAGE][INFO] - Starting 'Chrome' driver

2023-06-24 23:15:03 - [MESSAGE][INFO] - Action delay is set to 0 milliseconds

2023-06-24 23:15:05 - [MESSAGE][PASSED] - Browser is opened with url: ''

2023-06-24 23:15:05 - [TEST_STEP][PASSED] - navigateToUrl(URL): Navigate to 'https://katalon-demo-cura.herokuapp.com/' successfully

2023-06-24 23:15:15 - [MESSAGE][PASSED] - Navigate to 'https://katalon-demo-cura.herokuapp.com/' successfully

2023-06-24 23:15:15 - [TEST_STEP][PASSED] - waitForElementPresent(findTestObject("Page_CURA Healthcare Service/home_page/labelCURAHealthcareService"), 0): Object 'Object Repository/Page_CURA Healthcare Service/home_page/labelCURAHealthcareService' is present

2023-06-24 23:15:15 - [MESSAGE][WARNING] - Timeout '0' is invalid. Using default page load timeout: '30'

2023-06-24 23:15:17 - [MESSAGE][PASSED] - Object 'Object Repository/Page_CURA Healthcare Service/home_page/labelCURAHealthcareService' is present

2023-06-24 23:15:17 - [TEST_STEP][PASSED] - waitForElementPresent(findTestObject("Page_CURA Healthcare Service/home_page/labelWeCareAboutYourHealth"), 0): Object 'Object Repository/Page_CURA Healthcare Service/home_page/labelWeCareAboutYourHealth' is present

2023-06-24 23:15:17 - [MESSAGE][WARNING] - Timeout '0' is invalid. Using default page load timeout: '30'

2023-06-24 23:15:18 - [MESSAGE][PASSED] - Object 'Object Repository/Page_CURA Healthcare Service/home_page/labelWeCareAboutYourHealth' is present

2023-06-24 23:15:18 - [TEST_STEP][PASSED] - click(findTestObject("Page_CURA Healthcare Service/home_page/buttonMenuToggle")): Object: 'Object Repository/Page_CURA Healthcare Service/home_page/buttonMenuToggle' is clicked on

2023-06-24 23:15:18 - [MESSAGE][PASSED] - Object: 'Object Repository/Page_CURA Healthcare Service/home_page/buttonMenuToggle' is clicked on

2023-06-24 23:15:18 - [TEST_STEP][PASSED] - click(findTestObject("Page_CURA Healthcare Service/home_page/hyperlinkLogin")): Object: 'Object Repository/Page_CURA Healthcare Service/home_page/hyperlinkLogin' is clicked on

2023-06-24 23:15:20 - [MESSAGE][PASSED] - Object: 'Object Repository/Page_CURA Healthcare Service/home_page/hyperlinkLogin' is clicked on

2023-06-24 23:15:20 - [TEST_STEP][PASSED] - waitForElementPresent(findTestObject("Page_CURA Healthcare Service/login_page/labelLogin"), 0): Object 'Object Repository/Page_CURA Healthcare Service/login_page/labelLogin' is present

2023-06-24 23:15:20 - [MESSAGE][WARNING] - Timeout '0' is invalid. Using default page load timeout: '30'

2023-06-24 23:15:22 - [MESSAGE][PASSED] - Object 'Object Repository/Page_CURA Healthcare Service/login_page/labelLogin' is present

2023-06-24 23:15:22 - [TEST_STEP][PASSED] - verifyElementPresent(findTestObject("Page_CURA Healthcare Service/login_page/labelPleaseLoginToMakeAppointment"), 0): Object 'Object Repository/Page_CURA Healthcare Service/login_page/labelPleaseLoginToMakeAppointment' is present

2023-06-24 23:15:22 - [MESSAGE][WARNING] - Timeout '0' is invalid. Using default page load timeout: '30'

2023-06-24 23:15:22 - [MESSAGE][PASSED] - Object 'Object Repository/Page_CURA Healthcare Service/login_page/labelPleaseLoginToMakeAppointment' is present

2023-06-24 23:15:22 - [TEST_STEP][PASSED] - verifyElementPresent(findTestObject("Page_CURA Healthcare Service/login_page/buttonLogin"), 0): Object 'Object Repository/Page_CURA Healthcare Service/login_page/buttonLogin' is present

2023-06-24 23:15:22 - [MESSAGE][WARNING] - Timeout '0' is invalid. Using default page load timeout: '30'

2023-06-24 23:15:22 - [MESSAGE][PASSED] - Object 'Object Repository/Page_CURA Healthcare Service/login_page/buttonLogin' is present

2023-06-24 23:15:22 - [TEST_STEP][PASSED] - setText(findTestObject("Object Repository/Page_CURA Healthcare Service/login_page/textfieldUsername"), username): Text 'John Doe' is set on object 'Object Repository/Page_CURA Healthcare Service/login_page/textfieldUsername'

2023-06-24 23:15:23 - [MESSAGE][PASSED] - Text 'John Doe' is set on object 'Object Repository/Page_CURA Healthcare Service/login_page/textfieldUsername'

2023-06-24 23:15:23 - [TEST_STEP][PASSED] - setEncryptedText(findTestObject("Object Repository/Page_CURA Healthcare Service/login_page/textfieldPassword"), password): Text ****** has been set on object 'Object Repository/Page_CURA Healthcare Service/login_page/textfieldPassword'

2023-06-24 23:15:24 - [MESSAGE][PASSED] - Text ****** has been set on object 'Object Repository/Page_CURA Healthcare Service/login_page/textfieldPassword'

2023-06-24 23:15:24 - [TEST_STEP][PASSED] - click(findTestObject("Object Repository/Page_CURA Healthcare Service/login_page/buttonLogin")): Object: 'Object Repository/Page_CURA Healthcare Service/login_page/buttonLogin' is clicked on

2023-06-24 23:15:25 - [MESSAGE][PASSED] - Object: 'Object Repository/Page_CURA Healthcare Service/login_page/buttonLogin' is clicked on

2023-06-24 23:15:25 - [TEST_STEP][PASSED] - verifyElementText(findTestObject("Object Repository/Page_CURA Healthcare Service/make_appointment_page/labelMakeAppointment"), "Make Appointment"): Actual text and expected text of test object 'Object Repository/Page_CURA Healthcare Service/make_appointment_page/labelMakeAppointment' are matched.

2023-06-24 23:15:25 - [MESSAGE][PASSED] - Actual text and expected text of test object 'Object Repository/Page_CURA Healthcare Service/make_appointment_page/labelMakeAppointment' are matched.

2023-06-24 23:15:25 - [MESSAGE][PASSED] - Call Test Case 'Test Cases/step-login' successfully

2023-06-24 23:15:25 - [TEST_STEP][PASSED] - waitForElementPresent(findTestObject("Page_CURA Healthcare Service/login_page/labelLoginFailed"), 0): Object 'Object Repository/Page_CURA Healthcare Service/login_page/labelLoginFailed' is present

2023-06-24 23:15:25 - [MESSAGE][WARNING] - Timeout '0' is invalid. Using default page load timeout: '30'

2023-06-24 23:15:26 - [MESSAGE][PASSED] - Object 'Object Repository/Page_CURA Healthcare Service/login_page/labelLoginFailed' is present

2023-06-24 23:15:26 - [TEST_STEP][PASSED] - closeBrowser(): Browser is closed

2023-06-24 23:15:26 - [MESSAGE][PASSED] - Browser is closed

2023-06-24 23:15:26 - [TEST_STEP][PASSED] - username = "popo": null

2023-06-24 23:15:26 - [TEST_STEP][PASSED] - password = "g3/DOGG74jC3Flrr3yH+3D/yKbOqqUNM": null

2023-06-24 23:15:26 - [TEST_STEP][PASSED] - callTestCase(findTestCase("step-login"), [:], STOP_ON_FAILURE): Call Test Case 'Test Cases/step-login' successfully

2023-06-24 23:15:26 - [TEST_CASE][PASSED] - Test Cases/step-login: Test Cases/step-login

2023-06-24 23:15:26 - [TEST_STEP][PASSED] - openBrowser(""): Browser is opened with url: ''

2023-06-24 23:15:26 - [MESSAGE][INFO] - Starting 'Chrome' driver

2023-06-24 23:15:26 - [MESSAGE][INFO] - Action delay is set to 0 milliseconds

2023-06-24 23:15:27 - [MESSAGE][PASSED] - Browser is opened with url: ''

2023-06-24 23:15:27 - [TEST_STEP][PASSED] - navigateToUrl(URL): Navigate to 'https://katalon-demo-cura.herokuapp.com/' successfully

2023-06-24 23:15:32 - [MESSAGE][PASSED] - Navigate to 'https://katalon-demo-cura.herokuapp.com/' successfully

2023-06-24 23:15:32 - [TEST_STEP][PASSED] - waitForElementPresent(findTestObject("Page_CURA Healthcare Service/home_page/labelCURAHealthcareService"), 0): Object 'Object Repository/Page_CURA Healthcare Service/home_page/labelCURAHealthcareService' is present

2023-06-24 23:15:33 - [MESSAGE][WARNING] - Timeout '0' is invalid. Using default page load timeout: '30'

2023-06-24 23:15:33 - [MESSAGE][PASSED] - Object 'Object Repository/Page_CURA Healthcare Service/home_page/labelCURAHealthcareService' is present

2023-06-24 23:15:33 - [TEST_STEP][PASSED] - waitForElementPresent(findTestObject("Page_CURA Healthcare Service/home_page/labelWeCareAboutYourHealth"), 0): Object 'Object Repository/Page_CURA Healthcare Service/home_page/labelWeCareAboutYourHealth' is present

2023-06-24 23:15:33 - [MESSAGE][WARNING] - Timeout '0' is invalid. Using default page load timeout: '30'

2023-06-24 23:15:33 - [MESSAGE][PASSED] - Object 'Object Repository/Page_CURA Healthcare Service/home_page/labelWeCareAboutYourHealth' is present

2023-06-24 23:15:33 - [TEST_STEP][PASSED] - click(findTestObject("Page_CURA Healthcare Service/home_page/buttonMenuToggle")): Object: 'Object Repository/Page_CURA Healthcare Service/home_page/buttonMenuToggle' is clicked on

2023-06-24 23:15:33 - [MESSAGE][PASSED] - Object: 'Object Repository/Page_CURA Healthcare Service/home_page/buttonMenuToggle' is clicked on

2023-06-24 23:15:33 - [TEST_STEP][PASSED] - click(findTestObject("Page_CURA Healthcare Service/home_page/hyperlinkLogin")): Object: 'Object Repository/Page_CURA Healthcare Service/home_page/hyperlinkLogin' is clicked on

2023-06-24 23:15:34 - [MESSAGE][PASSED] - Object: 'Object Repository/Page_CURA Healthcare Service/home_page/hyperlinkLogin' is clicked on

2023-06-24 23:15:34 - [TEST_STEP][PASSED] - waitForElementPresent(findTestObject("Page_CURA Healthcare Service/login_page/labelLogin"), 0): Object 'Object Repository/Page_CURA Healthcare Service/login_page/labelLogin' is present

2023-06-24 23:15:34 - [MESSAGE][WARNING] - Timeout '0' is invalid. Using default page load timeout: '30'

2023-06-24 23:15:35 - [MESSAGE][PASSED] - Object 'Object Repository/Page_CURA Healthcare Service/login_page/labelLogin' is present

2023-06-24 23:15:35 - [TEST_STEP][PASSED] - verifyElementPresent(findTestObject("Page_CURA Healthcare Service/login_page/labelPleaseLoginToMakeAppointment"), 0): Object 'Object Repository/Page_CURA Healthcare Service/login_page/labelPleaseLoginToMakeAppointment' is present

2023-06-24 23:15:35 - [MESSAGE][WARNING] - Timeout '0' is invalid. Using default page load timeout: '30'

2023-06-24 23:15:35 - [MESSAGE][PASSED] - Object 'Object Repository/Page_CURA Healthcare Service/login_page/labelPleaseLoginToMakeAppointment' is present

2023-06-24 23:15:35 - [TEST_STEP][PASSED] - verifyElementPresent(findTestObject("Page_CURA Healthcare Service/login_page/buttonLogin"), 0): Object 'Object Repository/Page_CURA Healthcare Service/login_page/buttonLogin' is present

2023-06-24 23:15:35 - [MESSAGE][WARNING] - Timeout '0' is invalid. Using default page load timeout: '30'

2023-06-24 23:15:35 - [MESSAGE][PASSED] - Object 'Object Repository/Page_CURA Healthcare Service/login_page/buttonLogin' is present

2023-06-24 23:15:35 - [TEST_STEP][PASSED] - setText(findTestObject("Object Repository/Page_CURA Healthcare Service/login_page/textfieldUsername"), username): Text 'popo' is set on object 'Object Repository/Page_CURA Healthcare Service/login_page/textfieldUsername'

2023-06-24 23:15:36 - [MESSAGE][PASSED] - Text 'popo' is set on object 'Object Repository/Page_CURA Healthcare Service/login_page/textfieldUsername'

2023-06-24 23:15:36 - [TEST_STEP][PASSED] - setEncryptedText(findTestObject("Object Repository/Page_CURA Healthcare Service/login_page/textfieldPassword"), password): Text ****** has been set on object 'Object Repository/Page_CURA Healthcare Service/login_page/textfieldPassword'

2023-06-24 23:15:36 - [MESSAGE][PASSED] - Text ****** has been set on object 'Object Repository/Page_CURA Healthcare Service/login_page/textfieldPassword'

2023-06-24 23:15:36 - [TEST_STEP][PASSED] - click(findTestObject("Object Repository/Page_CURA Healthcare Service/login_page/buttonLogin")): Object: 'Object Repository/Page_CURA Healthcare Service/login_page/buttonLogin' is clicked on

2023-06-24 23:15:37 - [MESSAGE][PASSED] - Object: 'Object Repository/Page_CURA Healthcare Service/login_page/buttonLogin' is clicked on

2023-06-24 23:15:37 - [TEST_STEP][PASSED] - verifyElementText(findTestObject("Object Repository/Page_CURA Healthcare Service/make_appointment_page/labelMakeAppointment"), "Make Appointment"): Actual text and expected text of test object 'Object Repository/Page_CURA Healthcare Service/make_appointment_page/labelMakeAppointment' are matched.

2023-06-24 23:15:38 - [MESSAGE][PASSED] - Actual text and expected text of test object 'Object Repository/Page_CURA Healthcare Service/make_appointment_page/labelMakeAppointment' are matched.

2023-06-24 23:15:38 - [MESSAGE][PASSED] - Call Test Case 'Test Cases/step-login' successfully

2023-06-24 23:15:38 - [TEST_STEP][PASSED] - waitForElementPresent(findTestObject("Page_CURA Healthcare Service/login_page/labelLoginFailed"), 0): Object 'Object Repository/Page_CURA Healthcare Service/login_page/labelLoginFailed' is present

2023-06-24 23:15:38 - [MESSAGE][WARNING] - Timeout '0' is invalid. Using default page load timeout: '30'

2023-06-24 23:15:38 - [MESSAGE][PASSED] - Object 'Object Repository/Page_CURA Healthcare Service/login_page/labelLoginFailed' is present

2023-06-24 23:15:38 - [TEST_STEP][PASSED] - closeBrowser(): Browser is closed

2023-06-24 23:15:38 - [MESSAGE][PASSED] - Browser is closed

2023-06-24 23:15:38 - [TEST_STEP][PASSED] - username = "John Doe": null

2023-06-24 23:15:38 - [TEST_STEP][PASSED] - password = "8SQVv/p9jVScEs4/2CZsLw==": null

2023-06-24 23:15:38 - [TEST_STEP][PASSED] - callTestCase(findTestCase("step-login"), [:], STOP_ON_FAILURE): Call Test Case 'Test Cases/step-login' successfully

2023-06-24 23:15:38 - [TEST_CASE][PASSED] - Test Cases/step-login: Test Cases/step-login

2023-06-24 23:15:38 - [TEST_STEP][PASSED] - openBrowser(""): Browser is opened with url: ''

2023-06-24 23:15:38 - [MESSAGE][INFO] - Starting 'Chrome' driver

2023-06-24 23:15:38 - [MESSAGE][INFO] - Action delay is set to 0 milliseconds

2023-06-24 23:15:40 - [MESSAGE][PASSED] - Browser is opened with url: ''

2023-06-24 23:15:40 - [TEST_STEP][PASSED] - navigateToUrl(URL): Navigate to 'https://katalon-demo-cura.herokuapp.com/' successfully

2023-06-24 23:15:55 - [MESSAGE][PASSED] - Navigate to 'https://katalon-demo-cura.herokuapp.com/' successfully

2023-06-24 23:15:55 - [TEST_STEP][PASSED] - waitForElementPresent(findTestObject("Page_CURA Healthcare Service/home_page/labelCURAHealthcareService"), 0): Object 'Object Repository/Page_CURA Healthcare Service/home_page/labelCURAHealthcareService' is present

2023-06-24 23:15:55 - [MESSAGE][WARNING] - Timeout '0' is invalid. Using default page load timeout: '30'

2023-06-24 23:15:55 - [MESSAGE][PASSED] - Object 'Object Repository/Page_CURA Healthcare Service/home_page/labelCURAHealthcareService' is present

2023-06-24 23:15:55 - [TEST_STEP][PASSED] - waitForElementPresent(findTestObject("Page_CURA Healthcare Service/home_page/labelWeCareAboutYourHealth"), 0): Object 'Object Repository/Page_CURA Healthcare Service/home_page/labelWeCareAboutYourHealth' is present

2023-06-24 23:15:55 - [MESSAGE][WARNING] - Timeout '0' is invalid. Using default page load timeout: '30'

2023-06-24 23:15:55 - [MESSAGE][PASSED] - Object 'Object Repository/Page_CURA Healthcare Service/home_page/labelWeCareAboutYourHealth' is present

2023-06-24 23:15:55 - [TEST_STEP][PASSED] - click(findTestObject("Page_CURA Healthcare Service/home_page/buttonMenuToggle")): Object: 'Object Repository/Page_CURA Healthcare Service/home_page/buttonMenuToggle' is clicked on

2023-06-24 23:15:56 - [MESSAGE][PASSED] - Object: 'Object Repository/Page_CURA Healthcare Service/home_page/buttonMenuToggle' is clicked on

2023-06-24 23:15:56 - [TEST_STEP][PASSED] - click(findTestObject("Page_CURA Healthcare Service/home_page/hyperlinkLogin")): Object: 'Object Repository/Page_CURA Healthcare Service/home_page/hyperlinkLogin' is clicked on

2023-06-24 23:15:57 - [MESSAGE][PASSED] - Object: 'Object Repository/Page_CURA Healthcare Service/home_page/hyperlinkLogin' is clicked on

2023-06-24 23:15:57 - [TEST_STEP][PASSED] - waitForElementPresent(findTestObject("Page_CURA Healthcare Service/login_page/labelLogin"), 0): Object 'Object Repository/Page_CURA Healthcare Service/login_page/labelLogin' is present

2023-06-24 23:15:57 - [MESSAGE][WARNING] - Timeout '0' is invalid. Using default page load timeout: '30'

2023-06-24 23:15:57 - [MESSAGE][PASSED] - Object 'Object Repository/Page_CURA Healthcare Service/login_page/labelLogin' is present

2023-06-24 23:15:57 - [TEST_STEP][PASSED] - verifyElementPresent(findTestObject("Page_CURA Healthcare Service/login_page/labelPleaseLoginToMakeAppointment"), 0): Object 'Object Repository/Page_CURA Healthcare Service/login_page/labelPleaseLoginToMakeAppointment' is present

2023-06-24 23:15:57 - [MESSAGE][WARNING] - Timeout '0' is invalid. Using default page load timeout: '30'

2023-06-24 23:15:57 - [MESSAGE][PASSED] - Object 'Object Repository/Page_CURA Healthcare Service/login_page/labelPleaseLoginToMakeAppointment' is present

2023-06-24 23:15:57 - [TEST_STEP][PASSED] - verifyElementPresent(findTestObject("Page_CURA Healthcare Service/login_page/buttonLogin"), 0): Object 'Object Repository/Page_CURA Healthcare Service/login_page/buttonLogin' is present

2023-06-24 23:15:57 - [MESSAGE][WARNING] - Timeout '0' is invalid. Using default page load timeout: '30'

2023-06-24 23:15:58 - [MESSAGE][PASSED] - Object 'Object Repository/Page_CURA Healthcare Service/login_page/buttonLogin' is present

2023-06-24 23:15:58 - [TEST_STEP][PASSED] - setText(findTestObject("Object Repository/Page_CURA Healthcare Service/login_page/textfieldUsername"), username): Text 'John Doe' is set on object 'Object Repository/Page_CURA Healthcare Service/login_page/textfieldUsername'

2023-06-24 23:15:58 - [MESSAGE][PASSED] - Text 'John Doe' is set on object 'Object Repository/Page_CURA Healthcare Service/login_page/textfieldUsername'

2023-06-24 23:15:58 - [TEST_STEP][PASSED] - setEncryptedText(findTestObject("Object Repository/Page_CURA Healthcare Service/login_page/textfieldPassword"), password): Text ****** has been set on object 'Object Repository/Page_CURA Healthcare Service/login_page/textfieldPassword'

2023-06-24 23:15:59 - [MESSAGE][PASSED] - Text ****** has been set on object 'Object Repository/Page_CURA Healthcare Service/login_page/textfieldPassword'

2023-06-24 23:15:59 - [TEST_STEP][PASSED] - click(findTestObject("Object Repository/Page_CURA Healthcare Service/login_page/buttonLogin")): Object: 'Object Repository/Page_CURA Healthcare Service/login_page/buttonLogin' is clicked on

2023-06-24 23:16:00 - [MESSAGE][PASSED] - Object: 'Object Repository/Page_CURA Healthcare Service/login_page/buttonLogin' is clicked on

2023-06-24 23:16:00 - [TEST_STEP][PASSED] - verifyElementText(findTestObject("Object Repository/Page_CURA Healthcare Service/make_appointment_page/labelMakeAppointment"), "Make Appointment"): Actual text and expected text of test object 'Object Repository/Page_CURA Healthcare Service/make_appointment_page/labelMakeAppointment' are matched.

2023-06-24 23:16:01 - [MESSAGE][PASSED] - Actual text and expected text of test object 'Object Repository/Page_CURA Healthcare Service/make_appointment_page/labelMakeAppointment' are matched.

2023-06-24 23:16:01 - [MESSAGE][PASSED] - Call Test Case 'Test Cases/step-login' successfully

2023-06-24 23:16:01 - [TEST_STEP][PASSED] - waitForElementPresent(findTestObject("Page_CURA Healthcare Service/login_page/labelLoginFailed"), 0): Object 'Object Repository/Page_CURA Healthcare Service/login_page/labelLoginFailed' is present

2023-06-24 23:16:01 - [MESSAGE][WARNING] - Timeout '0' is invalid. Using default page load timeout: '30'

2023-06-24 23:16:01 - [MESSAGE][PASSED] - Object 'Object Repository/Page_CURA Healthcare Service/login_page/labelLoginFailed' is present

2023-06-24 23:16:01 - [TEST_STEP][PASSED] - Finally: Browser is closed

2023-06-24 23:16:01 - [TEST_STEP][PASSED] - closeBrowser(): Browser is closed

2023-06-24 23:16:01 - [MESSAGE][PASSED] - Browser is closed]]></system-out>
         <system-err><![CDATA[]]></system-err>
      </testcase>
      <system-out><![CDATA[2023-06-24 23:13:00 - [TEST_SUITE][PASSED] - TS-Login-Logout: Test Cases/SC-Login-Logout/TC03-login-failed]]></system-out>
      <system-err><![CDATA[]]></system-err>
   </testsuite>
</testsuites>
