<?xml version="1.0" encoding="UTF-8"?>
<testsuites name="TS-Login-Logout" time="115.174" tests="3" failures="0" errors="0">
   <testsuite name="TS-Login-Logout" tests="3" failures="0" errors="0" time="115.174" skipped="0" timestamp="2023-06-24 23:22:26" hostname="mitapitriaheni - 192.168.1.104" id="Test Suites/TS-Login-Logout">
      <properties>
         <property name="deviceName" value=""/>
         <property name="devicePlatform" value=""/>
         <property name="logFolder" value="/Users/mitapitriaheni/git/test-msbu/Reports/20230624_232215/TS-Login-Logout/20230624_232215"/>
         <property name="logFiles" value="/Users/mitapitriaheni/git/test-msbu/Reports/20230624_232215/TS-Login-Logout/20230624_232215/execution0.log"/>
         <property name="attachments" value=""/>
         <property name="hostName" value="mitapitriaheni - 192.168.1.104"/>
         <property name="os" value="Mac OS X 64bit"/>
         <property name="katalonVersion" value="8.6.5.208"/>
         <property name="browser" value="Chrome 114.0.0.0"/>
         <property name="hostAddress" value="172.20.10.2"/>
         <property name="sessionId" value="5e7ee0e62c75d7d651147159ca32fb21"/>
         <property name="seleniumVersion" value="3.141.59"/>
         <property name="proxyInformation" value="ProxyInformation { proxyOption=NO_PROXY, proxyServerType=HTTP, username=, password=********, proxyServerAddress=, proxyServerPort=0, executionList=&quot;&quot;, isApplyToDesiredCapabilities=true }"/>
         <property name="platform" value="Mac OS X"/>
      </properties>
      <testcase name="Test Cases/SC-Login-Logout/TC01-login-success" time="21.875" classname="Test Cases/SC-Login-Logout/TC01-login-success" status="PASSED">
         <system-out><![CDATA[2023-06-24 23:22:26 - [TEST_CASE][PASSED] - Test Cases/SC-Login-Logout/TC01-login-success: Test Cases/SC-Login-Logout/TC01-login-success

2023-06-24 23:22:26 - [TEST_STEP][PASSED] - try: Object 'Object Repository/Page_CURA Healthcare Service/make_appointment_page/labelMakeAppointment' is present

2023-06-24 23:22:26 - [TEST_STEP][PASSED] - callTestCase(findTestCase("step-login"), [:], STOP_ON_FAILURE): Call Test Case 'Test Cases/step-login' successfully

2023-06-24 23:22:26 - [TEST_CASE][PASSED] - Test Cases/step-login: Test Cases/step-login

2023-06-24 23:22:26 - [TEST_STEP][PASSED] - openBrowser(""): Browser is opened with url: ''

2023-06-24 23:22:26 - [MESSAGE][INFO] - Starting 'Chrome' driver

2023-06-24 23:22:27 - [MESSAGE][INFO] - Action delay is set to 0 milliseconds

2023-06-24 23:22:29 - [MESSAGE][PASSED] - Browser is opened with url: ''

2023-06-24 23:22:29 - [TEST_STEP][PASSED] - maximizeWindow(): Current window maximized

2023-06-24 23:22:29 - [MESSAGE][PASSED] - Current window maximized

2023-06-24 23:22:29 - [TEST_STEP][PASSED] - navigateToUrl(URL): Navigate to 'https://katalon-demo-cura.herokuapp.com/' successfully

2023-06-24 23:22:34 - [MESSAGE][PASSED] - Navigate to 'https://katalon-demo-cura.herokuapp.com/' successfully

2023-06-24 23:22:34 - [TEST_STEP][PASSED] - waitForElementPresent(findTestObject("Page_CURA Healthcare Service/home_page/labelCURAHealthcareService"), 0): Object 'Object Repository/Page_CURA Healthcare Service/home_page/labelCURAHealthcareService' is present

2023-06-24 23:22:34 - [MESSAGE][WARNING] - Timeout '0' is invalid. Using default page load timeout: '30'

2023-06-24 23:22:35 - [MESSAGE][PASSED] - Object 'Object Repository/Page_CURA Healthcare Service/home_page/labelCURAHealthcareService' is present

2023-06-24 23:22:35 - [TEST_STEP][PASSED] - waitForElementPresent(findTestObject("Page_CURA Healthcare Service/home_page/labelWeCareAboutYourHealth"), 0): Object 'Object Repository/Page_CURA Healthcare Service/home_page/labelWeCareAboutYourHealth' is present

2023-06-24 23:22:35 - [MESSAGE][WARNING] - Timeout '0' is invalid. Using default page load timeout: '30'

2023-06-24 23:22:35 - [MESSAGE][PASSED] - Object 'Object Repository/Page_CURA Healthcare Service/home_page/labelWeCareAboutYourHealth' is present

2023-06-24 23:22:35 - [TEST_STEP][PASSED] - click(findTestObject("Page_CURA Healthcare Service/home_page/buttonMenuToggle")): Object: 'Object Repository/Page_CURA Healthcare Service/home_page/buttonMenuToggle' is clicked on

2023-06-24 23:22:36 - [MESSAGE][PASSED] - Object: 'Object Repository/Page_CURA Healthcare Service/home_page/buttonMenuToggle' is clicked on

2023-06-24 23:22:36 - [TEST_STEP][PASSED] - click(findTestObject("Page_CURA Healthcare Service/home_page/hyperlinkLogin")): Object: 'Object Repository/Page_CURA Healthcare Service/home_page/hyperlinkLogin' is clicked on

2023-06-24 23:22:37 - [MESSAGE][PASSED] - Object: 'Object Repository/Page_CURA Healthcare Service/home_page/hyperlinkLogin' is clicked on

2023-06-24 23:22:37 - [TEST_STEP][PASSED] - waitForElementPresent(findTestObject("Page_CURA Healthcare Service/login_page/labelLogin"), 0): Object 'Object Repository/Page_CURA Healthcare Service/login_page/labelLogin' is present

2023-06-24 23:22:37 - [MESSAGE][WARNING] - Timeout '0' is invalid. Using default page load timeout: '30'

2023-06-24 23:22:39 - [MESSAGE][PASSED] - Object 'Object Repository/Page_CURA Healthcare Service/login_page/labelLogin' is present

2023-06-24 23:22:39 - [TEST_STEP][PASSED] - verifyElementPresent(findTestObject("Page_CURA Healthcare Service/login_page/labelPleaseLoginToMakeAppointment"), 0): Object 'Object Repository/Page_CURA Healthcare Service/login_page/labelPleaseLoginToMakeAppointment' is present

2023-06-24 23:22:39 - [MESSAGE][WARNING] - Timeout '0' is invalid. Using default page load timeout: '30'

2023-06-24 23:22:41 - [MESSAGE][PASSED] - Object 'Object Repository/Page_CURA Healthcare Service/login_page/labelPleaseLoginToMakeAppointment' is present

2023-06-24 23:22:41 - [TEST_STEP][PASSED] - verifyElementPresent(findTestObject("Page_CURA Healthcare Service/login_page/buttonLogin"), 0): Object 'Object Repository/Page_CURA Healthcare Service/login_page/buttonLogin' is present

2023-06-24 23:22:41 - [MESSAGE][WARNING] - Timeout '0' is invalid. Using default page load timeout: '30'

2023-06-24 23:22:43 - [MESSAGE][PASSED] - Object 'Object Repository/Page_CURA Healthcare Service/login_page/buttonLogin' is present

2023-06-24 23:22:43 - [TEST_STEP][PASSED] - setText(findTestObject("Object Repository/Page_CURA Healthcare Service/login_page/textfieldUsername"), username): Text 'John Doe' is set on object 'Object Repository/Page_CURA Healthcare Service/login_page/textfieldUsername'

2023-06-24 23:22:45 - [MESSAGE][PASSED] - Text 'John Doe' is set on object 'Object Repository/Page_CURA Healthcare Service/login_page/textfieldUsername'

2023-06-24 23:22:45 - [TEST_STEP][PASSED] - setEncryptedText(findTestObject("Object Repository/Page_CURA Healthcare Service/login_page/textfieldPassword"), password): Text ****** has been set on object 'Object Repository/Page_CURA Healthcare Service/login_page/textfieldPassword'

2023-06-24 23:22:46 - [MESSAGE][PASSED] - Text ****** has been set on object 'Object Repository/Page_CURA Healthcare Service/login_page/textfieldPassword'

2023-06-24 23:22:46 - [TEST_STEP][PASSED] - click(findTestObject("Object Repository/Page_CURA Healthcare Service/login_page/buttonLogin")): Object: 'Object Repository/Page_CURA Healthcare Service/login_page/buttonLogin' is clicked on

2023-06-24 23:22:47 - [MESSAGE][PASSED] - Object: 'Object Repository/Page_CURA Healthcare Service/login_page/buttonLogin' is clicked on

2023-06-24 23:22:47 - [TEST_STEP][PASSED] - verifyElementText(findTestObject("Object Repository/Page_CURA Healthcare Service/make_appointment_page/labelMakeAppointment"), "Make Appointment"): Actual text and expected text of test object 'Object Repository/Page_CURA Healthcare Service/make_appointment_page/labelMakeAppointment' are matched.

2023-06-24 23:22:47 - [MESSAGE][PASSED] - Actual text and expected text of test object 'Object Repository/Page_CURA Healthcare Service/make_appointment_page/labelMakeAppointment' are matched.

2023-06-24 23:22:47 - [MESSAGE][PASSED] - Call Test Case 'Test Cases/step-login' successfully

2023-06-24 23:22:47 - [TEST_STEP][PASSED] - waitForElementPresent(findTestObject("Object Repository/Page_CURA Healthcare Service/make_appointment_page/labelMakeAppointment"), 0): Object 'Object Repository/Page_CURA Healthcare Service/make_appointment_page/labelMakeAppointment' is present

2023-06-24 23:22:47 - [MESSAGE][WARNING] - Timeout '0' is invalid. Using default page load timeout: '30'

2023-06-24 23:22:48 - [MESSAGE][PASSED] - Object 'Object Repository/Page_CURA Healthcare Service/make_appointment_page/labelMakeAppointment' is present

2023-06-24 23:22:48 - [TEST_STEP][PASSED] - Finally: Browser is closed

2023-06-24 23:22:48 - [TEST_STEP][PASSED] - closeBrowser(): Browser is closed

2023-06-24 23:22:48 - [MESSAGE][PASSED] - Browser is closed]]></system-out>
         <system-err><![CDATA[]]></system-err>
      </testcase>
      <testcase name="Test Cases/SC-Login-Logout/TC02-logout-success" time="42.398" classname="Test Cases/SC-Login-Logout/TC02-logout-success" status="PASSED">
         <system-out><![CDATA[2023-06-24 23:22:48 - [TEST_CASE][PASSED] - Test Cases/SC-Login-Logout/TC02-logout-success: Test Cases/SC-Login-Logout/TC02-logout-success

2023-06-24 23:22:48 - [TEST_STEP][PASSED] - try: Object 'Object Repository/Page_CURA Healthcare Service/home_page/hyperlinkLogin' is present

2023-06-24 23:22:48 - [TEST_STEP][PASSED] - callTestCase(findTestCase("step-login"), [:], STOP_ON_FAILURE): Call Test Case 'Test Cases/step-login' successfully

2023-06-24 23:22:48 - [TEST_CASE][PASSED] - Test Cases/step-login: Test Cases/step-login

2023-06-24 23:22:48 - [TEST_STEP][PASSED] - openBrowser(""): Browser is opened with url: ''

2023-06-24 23:22:48 - [MESSAGE][INFO] - Starting 'Chrome' driver

2023-06-24 23:22:48 - [MESSAGE][INFO] - Action delay is set to 0 milliseconds

2023-06-24 23:22:49 - [MESSAGE][PASSED] - Browser is opened with url: ''

2023-06-24 23:22:49 - [TEST_STEP][PASSED] - maximizeWindow(): Current window maximized

2023-06-24 23:22:50 - [MESSAGE][PASSED] - Current window maximized

2023-06-24 23:22:50 - [TEST_STEP][PASSED] - navigateToUrl(URL): Navigate to 'https://katalon-demo-cura.herokuapp.com/' successfully

2023-06-24 23:22:54 - [MESSAGE][PASSED] - Navigate to 'https://katalon-demo-cura.herokuapp.com/' successfully

2023-06-24 23:22:54 - [TEST_STEP][PASSED] - waitForElementPresent(findTestObject("Page_CURA Healthcare Service/home_page/labelCURAHealthcareService"), 0): Object 'Object Repository/Page_CURA Healthcare Service/home_page/labelCURAHealthcareService' is present

2023-06-24 23:22:54 - [MESSAGE][WARNING] - Timeout '0' is invalid. Using default page load timeout: '30'

2023-06-24 23:22:55 - [MESSAGE][PASSED] - Object 'Object Repository/Page_CURA Healthcare Service/home_page/labelCURAHealthcareService' is present

2023-06-24 23:22:55 - [TEST_STEP][PASSED] - waitForElementPresent(findTestObject("Page_CURA Healthcare Service/home_page/labelWeCareAboutYourHealth"), 0): Object 'Object Repository/Page_CURA Healthcare Service/home_page/labelWeCareAboutYourHealth' is present

2023-06-24 23:22:55 - [MESSAGE][WARNING] - Timeout '0' is invalid. Using default page load timeout: '30'

2023-06-24 23:22:57 - [MESSAGE][PASSED] - Object 'Object Repository/Page_CURA Healthcare Service/home_page/labelWeCareAboutYourHealth' is present

2023-06-24 23:22:57 - [TEST_STEP][PASSED] - click(findTestObject("Page_CURA Healthcare Service/home_page/buttonMenuToggle")): Object: 'Object Repository/Page_CURA Healthcare Service/home_page/buttonMenuToggle' is clicked on

2023-06-24 23:22:59 - [MESSAGE][PASSED] - Object: 'Object Repository/Page_CURA Healthcare Service/home_page/buttonMenuToggle' is clicked on

2023-06-24 23:22:59 - [TEST_STEP][PASSED] - click(findTestObject("Page_CURA Healthcare Service/home_page/hyperlinkLogin")): Object: 'Object Repository/Page_CURA Healthcare Service/home_page/hyperlinkLogin' is clicked on

2023-06-24 23:23:02 - [MESSAGE][PASSED] - Object: 'Object Repository/Page_CURA Healthcare Service/home_page/hyperlinkLogin' is clicked on

2023-06-24 23:23:02 - [TEST_STEP][PASSED] - waitForElementPresent(findTestObject("Page_CURA Healthcare Service/login_page/labelLogin"), 0): Object 'Object Repository/Page_CURA Healthcare Service/login_page/labelLogin' is present

2023-06-24 23:23:02 - [MESSAGE][WARNING] - Timeout '0' is invalid. Using default page load timeout: '30'

2023-06-24 23:23:03 - [MESSAGE][PASSED] - Object 'Object Repository/Page_CURA Healthcare Service/login_page/labelLogin' is present

2023-06-24 23:23:03 - [TEST_STEP][PASSED] - verifyElementPresent(findTestObject("Page_CURA Healthcare Service/login_page/labelPleaseLoginToMakeAppointment"), 0): Object 'Object Repository/Page_CURA Healthcare Service/login_page/labelPleaseLoginToMakeAppointment' is present

2023-06-24 23:23:03 - [MESSAGE][WARNING] - Timeout '0' is invalid. Using default page load timeout: '30'

2023-06-24 23:23:05 - [MESSAGE][PASSED] - Object 'Object Repository/Page_CURA Healthcare Service/login_page/labelPleaseLoginToMakeAppointment' is present

2023-06-24 23:23:05 - [TEST_STEP][PASSED] - verifyElementPresent(findTestObject("Page_CURA Healthcare Service/login_page/buttonLogin"), 0): Object 'Object Repository/Page_CURA Healthcare Service/login_page/buttonLogin' is present

2023-06-24 23:23:05 - [MESSAGE][WARNING] - Timeout '0' is invalid. Using default page load timeout: '30'

2023-06-24 23:23:07 - [MESSAGE][PASSED] - Object 'Object Repository/Page_CURA Healthcare Service/login_page/buttonLogin' is present

2023-06-24 23:23:07 - [TEST_STEP][PASSED] - setText(findTestObject("Object Repository/Page_CURA Healthcare Service/login_page/textfieldUsername"), username): Text 'John Doe' is set on object 'Object Repository/Page_CURA Healthcare Service/login_page/textfieldUsername'

2023-06-24 23:23:11 - [MESSAGE][PASSED] - Text 'John Doe' is set on object 'Object Repository/Page_CURA Healthcare Service/login_page/textfieldUsername'

2023-06-24 23:23:11 - [TEST_STEP][PASSED] - setEncryptedText(findTestObject("Object Repository/Page_CURA Healthcare Service/login_page/textfieldPassword"), password): Text ****** has been set on object 'Object Repository/Page_CURA Healthcare Service/login_page/textfieldPassword'

2023-06-24 23:23:13 - [MESSAGE][PASSED] - Text ****** has been set on object 'Object Repository/Page_CURA Healthcare Service/login_page/textfieldPassword'

2023-06-24 23:23:13 - [TEST_STEP][PASSED] - click(findTestObject("Object Repository/Page_CURA Healthcare Service/login_page/buttonLogin")): Object: 'Object Repository/Page_CURA Healthcare Service/login_page/buttonLogin' is clicked on

2023-06-24 23:23:16 - [MESSAGE][PASSED] - Object: 'Object Repository/Page_CURA Healthcare Service/login_page/buttonLogin' is clicked on

2023-06-24 23:23:16 - [TEST_STEP][PASSED] - verifyElementText(findTestObject("Object Repository/Page_CURA Healthcare Service/make_appointment_page/labelMakeAppointment"), "Make Appointment"): Actual text and expected text of test object 'Object Repository/Page_CURA Healthcare Service/make_appointment_page/labelMakeAppointment' are matched.

2023-06-24 23:23:17 - [MESSAGE][PASSED] - Actual text and expected text of test object 'Object Repository/Page_CURA Healthcare Service/make_appointment_page/labelMakeAppointment' are matched.

2023-06-24 23:23:17 - [MESSAGE][PASSED] - Call Test Case 'Test Cases/step-login' successfully

2023-06-24 23:23:17 - [TEST_STEP][PASSED] - verifyElementText(findTestObject("Object Repository/Page_CURA Healthcare Service/make_appointment_page/labelMakeAppointment"), "Make Appointment"): Actual text and expected text of test object 'Object Repository/Page_CURA Healthcare Service/make_appointment_page/labelMakeAppointment' are matched.

2023-06-24 23:23:19 - [MESSAGE][PASSED] - Actual text and expected text of test object 'Object Repository/Page_CURA Healthcare Service/make_appointment_page/labelMakeAppointment' are matched.

2023-06-24 23:23:19 - [TEST_STEP][PASSED] - click(findTestObject("Page_CURA Healthcare Service/home_page/buttonMenuToggle")): Object: 'Object Repository/Page_CURA Healthcare Service/home_page/buttonMenuToggle' is clicked on

2023-06-24 23:23:21 - [MESSAGE][PASSED] - Object: 'Object Repository/Page_CURA Healthcare Service/home_page/buttonMenuToggle' is clicked on

2023-06-24 23:23:21 - [TEST_STEP][PASSED] - click(findTestObject("Page_CURA Healthcare Service/home_page/hyperlinkLogout")): Object: 'Object Repository/Page_CURA Healthcare Service/home_page/hyperlinkLogout' is clicked on

2023-06-24 23:23:24 - [MESSAGE][PASSED] - Object: 'Object Repository/Page_CURA Healthcare Service/home_page/hyperlinkLogout' is clicked on

2023-06-24 23:23:24 - [TEST_STEP][PASSED] - waitForElementPresent(findTestObject("Page_CURA Healthcare Service/home_page/labelCURAHealthcareService"), 0): Object 'Object Repository/Page_CURA Healthcare Service/home_page/labelCURAHealthcareService' is present

2023-06-24 23:23:24 - [MESSAGE][WARNING] - Timeout '0' is invalid. Using default page load timeout: '30'

2023-06-24 23:23:26 - [MESSAGE][PASSED] - Object 'Object Repository/Page_CURA Healthcare Service/home_page/labelCURAHealthcareService' is present

2023-06-24 23:23:26 - [TEST_STEP][PASSED] - click(findTestObject("Page_CURA Healthcare Service/home_page/buttonMenuToggle")): Object: 'Object Repository/Page_CURA Healthcare Service/home_page/buttonMenuToggle' is clicked on

2023-06-24 23:23:28 - [MESSAGE][PASSED] - Object: 'Object Repository/Page_CURA Healthcare Service/home_page/buttonMenuToggle' is clicked on

2023-06-24 23:23:28 - [TEST_STEP][PASSED] - waitForElementPresent(findTestObject("Page_CURA Healthcare Service/home_page/hyperlinkLogin"), 0): Object 'Object Repository/Page_CURA Healthcare Service/home_page/hyperlinkLogin' is present

2023-06-24 23:23:28 - [MESSAGE][WARNING] - Timeout '0' is invalid. Using default page load timeout: '30'

2023-06-24 23:23:30 - [MESSAGE][PASSED] - Object 'Object Repository/Page_CURA Healthcare Service/home_page/hyperlinkLogin' is present

2023-06-24 23:23:30 - [TEST_STEP][PASSED] - Finally: Browser is closed

2023-06-24 23:23:30 - [TEST_STEP][PASSED] - closeBrowser(): Browser is closed

2023-06-24 23:23:30 - [MESSAGE][PASSED] - Browser is closed]]></system-out>
         <system-err><![CDATA[]]></system-err>
      </testcase>
      <testcase name="Test Cases/SC-Login-Logout/TC03-login-failed" time="50.729" classname="Test Cases/SC-Login-Logout/TC03-login-failed" status="PASSED">
         <system-out><![CDATA[2023-06-24 23:23:30 - [TEST_CASE][PASSED] - Test Cases/SC-Login-Logout/TC03-login-failed: Test Cases/SC-Login-Logout/TC03-login-failed

2023-06-24 23:23:30 - [TEST_STEP][PASSED] - try: Object 'Object Repository/Page_CURA Healthcare Service/login_page/labelLoginFailed' is present

2023-06-24 23:23:30 - [TEST_STEP][PASSED] - username = "": null

2023-06-24 23:23:30 - [TEST_STEP][PASSED] - password = "g3/DOGG74jC3Flrr3yH+3D/yKbOqqUNM": null

2023-06-24 23:23:30 - [TEST_STEP][PASSED] - callTestCase(findTestCase("step-login"), [:], STOP_ON_FAILURE): Call Test Case 'Test Cases/step-login' successfully

2023-06-24 23:23:30 - [TEST_CASE][PASSED] - Test Cases/step-login: Test Cases/step-login

2023-06-24 23:23:30 - [TEST_STEP][PASSED] - openBrowser(""): Browser is opened with url: ''

2023-06-24 23:23:30 - [MESSAGE][INFO] - Starting 'Chrome' driver

2023-06-24 23:23:30 - [MESSAGE][INFO] - Action delay is set to 0 milliseconds

2023-06-24 23:23:31 - [MESSAGE][PASSED] - Browser is opened with url: ''

2023-06-24 23:23:31 - [TEST_STEP][PASSED] - maximizeWindow(): Current window maximized

2023-06-24 23:23:32 - [MESSAGE][PASSED] - Current window maximized

2023-06-24 23:23:32 - [TEST_STEP][PASSED] - navigateToUrl(URL): Navigate to 'https://katalon-demo-cura.herokuapp.com/' successfully

2023-06-24 23:23:36 - [MESSAGE][PASSED] - Navigate to 'https://katalon-demo-cura.herokuapp.com/' successfully

2023-06-24 23:23:36 - [TEST_STEP][PASSED] - waitForElementPresent(findTestObject("Page_CURA Healthcare Service/home_page/labelCURAHealthcareService"), 0): Object 'Object Repository/Page_CURA Healthcare Service/home_page/labelCURAHealthcareService' is present

2023-06-24 23:23:36 - [MESSAGE][WARNING] - Timeout '0' is invalid. Using default page load timeout: '30'

2023-06-24 23:23:36 - [MESSAGE][PASSED] - Object 'Object Repository/Page_CURA Healthcare Service/home_page/labelCURAHealthcareService' is present

2023-06-24 23:23:36 - [TEST_STEP][PASSED] - waitForElementPresent(findTestObject("Page_CURA Healthcare Service/home_page/labelWeCareAboutYourHealth"), 0): Object 'Object Repository/Page_CURA Healthcare Service/home_page/labelWeCareAboutYourHealth' is present

2023-06-24 23:23:36 - [MESSAGE][WARNING] - Timeout '0' is invalid. Using default page load timeout: '30'

2023-06-24 23:23:37 - [MESSAGE][PASSED] - Object 'Object Repository/Page_CURA Healthcare Service/home_page/labelWeCareAboutYourHealth' is present

2023-06-24 23:23:37 - [TEST_STEP][PASSED] - click(findTestObject("Page_CURA Healthcare Service/home_page/buttonMenuToggle")): Object: 'Object Repository/Page_CURA Healthcare Service/home_page/buttonMenuToggle' is clicked on

2023-06-24 23:23:37 - [MESSAGE][PASSED] - Object: 'Object Repository/Page_CURA Healthcare Service/home_page/buttonMenuToggle' is clicked on

2023-06-24 23:23:37 - [TEST_STEP][PASSED] - click(findTestObject("Page_CURA Healthcare Service/home_page/hyperlinkLogin")): Object: 'Object Repository/Page_CURA Healthcare Service/home_page/hyperlinkLogin' is clicked on

2023-06-24 23:23:40 - [MESSAGE][PASSED] - Object: 'Object Repository/Page_CURA Healthcare Service/home_page/hyperlinkLogin' is clicked on

2023-06-24 23:23:40 - [TEST_STEP][PASSED] - waitForElementPresent(findTestObject("Page_CURA Healthcare Service/login_page/labelLogin"), 0): Object 'Object Repository/Page_CURA Healthcare Service/login_page/labelLogin' is present

2023-06-24 23:23:40 - [MESSAGE][WARNING] - Timeout '0' is invalid. Using default page load timeout: '30'

2023-06-24 23:23:40 - [MESSAGE][PASSED] - Object 'Object Repository/Page_CURA Healthcare Service/login_page/labelLogin' is present

2023-06-24 23:23:40 - [TEST_STEP][PASSED] - verifyElementPresent(findTestObject("Page_CURA Healthcare Service/login_page/labelPleaseLoginToMakeAppointment"), 0): Object 'Object Repository/Page_CURA Healthcare Service/login_page/labelPleaseLoginToMakeAppointment' is present

2023-06-24 23:23:40 - [MESSAGE][WARNING] - Timeout '0' is invalid. Using default page load timeout: '30'

2023-06-24 23:23:40 - [MESSAGE][PASSED] - Object 'Object Repository/Page_CURA Healthcare Service/login_page/labelPleaseLoginToMakeAppointment' is present

2023-06-24 23:23:40 - [TEST_STEP][PASSED] - verifyElementPresent(findTestObject("Page_CURA Healthcare Service/login_page/buttonLogin"), 0): Object 'Object Repository/Page_CURA Healthcare Service/login_page/buttonLogin' is present

2023-06-24 23:23:40 - [MESSAGE][WARNING] - Timeout '0' is invalid. Using default page load timeout: '30'

2023-06-24 23:23:41 - [MESSAGE][PASSED] - Object 'Object Repository/Page_CURA Healthcare Service/login_page/buttonLogin' is present

2023-06-24 23:23:41 - [TEST_STEP][PASSED] - setText(findTestObject("Object Repository/Page_CURA Healthcare Service/login_page/textfieldUsername"), username): Text '' is set on object 'Object Repository/Page_CURA Healthcare Service/login_page/textfieldUsername'

2023-06-24 23:23:41 - [MESSAGE][PASSED] - Text '' is set on object 'Object Repository/Page_CURA Healthcare Service/login_page/textfieldUsername'

2023-06-24 23:23:41 - [TEST_STEP][PASSED] - setEncryptedText(findTestObject("Object Repository/Page_CURA Healthcare Service/login_page/textfieldPassword"), password): Text ****** has been set on object 'Object Repository/Page_CURA Healthcare Service/login_page/textfieldPassword'

2023-06-24 23:23:42 - [MESSAGE][PASSED] - Text ****** has been set on object 'Object Repository/Page_CURA Healthcare Service/login_page/textfieldPassword'

2023-06-24 23:23:42 - [TEST_STEP][PASSED] - click(findTestObject("Object Repository/Page_CURA Healthcare Service/login_page/buttonLogin")): Object: 'Object Repository/Page_CURA Healthcare Service/login_page/buttonLogin' is clicked on

2023-06-24 23:23:43 - [MESSAGE][PASSED] - Object: 'Object Repository/Page_CURA Healthcare Service/login_page/buttonLogin' is clicked on

2023-06-24 23:23:43 - [TEST_STEP][PASSED] - verifyElementText(findTestObject("Object Repository/Page_CURA Healthcare Service/make_appointment_page/labelMakeAppointment"), "Make Appointment"): Actual text and expected text of test object 'Object Repository/Page_CURA Healthcare Service/make_appointment_page/labelMakeAppointment' are matched.

2023-06-24 23:23:43 - [MESSAGE][PASSED] - Actual text and expected text of test object 'Object Repository/Page_CURA Healthcare Service/make_appointment_page/labelMakeAppointment' are matched.

2023-06-24 23:23:43 - [MESSAGE][PASSED] - Call Test Case 'Test Cases/step-login' successfully

2023-06-24 23:23:43 - [TEST_STEP][PASSED] - waitForElementPresent(findTestObject("Page_CURA Healthcare Service/login_page/labelLoginFailed"), 0): Object 'Object Repository/Page_CURA Healthcare Service/login_page/labelLoginFailed' is present

2023-06-24 23:23:43 - [MESSAGE][WARNING] - Timeout '0' is invalid. Using default page load timeout: '30'

2023-06-24 23:23:43 - [MESSAGE][PASSED] - Object 'Object Repository/Page_CURA Healthcare Service/login_page/labelLoginFailed' is present

2023-06-24 23:23:43 - [TEST_STEP][PASSED] - closeBrowser(): Browser is closed

2023-06-24 23:23:44 - [MESSAGE][PASSED] - Browser is closed

2023-06-24 23:23:44 - [TEST_STEP][PASSED] - username = "John Doe": null

2023-06-24 23:23:44 - [TEST_STEP][PASSED] - password = "": null

2023-06-24 23:23:44 - [TEST_STEP][PASSED] - callTestCase(findTestCase("step-login"), [:], STOP_ON_FAILURE): Call Test Case 'Test Cases/step-login' successfully

2023-06-24 23:23:44 - [TEST_CASE][PASSED] - Test Cases/step-login: Test Cases/step-login

2023-06-24 23:23:44 - [TEST_STEP][PASSED] - openBrowser(""): Browser is opened with url: ''

2023-06-24 23:23:44 - [MESSAGE][INFO] - Starting 'Chrome' driver

2023-06-24 23:23:44 - [MESSAGE][INFO] - Action delay is set to 0 milliseconds

2023-06-24 23:23:45 - [MESSAGE][PASSED] - Browser is opened with url: ''

2023-06-24 23:23:45 - [TEST_STEP][PASSED] - maximizeWindow(): Current window maximized

2023-06-24 23:23:45 - [MESSAGE][PASSED] - Current window maximized

2023-06-24 23:23:45 - [TEST_STEP][PASSED] - navigateToUrl(URL): Navigate to 'https://katalon-demo-cura.herokuapp.com/' successfully

2023-06-24 23:23:49 - [MESSAGE][PASSED] - Navigate to 'https://katalon-demo-cura.herokuapp.com/' successfully

2023-06-24 23:23:49 - [TEST_STEP][PASSED] - waitForElementPresent(findTestObject("Page_CURA Healthcare Service/home_page/labelCURAHealthcareService"), 0): Object 'Object Repository/Page_CURA Healthcare Service/home_page/labelCURAHealthcareService' is present

2023-06-24 23:23:49 - [MESSAGE][WARNING] - Timeout '0' is invalid. Using default page load timeout: '30'

2023-06-24 23:23:50 - [MESSAGE][PASSED] - Object 'Object Repository/Page_CURA Healthcare Service/home_page/labelCURAHealthcareService' is present

2023-06-24 23:23:50 - [TEST_STEP][PASSED] - waitForElementPresent(findTestObject("Page_CURA Healthcare Service/home_page/labelWeCareAboutYourHealth"), 0): Object 'Object Repository/Page_CURA Healthcare Service/home_page/labelWeCareAboutYourHealth' is present

2023-06-24 23:23:50 - [MESSAGE][WARNING] - Timeout '0' is invalid. Using default page load timeout: '30'

2023-06-24 23:23:50 - [MESSAGE][PASSED] - Object 'Object Repository/Page_CURA Healthcare Service/home_page/labelWeCareAboutYourHealth' is present

2023-06-24 23:23:50 - [TEST_STEP][PASSED] - click(findTestObject("Page_CURA Healthcare Service/home_page/buttonMenuToggle")): Object: 'Object Repository/Page_CURA Healthcare Service/home_page/buttonMenuToggle' is clicked on

2023-06-24 23:23:50 - [MESSAGE][PASSED] - Object: 'Object Repository/Page_CURA Healthcare Service/home_page/buttonMenuToggle' is clicked on

2023-06-24 23:23:50 - [TEST_STEP][PASSED] - click(findTestObject("Page_CURA Healthcare Service/home_page/hyperlinkLogin")): Object: 'Object Repository/Page_CURA Healthcare Service/home_page/hyperlinkLogin' is clicked on

2023-06-24 23:23:52 - [MESSAGE][PASSED] - Object: 'Object Repository/Page_CURA Healthcare Service/home_page/hyperlinkLogin' is clicked on

2023-06-24 23:23:52 - [TEST_STEP][PASSED] - waitForElementPresent(findTestObject("Page_CURA Healthcare Service/login_page/labelLogin"), 0): Object 'Object Repository/Page_CURA Healthcare Service/login_page/labelLogin' is present

2023-06-24 23:23:52 - [MESSAGE][WARNING] - Timeout '0' is invalid. Using default page load timeout: '30'

2023-06-24 23:23:52 - [MESSAGE][PASSED] - Object 'Object Repository/Page_CURA Healthcare Service/login_page/labelLogin' is present

2023-06-24 23:23:52 - [TEST_STEP][PASSED] - verifyElementPresent(findTestObject("Page_CURA Healthcare Service/login_page/labelPleaseLoginToMakeAppointment"), 0): Object 'Object Repository/Page_CURA Healthcare Service/login_page/labelPleaseLoginToMakeAppointment' is present

2023-06-24 23:23:52 - [MESSAGE][WARNING] - Timeout '0' is invalid. Using default page load timeout: '30'

2023-06-24 23:23:52 - [MESSAGE][PASSED] - Object 'Object Repository/Page_CURA Healthcare Service/login_page/labelPleaseLoginToMakeAppointment' is present

2023-06-24 23:23:52 - [TEST_STEP][PASSED] - verifyElementPresent(findTestObject("Page_CURA Healthcare Service/login_page/buttonLogin"), 0): Object 'Object Repository/Page_CURA Healthcare Service/login_page/buttonLogin' is present

2023-06-24 23:23:52 - [MESSAGE][WARNING] - Timeout '0' is invalid. Using default page load timeout: '30'

2023-06-24 23:23:52 - [MESSAGE][PASSED] - Object 'Object Repository/Page_CURA Healthcare Service/login_page/buttonLogin' is present

2023-06-24 23:23:52 - [TEST_STEP][PASSED] - setText(findTestObject("Object Repository/Page_CURA Healthcare Service/login_page/textfieldUsername"), username): Text 'John Doe' is set on object 'Object Repository/Page_CURA Healthcare Service/login_page/textfieldUsername'

2023-06-24 23:23:53 - [MESSAGE][PASSED] - Text 'John Doe' is set on object 'Object Repository/Page_CURA Healthcare Service/login_page/textfieldUsername'

2023-06-24 23:23:53 - [TEST_STEP][PASSED] - setEncryptedText(findTestObject("Object Repository/Page_CURA Healthcare Service/login_page/textfieldPassword"), password): Text ****** has been set on object 'Object Repository/Page_CURA Healthcare Service/login_page/textfieldPassword'

2023-06-24 23:23:53 - [MESSAGE][PASSED] - Text ****** has been set on object 'Object Repository/Page_CURA Healthcare Service/login_page/textfieldPassword'

2023-06-24 23:23:53 - [TEST_STEP][PASSED] - click(findTestObject("Object Repository/Page_CURA Healthcare Service/login_page/buttonLogin")): Object: 'Object Repository/Page_CURA Healthcare Service/login_page/buttonLogin' is clicked on

2023-06-24 23:23:55 - [MESSAGE][PASSED] - Object: 'Object Repository/Page_CURA Healthcare Service/login_page/buttonLogin' is clicked on

2023-06-24 23:23:55 - [TEST_STEP][PASSED] - verifyElementText(findTestObject("Object Repository/Page_CURA Healthcare Service/make_appointment_page/labelMakeAppointment"), "Make Appointment"): Actual text and expected text of test object 'Object Repository/Page_CURA Healthcare Service/make_appointment_page/labelMakeAppointment' are matched.

2023-06-24 23:23:55 - [MESSAGE][PASSED] - Actual text and expected text of test object 'Object Repository/Page_CURA Healthcare Service/make_appointment_page/labelMakeAppointment' are matched.

2023-06-24 23:23:55 - [MESSAGE][PASSED] - Call Test Case 'Test Cases/step-login' successfully

2023-06-24 23:23:55 - [TEST_STEP][PASSED] - waitForElementPresent(findTestObject("Page_CURA Healthcare Service/login_page/labelLoginFailed"), 0): Object 'Object Repository/Page_CURA Healthcare Service/login_page/labelLoginFailed' is present

2023-06-24 23:23:55 - [MESSAGE][WARNING] - Timeout '0' is invalid. Using default page load timeout: '30'

2023-06-24 23:23:55 - [MESSAGE][PASSED] - Object 'Object Repository/Page_CURA Healthcare Service/login_page/labelLoginFailed' is present

2023-06-24 23:23:55 - [TEST_STEP][PASSED] - closeBrowser(): Browser is closed

2023-06-24 23:23:56 - [MESSAGE][PASSED] - Browser is closed

2023-06-24 23:23:56 - [TEST_STEP][PASSED] - username = "popo": null

2023-06-24 23:23:56 - [TEST_STEP][PASSED] - password = "g3/DOGG74jC3Flrr3yH+3D/yKbOqqUNM": null

2023-06-24 23:23:56 - [TEST_STEP][PASSED] - callTestCase(findTestCase("step-login"), [:], STOP_ON_FAILURE): Call Test Case 'Test Cases/step-login' successfully

2023-06-24 23:23:56 - [TEST_CASE][PASSED] - Test Cases/step-login: Test Cases/step-login

2023-06-24 23:23:56 - [TEST_STEP][PASSED] - openBrowser(""): Browser is opened with url: ''

2023-06-24 23:23:56 - [MESSAGE][INFO] - Starting 'Chrome' driver

2023-06-24 23:23:56 - [MESSAGE][INFO] - Action delay is set to 0 milliseconds

2023-06-24 23:23:57 - [MESSAGE][PASSED] - Browser is opened with url: ''

2023-06-24 23:23:57 - [TEST_STEP][PASSED] - maximizeWindow(): Current window maximized

2023-06-24 23:23:57 - [MESSAGE][PASSED] - Current window maximized

2023-06-24 23:23:57 - [TEST_STEP][PASSED] - navigateToUrl(URL): Navigate to 'https://katalon-demo-cura.herokuapp.com/' successfully

2023-06-24 23:24:01 - [MESSAGE][PASSED] - Navigate to 'https://katalon-demo-cura.herokuapp.com/' successfully

2023-06-24 23:24:01 - [TEST_STEP][PASSED] - waitForElementPresent(findTestObject("Page_CURA Healthcare Service/home_page/labelCURAHealthcareService"), 0): Object 'Object Repository/Page_CURA Healthcare Service/home_page/labelCURAHealthcareService' is present

2023-06-24 23:24:01 - [MESSAGE][WARNING] - Timeout '0' is invalid. Using default page load timeout: '30'

2023-06-24 23:24:01 - [MESSAGE][PASSED] - Object 'Object Repository/Page_CURA Healthcare Service/home_page/labelCURAHealthcareService' is present

2023-06-24 23:24:01 - [TEST_STEP][PASSED] - waitForElementPresent(findTestObject("Page_CURA Healthcare Service/home_page/labelWeCareAboutYourHealth"), 0): Object 'Object Repository/Page_CURA Healthcare Service/home_page/labelWeCareAboutYourHealth' is present

2023-06-24 23:24:01 - [MESSAGE][WARNING] - Timeout '0' is invalid. Using default page load timeout: '30'

2023-06-24 23:24:02 - [MESSAGE][PASSED] - Object 'Object Repository/Page_CURA Healthcare Service/home_page/labelWeCareAboutYourHealth' is present

2023-06-24 23:24:02 - [TEST_STEP][PASSED] - click(findTestObject("Page_CURA Healthcare Service/home_page/buttonMenuToggle")): Object: 'Object Repository/Page_CURA Healthcare Service/home_page/buttonMenuToggle' is clicked on

2023-06-24 23:24:02 - [MESSAGE][PASSED] - Object: 'Object Repository/Page_CURA Healthcare Service/home_page/buttonMenuToggle' is clicked on

2023-06-24 23:24:02 - [TEST_STEP][PASSED] - click(findTestObject("Page_CURA Healthcare Service/home_page/hyperlinkLogin")): Object: 'Object Repository/Page_CURA Healthcare Service/home_page/hyperlinkLogin' is clicked on

2023-06-24 23:24:03 - [MESSAGE][PASSED] - Object: 'Object Repository/Page_CURA Healthcare Service/home_page/hyperlinkLogin' is clicked on

2023-06-24 23:24:03 - [TEST_STEP][PASSED] - waitForElementPresent(findTestObject("Page_CURA Healthcare Service/login_page/labelLogin"), 0): Object 'Object Repository/Page_CURA Healthcare Service/login_page/labelLogin' is present

2023-06-24 23:24:03 - [MESSAGE][WARNING] - Timeout '0' is invalid. Using default page load timeout: '30'

2023-06-24 23:24:04 - [MESSAGE][PASSED] - Object 'Object Repository/Page_CURA Healthcare Service/login_page/labelLogin' is present

2023-06-24 23:24:04 - [TEST_STEP][PASSED] - verifyElementPresent(findTestObject("Page_CURA Healthcare Service/login_page/labelPleaseLoginToMakeAppointment"), 0): Object 'Object Repository/Page_CURA Healthcare Service/login_page/labelPleaseLoginToMakeAppointment' is present

2023-06-24 23:24:04 - [MESSAGE][WARNING] - Timeout '0' is invalid. Using default page load timeout: '30'

2023-06-24 23:24:04 - [MESSAGE][PASSED] - Object 'Object Repository/Page_CURA Healthcare Service/login_page/labelPleaseLoginToMakeAppointment' is present

2023-06-24 23:24:04 - [TEST_STEP][PASSED] - verifyElementPresent(findTestObject("Page_CURA Healthcare Service/login_page/buttonLogin"), 0): Object 'Object Repository/Page_CURA Healthcare Service/login_page/buttonLogin' is present

2023-06-24 23:24:04 - [MESSAGE][WARNING] - Timeout '0' is invalid. Using default page load timeout: '30'

2023-06-24 23:24:04 - [MESSAGE][PASSED] - Object 'Object Repository/Page_CURA Healthcare Service/login_page/buttonLogin' is present

2023-06-24 23:24:04 - [TEST_STEP][PASSED] - setText(findTestObject("Object Repository/Page_CURA Healthcare Service/login_page/textfieldUsername"), username): Text 'popo' is set on object 'Object Repository/Page_CURA Healthcare Service/login_page/textfieldUsername'

2023-06-24 23:24:05 - [MESSAGE][PASSED] - Text 'popo' is set on object 'Object Repository/Page_CURA Healthcare Service/login_page/textfieldUsername'

2023-06-24 23:24:05 - [TEST_STEP][PASSED] - setEncryptedText(findTestObject("Object Repository/Page_CURA Healthcare Service/login_page/textfieldPassword"), password): Text ****** has been set on object 'Object Repository/Page_CURA Healthcare Service/login_page/textfieldPassword'

2023-06-24 23:24:05 - [MESSAGE][PASSED] - Text ****** has been set on object 'Object Repository/Page_CURA Healthcare Service/login_page/textfieldPassword'

2023-06-24 23:24:05 - [TEST_STEP][PASSED] - click(findTestObject("Object Repository/Page_CURA Healthcare Service/login_page/buttonLogin")): Object: 'Object Repository/Page_CURA Healthcare Service/login_page/buttonLogin' is clicked on

2023-06-24 23:24:06 - [MESSAGE][PASSED] - Object: 'Object Repository/Page_CURA Healthcare Service/login_page/buttonLogin' is clicked on

2023-06-24 23:24:06 - [TEST_STEP][PASSED] - verifyElementText(findTestObject("Object Repository/Page_CURA Healthcare Service/make_appointment_page/labelMakeAppointment"), "Make Appointment"): Actual text and expected text of test object 'Object Repository/Page_CURA Healthcare Service/make_appointment_page/labelMakeAppointment' are matched.

2023-06-24 23:24:07 - [MESSAGE][PASSED] - Actual text and expected text of test object 'Object Repository/Page_CURA Healthcare Service/make_appointment_page/labelMakeAppointment' are matched.

2023-06-24 23:24:07 - [MESSAGE][PASSED] - Call Test Case 'Test Cases/step-login' successfully

2023-06-24 23:24:07 - [TEST_STEP][PASSED] - waitForElementPresent(findTestObject("Page_CURA Healthcare Service/login_page/labelLoginFailed"), 0): Object 'Object Repository/Page_CURA Healthcare Service/login_page/labelLoginFailed' is present

2023-06-24 23:24:07 - [MESSAGE][WARNING] - Timeout '0' is invalid. Using default page load timeout: '30'

2023-06-24 23:24:07 - [MESSAGE][PASSED] - Object 'Object Repository/Page_CURA Healthcare Service/login_page/labelLoginFailed' is present

2023-06-24 23:24:07 - [TEST_STEP][PASSED] - closeBrowser(): Browser is closed

2023-06-24 23:24:07 - [MESSAGE][PASSED] - Browser is closed

2023-06-24 23:24:07 - [TEST_STEP][PASSED] - username = "John Doe": null

2023-06-24 23:24:07 - [TEST_STEP][PASSED] - password = "8SQVv/p9jVScEs4/2CZsLw==": null

2023-06-24 23:24:07 - [TEST_STEP][PASSED] - callTestCase(findTestCase("step-login"), [:], STOP_ON_FAILURE): Call Test Case 'Test Cases/step-login' successfully

2023-06-24 23:24:07 - [TEST_CASE][PASSED] - Test Cases/step-login: Test Cases/step-login

2023-06-24 23:24:07 - [TEST_STEP][PASSED] - openBrowser(""): Browser is opened with url: ''

2023-06-24 23:24:07 - [MESSAGE][INFO] - Starting 'Chrome' driver

2023-06-24 23:24:07 - [MESSAGE][INFO] - Action delay is set to 0 milliseconds

2023-06-24 23:24:09 - [MESSAGE][PASSED] - Browser is opened with url: ''

2023-06-24 23:24:09 - [TEST_STEP][PASSED] - maximizeWindow(): Current window maximized

2023-06-24 23:24:09 - [MESSAGE][PASSED] - Current window maximized

2023-06-24 23:24:09 - [TEST_STEP][PASSED] - navigateToUrl(URL): Navigate to 'https://katalon-demo-cura.herokuapp.com/' successfully

2023-06-24 23:24:13 - [MESSAGE][PASSED] - Navigate to 'https://katalon-demo-cura.herokuapp.com/' successfully

2023-06-24 23:24:13 - [TEST_STEP][PASSED] - waitForElementPresent(findTestObject("Page_CURA Healthcare Service/home_page/labelCURAHealthcareService"), 0): Object 'Object Repository/Page_CURA Healthcare Service/home_page/labelCURAHealthcareService' is present

2023-06-24 23:24:13 - [MESSAGE][WARNING] - Timeout '0' is invalid. Using default page load timeout: '30'

2023-06-24 23:24:15 - [MESSAGE][PASSED] - Object 'Object Repository/Page_CURA Healthcare Service/home_page/labelCURAHealthcareService' is present

2023-06-24 23:24:15 - [TEST_STEP][PASSED] - waitForElementPresent(findTestObject("Page_CURA Healthcare Service/home_page/labelWeCareAboutYourHealth"), 0): Object 'Object Repository/Page_CURA Healthcare Service/home_page/labelWeCareAboutYourHealth' is present

2023-06-24 23:24:15 - [MESSAGE][WARNING] - Timeout '0' is invalid. Using default page load timeout: '30'

2023-06-24 23:24:15 - [MESSAGE][PASSED] - Object 'Object Repository/Page_CURA Healthcare Service/home_page/labelWeCareAboutYourHealth' is present

2023-06-24 23:24:15 - [TEST_STEP][PASSED] - click(findTestObject("Page_CURA Healthcare Service/home_page/buttonMenuToggle")): Object: 'Object Repository/Page_CURA Healthcare Service/home_page/buttonMenuToggle' is clicked on

2023-06-24 23:24:15 - [MESSAGE][PASSED] - Object: 'Object Repository/Page_CURA Healthcare Service/home_page/buttonMenuToggle' is clicked on

2023-06-24 23:24:15 - [TEST_STEP][PASSED] - click(findTestObject("Page_CURA Healthcare Service/home_page/hyperlinkLogin")): Object: 'Object Repository/Page_CURA Healthcare Service/home_page/hyperlinkLogin' is clicked on

2023-06-24 23:24:17 - [MESSAGE][PASSED] - Object: 'Object Repository/Page_CURA Healthcare Service/home_page/hyperlinkLogin' is clicked on

2023-06-24 23:24:17 - [TEST_STEP][PASSED] - waitForElementPresent(findTestObject("Page_CURA Healthcare Service/login_page/labelLogin"), 0): Object 'Object Repository/Page_CURA Healthcare Service/login_page/labelLogin' is present

2023-06-24 23:24:17 - [MESSAGE][WARNING] - Timeout '0' is invalid. Using default page load timeout: '30'

2023-06-24 23:24:17 - [MESSAGE][PASSED] - Object 'Object Repository/Page_CURA Healthcare Service/login_page/labelLogin' is present

2023-06-24 23:24:17 - [TEST_STEP][PASSED] - verifyElementPresent(findTestObject("Page_CURA Healthcare Service/login_page/labelPleaseLoginToMakeAppointment"), 0): Object 'Object Repository/Page_CURA Healthcare Service/login_page/labelPleaseLoginToMakeAppointment' is present

2023-06-24 23:24:17 - [MESSAGE][WARNING] - Timeout '0' is invalid. Using default page load timeout: '30'

2023-06-24 23:24:17 - [MESSAGE][PASSED] - Object 'Object Repository/Page_CURA Healthcare Service/login_page/labelPleaseLoginToMakeAppointment' is present

2023-06-24 23:24:17 - [TEST_STEP][PASSED] - verifyElementPresent(findTestObject("Page_CURA Healthcare Service/login_page/buttonLogin"), 0): Object 'Object Repository/Page_CURA Healthcare Service/login_page/buttonLogin' is present

2023-06-24 23:24:17 - [MESSAGE][WARNING] - Timeout '0' is invalid. Using default page load timeout: '30'

2023-06-24 23:24:18 - [MESSAGE][PASSED] - Object 'Object Repository/Page_CURA Healthcare Service/login_page/buttonLogin' is present

2023-06-24 23:24:18 - [TEST_STEP][PASSED] - setText(findTestObject("Object Repository/Page_CURA Healthcare Service/login_page/textfieldUsername"), username): Text 'John Doe' is set on object 'Object Repository/Page_CURA Healthcare Service/login_page/textfieldUsername'

2023-06-24 23:24:18 - [MESSAGE][PASSED] - Text 'John Doe' is set on object 'Object Repository/Page_CURA Healthcare Service/login_page/textfieldUsername'

2023-06-24 23:24:18 - [TEST_STEP][PASSED] - setEncryptedText(findTestObject("Object Repository/Page_CURA Healthcare Service/login_page/textfieldPassword"), password): Text ****** has been set on object 'Object Repository/Page_CURA Healthcare Service/login_page/textfieldPassword'

2023-06-24 23:24:19 - [MESSAGE][PASSED] - Text ****** has been set on object 'Object Repository/Page_CURA Healthcare Service/login_page/textfieldPassword'

2023-06-24 23:24:19 - [TEST_STEP][PASSED] - click(findTestObject("Object Repository/Page_CURA Healthcare Service/login_page/buttonLogin")): Object: 'Object Repository/Page_CURA Healthcare Service/login_page/buttonLogin' is clicked on

2023-06-24 23:24:20 - [MESSAGE][PASSED] - Object: 'Object Repository/Page_CURA Healthcare Service/login_page/buttonLogin' is clicked on

2023-06-24 23:24:20 - [TEST_STEP][PASSED] - verifyElementText(findTestObject("Object Repository/Page_CURA Healthcare Service/make_appointment_page/labelMakeAppointment"), "Make Appointment"): Actual text and expected text of test object 'Object Repository/Page_CURA Healthcare Service/make_appointment_page/labelMakeAppointment' are matched.

2023-06-24 23:24:20 - [MESSAGE][PASSED] - Actual text and expected text of test object 'Object Repository/Page_CURA Healthcare Service/make_appointment_page/labelMakeAppointment' are matched.

2023-06-24 23:24:20 - [MESSAGE][PASSED] - Call Test Case 'Test Cases/step-login' successfully

2023-06-24 23:24:20 - [TEST_STEP][PASSED] - waitForElementPresent(findTestObject("Page_CURA Healthcare Service/login_page/labelLoginFailed"), 0): Object 'Object Repository/Page_CURA Healthcare Service/login_page/labelLoginFailed' is present

2023-06-24 23:24:20 - [MESSAGE][WARNING] - Timeout '0' is invalid. Using default page load timeout: '30'

2023-06-24 23:24:21 - [MESSAGE][PASSED] - Object 'Object Repository/Page_CURA Healthcare Service/login_page/labelLoginFailed' is present

2023-06-24 23:24:21 - [TEST_STEP][PASSED] - Finally: Browser is closed

2023-06-24 23:24:21 - [TEST_STEP][PASSED] - closeBrowser(): Browser is closed

2023-06-24 23:24:21 - [MESSAGE][PASSED] - Browser is closed]]></system-out>
         <system-err><![CDATA[]]></system-err>
      </testcase>
      <system-out><![CDATA[2023-06-24 23:22:26 - [TEST_SUITE][PASSED] - TS-Login-Logout: Test Cases/SC-Login-Logout/TC03-login-failed]]></system-out>
      <system-err><![CDATA[]]></system-err>
   </testsuite>
</testsuites>
