<?xml version="1.0" encoding="UTF-8"?>
<testsuites name="TS-Login-Logout" time="147.705" tests="3" failures="0" errors="0">
   <testsuite name="TS-Login-Logout" tests="3" failures="0" errors="0" time="147.705" skipped="0" timestamp="2023-06-24 23:16:38" hostname="mitapitriaheni - 192.168.1.104" id="Test Suites/TS-Login-Logout">
      <properties>
         <property name="deviceName" value=""/>
         <property name="devicePlatform" value=""/>
         <property name="logFolder" value="/Users/mitapitriaheni/git/test-msbu/Reports/20230624_231630/TS-Login-Logout/20230624_231630"/>
         <property name="logFiles" value="/Users/mitapitriaheni/git/test-msbu/Reports/20230624_231630/TS-Login-Logout/20230624_231630/execution0.log"/>
         <property name="attachments" value=""/>
         <property name="hostName" value="mitapitriaheni - 192.168.1.104"/>
         <property name="os" value="Mac OS X 64bit"/>
         <property name="katalonVersion" value="8.6.5.208"/>
         <property name="browser" value="Chrome 114.0.0.0"/>
         <property name="hostAddress" value="192.168.1.104"/>
         <property name="sessionId" value="36f2b620c28957f3cefa19652440b3c9"/>
         <property name="seleniumVersion" value="3.141.59"/>
         <property name="proxyInformation" value="ProxyInformation { proxyOption=NO_PROXY, proxyServerType=HTTP, username=, password=********, proxyServerAddress=, proxyServerPort=0, executionList=&quot;&quot;, isApplyToDesiredCapabilities=true }"/>
         <property name="platform" value="Mac OS X"/>
      </properties>
      <testcase name="Test Cases/SC-Login-Logout/TC01-login-success" time="14.952" classname="Test Cases/SC-Login-Logout/TC01-login-success" status="PASSED">
         <system-out><![CDATA[2023-06-24 23:16:38 - [TEST_CASE][PASSED] - Test Cases/SC-Login-Logout/TC01-login-success: Test Cases/SC-Login-Logout/TC01-login-success

2023-06-24 23:16:38 - [TEST_STEP][PASSED] - try: Object 'Object Repository/Page_CURA Healthcare Service/make_appointment_page/labelMakeAppointment' is present

2023-06-24 23:16:38 - [TEST_STEP][PASSED] - callTestCase(findTestCase("step-login"), [:], STOP_ON_FAILURE): Call Test Case 'Test Cases/step-login' successfully

2023-06-24 23:16:38 - [TEST_CASE][PASSED] - Test Cases/step-login: Test Cases/step-login

2023-06-24 23:16:38 - [TEST_STEP][PASSED] - openBrowser(""): Browser is opened with url: ''

2023-06-24 23:16:39 - [MESSAGE][INFO] - Starting 'Chrome' driver

2023-06-24 23:16:39 - [MESSAGE][INFO] - Action delay is set to 0 milliseconds

2023-06-24 23:16:41 - [MESSAGE][PASSED] - Browser is opened with url: ''

2023-06-24 23:16:41 - [TEST_STEP][PASSED] - navigateToUrl(URL): Navigate to 'https://katalon-demo-cura.herokuapp.com/' successfully

2023-06-24 23:16:45 - [MESSAGE][PASSED] - Navigate to 'https://katalon-demo-cura.herokuapp.com/' successfully

2023-06-24 23:16:45 - [TEST_STEP][PASSED] - waitForElementPresent(findTestObject("Page_CURA Healthcare Service/home_page/labelCURAHealthcareService"), 0): Object 'Object Repository/Page_CURA Healthcare Service/home_page/labelCURAHealthcareService' is present

2023-06-24 23:16:45 - [MESSAGE][WARNING] - Timeout '0' is invalid. Using default page load timeout: '30'

2023-06-24 23:16:46 - [MESSAGE][PASSED] - Object 'Object Repository/Page_CURA Healthcare Service/home_page/labelCURAHealthcareService' is present

2023-06-24 23:16:46 - [TEST_STEP][PASSED] - waitForElementPresent(findTestObject("Page_CURA Healthcare Service/home_page/labelWeCareAboutYourHealth"), 0): Object 'Object Repository/Page_CURA Healthcare Service/home_page/labelWeCareAboutYourHealth' is present

2023-06-24 23:16:46 - [MESSAGE][WARNING] - Timeout '0' is invalid. Using default page load timeout: '30'

2023-06-24 23:16:47 - [MESSAGE][PASSED] - Object 'Object Repository/Page_CURA Healthcare Service/home_page/labelWeCareAboutYourHealth' is present

2023-06-24 23:16:47 - [TEST_STEP][PASSED] - click(findTestObject("Page_CURA Healthcare Service/home_page/buttonMenuToggle")): Object: 'Object Repository/Page_CURA Healthcare Service/home_page/buttonMenuToggle' is clicked on

2023-06-24 23:16:48 - [MESSAGE][PASSED] - Object: 'Object Repository/Page_CURA Healthcare Service/home_page/buttonMenuToggle' is clicked on

2023-06-24 23:16:48 - [TEST_STEP][PASSED] - click(findTestObject("Page_CURA Healthcare Service/home_page/hyperlinkLogin")): Object: 'Object Repository/Page_CURA Healthcare Service/home_page/hyperlinkLogin' is clicked on

2023-06-24 23:16:49 - [MESSAGE][PASSED] - Object: 'Object Repository/Page_CURA Healthcare Service/home_page/hyperlinkLogin' is clicked on

2023-06-24 23:16:49 - [TEST_STEP][PASSED] - waitForElementPresent(findTestObject("Page_CURA Healthcare Service/login_page/labelLogin"), 0): Object 'Object Repository/Page_CURA Healthcare Service/login_page/labelLogin' is present

2023-06-24 23:16:49 - [MESSAGE][WARNING] - Timeout '0' is invalid. Using default page load timeout: '30'

2023-06-24 23:16:49 - [MESSAGE][PASSED] - Object 'Object Repository/Page_CURA Healthcare Service/login_page/labelLogin' is present

2023-06-24 23:16:49 - [TEST_STEP][PASSED] - verifyElementPresent(findTestObject("Page_CURA Healthcare Service/login_page/labelPleaseLoginToMakeAppointment"), 0): Object 'Object Repository/Page_CURA Healthcare Service/login_page/labelPleaseLoginToMakeAppointment' is present

2023-06-24 23:16:50 - [MESSAGE][WARNING] - Timeout '0' is invalid. Using default page load timeout: '30'

2023-06-24 23:16:50 - [MESSAGE][PASSED] - Object 'Object Repository/Page_CURA Healthcare Service/login_page/labelPleaseLoginToMakeAppointment' is present

2023-06-24 23:16:50 - [TEST_STEP][PASSED] - verifyElementPresent(findTestObject("Page_CURA Healthcare Service/login_page/buttonLogin"), 0): Object 'Object Repository/Page_CURA Healthcare Service/login_page/buttonLogin' is present

2023-06-24 23:16:50 - [MESSAGE][WARNING] - Timeout '0' is invalid. Using default page load timeout: '30'

2023-06-24 23:16:50 - [MESSAGE][PASSED] - Object 'Object Repository/Page_CURA Healthcare Service/login_page/buttonLogin' is present

2023-06-24 23:16:50 - [TEST_STEP][PASSED] - setText(findTestObject("Object Repository/Page_CURA Healthcare Service/login_page/textfieldUsername"), username): Text 'John Doe' is set on object 'Object Repository/Page_CURA Healthcare Service/login_page/textfieldUsername'

2023-06-24 23:16:51 - [MESSAGE][PASSED] - Text 'John Doe' is set on object 'Object Repository/Page_CURA Healthcare Service/login_page/textfieldUsername'

2023-06-24 23:16:51 - [TEST_STEP][PASSED] - setEncryptedText(findTestObject("Object Repository/Page_CURA Healthcare Service/login_page/textfieldPassword"), password): Text ****** has been set on object 'Object Repository/Page_CURA Healthcare Service/login_page/textfieldPassword'

2023-06-24 23:16:51 - [MESSAGE][PASSED] - Text ****** has been set on object 'Object Repository/Page_CURA Healthcare Service/login_page/textfieldPassword'

2023-06-24 23:16:51 - [TEST_STEP][PASSED] - click(findTestObject("Object Repository/Page_CURA Healthcare Service/login_page/buttonLogin")): Object: 'Object Repository/Page_CURA Healthcare Service/login_page/buttonLogin' is clicked on

2023-06-24 23:16:52 - [MESSAGE][PASSED] - Object: 'Object Repository/Page_CURA Healthcare Service/login_page/buttonLogin' is clicked on

2023-06-24 23:16:52 - [TEST_STEP][PASSED] - verifyElementText(findTestObject("Object Repository/Page_CURA Healthcare Service/make_appointment_page/labelMakeAppointment"), "Make Appointment"): Actual text and expected text of test object 'Object Repository/Page_CURA Healthcare Service/make_appointment_page/labelMakeAppointment' are matched.

2023-06-24 23:16:53 - [MESSAGE][PASSED] - Actual text and expected text of test object 'Object Repository/Page_CURA Healthcare Service/make_appointment_page/labelMakeAppointment' are matched.

2023-06-24 23:16:53 - [MESSAGE][PASSED] - Call Test Case 'Test Cases/step-login' successfully

2023-06-24 23:16:53 - [TEST_STEP][PASSED] - waitForElementPresent(findTestObject("Object Repository/Page_CURA Healthcare Service/make_appointment_page/labelMakeAppointment"), 0): Object 'Object Repository/Page_CURA Healthcare Service/make_appointment_page/labelMakeAppointment' is present

2023-06-24 23:16:53 - [MESSAGE][WARNING] - Timeout '0' is invalid. Using default page load timeout: '30'

2023-06-24 23:16:53 - [MESSAGE][PASSED] - Object 'Object Repository/Page_CURA Healthcare Service/make_appointment_page/labelMakeAppointment' is present

2023-06-24 23:16:53 - [TEST_STEP][PASSED] - Finally: Browser is closed

2023-06-24 23:16:53 - [TEST_STEP][PASSED] - closeBrowser(): Browser is closed

2023-06-24 23:16:53 - [MESSAGE][PASSED] - Browser is closed]]></system-out>
         <system-err><![CDATA[]]></system-err>
      </testcase>
      <testcase name="Test Cases/SC-Login-Logout/TC02-logout-success" time="23.385" classname="Test Cases/SC-Login-Logout/TC02-logout-success" status="PASSED">
         <system-out><![CDATA[2023-06-24 23:16:53 - [TEST_CASE][PASSED] - Test Cases/SC-Login-Logout/TC02-logout-success: Test Cases/SC-Login-Logout/TC02-logout-success

2023-06-24 23:16:53 - [TEST_STEP][PASSED] - try: Object 'Object Repository/Page_CURA Healthcare Service/home_page/hyperlinkLogin' is present

2023-06-24 23:16:53 - [TEST_STEP][PASSED] - callTestCase(findTestCase("step-login"), [:], STOP_ON_FAILURE): Call Test Case 'Test Cases/step-login' successfully

2023-06-24 23:16:53 - [TEST_CASE][PASSED] - Test Cases/step-login: Test Cases/step-login

2023-06-24 23:16:53 - [TEST_STEP][PASSED] - openBrowser(""): Browser is opened with url: ''

2023-06-24 23:16:53 - [MESSAGE][INFO] - Starting 'Chrome' driver

2023-06-24 23:16:53 - [MESSAGE][INFO] - Action delay is set to 0 milliseconds

2023-06-24 23:16:54 - [MESSAGE][PASSED] - Browser is opened with url: ''

2023-06-24 23:16:54 - [TEST_STEP][PASSED] - navigateToUrl(URL): Navigate to 'https://katalon-demo-cura.herokuapp.com/' successfully

2023-06-24 23:17:05 - [MESSAGE][PASSED] - Navigate to 'https://katalon-demo-cura.herokuapp.com/' successfully

2023-06-24 23:17:05 - [TEST_STEP][PASSED] - waitForElementPresent(findTestObject("Page_CURA Healthcare Service/home_page/labelCURAHealthcareService"), 0): Object 'Object Repository/Page_CURA Healthcare Service/home_page/labelCURAHealthcareService' is present

2023-06-24 23:17:05 - [MESSAGE][WARNING] - Timeout '0' is invalid. Using default page load timeout: '30'

2023-06-24 23:17:06 - [MESSAGE][PASSED] - Object 'Object Repository/Page_CURA Healthcare Service/home_page/labelCURAHealthcareService' is present

2023-06-24 23:17:06 - [TEST_STEP][PASSED] - waitForElementPresent(findTestObject("Page_CURA Healthcare Service/home_page/labelWeCareAboutYourHealth"), 0): Object 'Object Repository/Page_CURA Healthcare Service/home_page/labelWeCareAboutYourHealth' is present

2023-06-24 23:17:06 - [MESSAGE][WARNING] - Timeout '0' is invalid. Using default page load timeout: '30'

2023-06-24 23:17:06 - [MESSAGE][PASSED] - Object 'Object Repository/Page_CURA Healthcare Service/home_page/labelWeCareAboutYourHealth' is present

2023-06-24 23:17:06 - [TEST_STEP][PASSED] - click(findTestObject("Page_CURA Healthcare Service/home_page/buttonMenuToggle")): Object: 'Object Repository/Page_CURA Healthcare Service/home_page/buttonMenuToggle' is clicked on

2023-06-24 23:17:06 - [MESSAGE][PASSED] - Object: 'Object Repository/Page_CURA Healthcare Service/home_page/buttonMenuToggle' is clicked on

2023-06-24 23:17:06 - [TEST_STEP][PASSED] - click(findTestObject("Page_CURA Healthcare Service/home_page/hyperlinkLogin")): Object: 'Object Repository/Page_CURA Healthcare Service/home_page/hyperlinkLogin' is clicked on

2023-06-24 23:17:08 - [MESSAGE][PASSED] - Object: 'Object Repository/Page_CURA Healthcare Service/home_page/hyperlinkLogin' is clicked on

2023-06-24 23:17:08 - [TEST_STEP][PASSED] - waitForElementPresent(findTestObject("Page_CURA Healthcare Service/login_page/labelLogin"), 0): Object 'Object Repository/Page_CURA Healthcare Service/login_page/labelLogin' is present

2023-06-24 23:17:08 - [MESSAGE][WARNING] - Timeout '0' is invalid. Using default page load timeout: '30'

2023-06-24 23:17:08 - [MESSAGE][PASSED] - Object 'Object Repository/Page_CURA Healthcare Service/login_page/labelLogin' is present

2023-06-24 23:17:08 - [TEST_STEP][PASSED] - verifyElementPresent(findTestObject("Page_CURA Healthcare Service/login_page/labelPleaseLoginToMakeAppointment"), 0): Object 'Object Repository/Page_CURA Healthcare Service/login_page/labelPleaseLoginToMakeAppointment' is present

2023-06-24 23:17:08 - [MESSAGE][WARNING] - Timeout '0' is invalid. Using default page load timeout: '30'

2023-06-24 23:17:08 - [MESSAGE][PASSED] - Object 'Object Repository/Page_CURA Healthcare Service/login_page/labelPleaseLoginToMakeAppointment' is present

2023-06-24 23:17:08 - [TEST_STEP][PASSED] - verifyElementPresent(findTestObject("Page_CURA Healthcare Service/login_page/buttonLogin"), 0): Object 'Object Repository/Page_CURA Healthcare Service/login_page/buttonLogin' is present

2023-06-24 23:17:08 - [MESSAGE][WARNING] - Timeout '0' is invalid. Using default page load timeout: '30'

2023-06-24 23:17:09 - [MESSAGE][PASSED] - Object 'Object Repository/Page_CURA Healthcare Service/login_page/buttonLogin' is present

2023-06-24 23:17:09 - [TEST_STEP][PASSED] - setText(findTestObject("Object Repository/Page_CURA Healthcare Service/login_page/textfieldUsername"), username): Text 'John Doe' is set on object 'Object Repository/Page_CURA Healthcare Service/login_page/textfieldUsername'

2023-06-24 23:17:09 - [MESSAGE][PASSED] - Text 'John Doe' is set on object 'Object Repository/Page_CURA Healthcare Service/login_page/textfieldUsername'

2023-06-24 23:17:09 - [TEST_STEP][PASSED] - setEncryptedText(findTestObject("Object Repository/Page_CURA Healthcare Service/login_page/textfieldPassword"), password): Text ****** has been set on object 'Object Repository/Page_CURA Healthcare Service/login_page/textfieldPassword'

2023-06-24 23:17:10 - [MESSAGE][PASSED] - Text ****** has been set on object 'Object Repository/Page_CURA Healthcare Service/login_page/textfieldPassword'

2023-06-24 23:17:10 - [TEST_STEP][PASSED] - click(findTestObject("Object Repository/Page_CURA Healthcare Service/login_page/buttonLogin")): Object: 'Object Repository/Page_CURA Healthcare Service/login_page/buttonLogin' is clicked on

2023-06-24 23:17:13 - [MESSAGE][PASSED] - Object: 'Object Repository/Page_CURA Healthcare Service/login_page/buttonLogin' is clicked on

2023-06-24 23:17:13 - [TEST_STEP][PASSED] - verifyElementText(findTestObject("Object Repository/Page_CURA Healthcare Service/make_appointment_page/labelMakeAppointment"), "Make Appointment"): Actual text and expected text of test object 'Object Repository/Page_CURA Healthcare Service/make_appointment_page/labelMakeAppointment' are matched.

2023-06-24 23:17:13 - [MESSAGE][PASSED] - Actual text and expected text of test object 'Object Repository/Page_CURA Healthcare Service/make_appointment_page/labelMakeAppointment' are matched.

2023-06-24 23:17:13 - [MESSAGE][PASSED] - Call Test Case 'Test Cases/step-login' successfully

2023-06-24 23:17:13 - [TEST_STEP][PASSED] - verifyElementText(findTestObject("Object Repository/Page_CURA Healthcare Service/make_appointment_page/labelMakeAppointment"), "Make Appointment"): Actual text and expected text of test object 'Object Repository/Page_CURA Healthcare Service/make_appointment_page/labelMakeAppointment' are matched.

2023-06-24 23:17:13 - [MESSAGE][PASSED] - Actual text and expected text of test object 'Object Repository/Page_CURA Healthcare Service/make_appointment_page/labelMakeAppointment' are matched.

2023-06-24 23:17:13 - [TEST_STEP][PASSED] - click(findTestObject("Page_CURA Healthcare Service/home_page/buttonMenuToggle")): Object: 'Object Repository/Page_CURA Healthcare Service/home_page/buttonMenuToggle' is clicked on

2023-06-24 23:17:14 - [MESSAGE][PASSED] - Object: 'Object Repository/Page_CURA Healthcare Service/home_page/buttonMenuToggle' is clicked on

2023-06-24 23:17:14 - [TEST_STEP][PASSED] - click(findTestObject("Page_CURA Healthcare Service/home_page/hyperlinkLogout")): Object: 'Object Repository/Page_CURA Healthcare Service/home_page/hyperlinkLogout' is clicked on

2023-06-24 23:17:15 - [MESSAGE][PASSED] - Object: 'Object Repository/Page_CURA Healthcare Service/home_page/hyperlinkLogout' is clicked on

2023-06-24 23:17:15 - [TEST_STEP][PASSED] - waitForElementPresent(findTestObject("Page_CURA Healthcare Service/home_page/labelCURAHealthcareService"), 0): Object 'Object Repository/Page_CURA Healthcare Service/home_page/labelCURAHealthcareService' is present

2023-06-24 23:17:15 - [MESSAGE][WARNING] - Timeout '0' is invalid. Using default page load timeout: '30'

2023-06-24 23:17:15 - [MESSAGE][PASSED] - Object 'Object Repository/Page_CURA Healthcare Service/home_page/labelCURAHealthcareService' is present

2023-06-24 23:17:15 - [TEST_STEP][PASSED] - click(findTestObject("Page_CURA Healthcare Service/home_page/buttonMenuToggle")): Object: 'Object Repository/Page_CURA Healthcare Service/home_page/buttonMenuToggle' is clicked on

2023-06-24 23:17:16 - [MESSAGE][PASSED] - Object: 'Object Repository/Page_CURA Healthcare Service/home_page/buttonMenuToggle' is clicked on

2023-06-24 23:17:16 - [TEST_STEP][PASSED] - waitForElementPresent(findTestObject("Page_CURA Healthcare Service/home_page/hyperlinkLogin"), 0): Object 'Object Repository/Page_CURA Healthcare Service/home_page/hyperlinkLogin' is present

2023-06-24 23:17:16 - [MESSAGE][WARNING] - Timeout '0' is invalid. Using default page load timeout: '30'

2023-06-24 23:17:16 - [MESSAGE][PASSED] - Object 'Object Repository/Page_CURA Healthcare Service/home_page/hyperlinkLogin' is present

2023-06-24 23:17:16 - [TEST_STEP][PASSED] - Finally: Browser is closed

2023-06-24 23:17:16 - [TEST_STEP][PASSED] - closeBrowser(): Browser is closed

2023-06-24 23:17:16 - [MESSAGE][PASSED] - Browser is closed]]></system-out>
         <system-err><![CDATA[]]></system-err>
      </testcase>
      <testcase name="Test Cases/SC-Login-Logout/TC03-login-failed" time="109.191" classname="Test Cases/SC-Login-Logout/TC03-login-failed" status="PASSED">
         <system-out><![CDATA[2023-06-24 23:17:16 - [TEST_CASE][PASSED] - Test Cases/SC-Login-Logout/TC03-login-failed: Test Cases/SC-Login-Logout/TC03-login-failed

2023-06-24 23:17:16 - [TEST_STEP][PASSED] - try: Object 'Object Repository/Page_CURA Healthcare Service/login_page/labelLoginFailed' is present

2023-06-24 23:17:16 - [TEST_STEP][PASSED] - username = "": null

2023-06-24 23:17:16 - [TEST_STEP][PASSED] - password = "g3/DOGG74jC3Flrr3yH+3D/yKbOqqUNM": null

2023-06-24 23:17:16 - [TEST_STEP][PASSED] - callTestCase(findTestCase("step-login"), [:], STOP_ON_FAILURE): Call Test Case 'Test Cases/step-login' successfully

2023-06-24 23:17:17 - [TEST_CASE][PASSED] - Test Cases/step-login: Test Cases/step-login

2023-06-24 23:17:17 - [TEST_STEP][PASSED] - openBrowser(""): Browser is opened with url: ''

2023-06-24 23:17:17 - [MESSAGE][INFO] - Starting 'Chrome' driver

2023-06-24 23:17:17 - [MESSAGE][INFO] - Action delay is set to 0 milliseconds

2023-06-24 23:17:18 - [MESSAGE][PASSED] - Browser is opened with url: ''

2023-06-24 23:17:18 - [TEST_STEP][PASSED] - navigateToUrl(URL): Navigate to 'https://katalon-demo-cura.herokuapp.com/' successfully

2023-06-24 23:17:35 - [MESSAGE][PASSED] - Navigate to 'https://katalon-demo-cura.herokuapp.com/' successfully

2023-06-24 23:17:35 - [TEST_STEP][PASSED] - waitForElementPresent(findTestObject("Page_CURA Healthcare Service/home_page/labelCURAHealthcareService"), 0): Object 'Object Repository/Page_CURA Healthcare Service/home_page/labelCURAHealthcareService' is present

2023-06-24 23:17:35 - [MESSAGE][WARNING] - Timeout '0' is invalid. Using default page load timeout: '30'

2023-06-24 23:17:35 - [MESSAGE][PASSED] - Object 'Object Repository/Page_CURA Healthcare Service/home_page/labelCURAHealthcareService' is present

2023-06-24 23:17:35 - [TEST_STEP][PASSED] - waitForElementPresent(findTestObject("Page_CURA Healthcare Service/home_page/labelWeCareAboutYourHealth"), 0): Object 'Object Repository/Page_CURA Healthcare Service/home_page/labelWeCareAboutYourHealth' is present

2023-06-24 23:17:35 - [MESSAGE][WARNING] - Timeout '0' is invalid. Using default page load timeout: '30'

2023-06-24 23:17:36 - [MESSAGE][PASSED] - Object 'Object Repository/Page_CURA Healthcare Service/home_page/labelWeCareAboutYourHealth' is present

2023-06-24 23:17:36 - [TEST_STEP][PASSED] - click(findTestObject("Page_CURA Healthcare Service/home_page/buttonMenuToggle")): Object: 'Object Repository/Page_CURA Healthcare Service/home_page/buttonMenuToggle' is clicked on

2023-06-24 23:17:36 - [MESSAGE][PASSED] - Object: 'Object Repository/Page_CURA Healthcare Service/home_page/buttonMenuToggle' is clicked on

2023-06-24 23:17:36 - [TEST_STEP][PASSED] - click(findTestObject("Page_CURA Healthcare Service/home_page/hyperlinkLogin")): Object: 'Object Repository/Page_CURA Healthcare Service/home_page/hyperlinkLogin' is clicked on

2023-06-24 23:17:37 - [MESSAGE][PASSED] - Object: 'Object Repository/Page_CURA Healthcare Service/home_page/hyperlinkLogin' is clicked on

2023-06-24 23:17:37 - [TEST_STEP][PASSED] - waitForElementPresent(findTestObject("Page_CURA Healthcare Service/login_page/labelLogin"), 0): Object 'Object Repository/Page_CURA Healthcare Service/login_page/labelLogin' is present

2023-06-24 23:17:37 - [MESSAGE][WARNING] - Timeout '0' is invalid. Using default page load timeout: '30'

2023-06-24 23:17:37 - [MESSAGE][PASSED] - Object 'Object Repository/Page_CURA Healthcare Service/login_page/labelLogin' is present

2023-06-24 23:17:37 - [TEST_STEP][PASSED] - verifyElementPresent(findTestObject("Page_CURA Healthcare Service/login_page/labelPleaseLoginToMakeAppointment"), 0): Object 'Object Repository/Page_CURA Healthcare Service/login_page/labelPleaseLoginToMakeAppointment' is present

2023-06-24 23:17:37 - [MESSAGE][WARNING] - Timeout '0' is invalid. Using default page load timeout: '30'

2023-06-24 23:17:37 - [MESSAGE][PASSED] - Object 'Object Repository/Page_CURA Healthcare Service/login_page/labelPleaseLoginToMakeAppointment' is present

2023-06-24 23:17:37 - [TEST_STEP][PASSED] - verifyElementPresent(findTestObject("Page_CURA Healthcare Service/login_page/buttonLogin"), 0): Object 'Object Repository/Page_CURA Healthcare Service/login_page/buttonLogin' is present

2023-06-24 23:17:37 - [MESSAGE][WARNING] - Timeout '0' is invalid. Using default page load timeout: '30'

2023-06-24 23:17:38 - [MESSAGE][PASSED] - Object 'Object Repository/Page_CURA Healthcare Service/login_page/buttonLogin' is present

2023-06-24 23:17:38 - [TEST_STEP][PASSED] - setText(findTestObject("Object Repository/Page_CURA Healthcare Service/login_page/textfieldUsername"), username): Text '' is set on object 'Object Repository/Page_CURA Healthcare Service/login_page/textfieldUsername'

2023-06-24 23:17:38 - [MESSAGE][PASSED] - Text '' is set on object 'Object Repository/Page_CURA Healthcare Service/login_page/textfieldUsername'

2023-06-24 23:17:38 - [TEST_STEP][PASSED] - setEncryptedText(findTestObject("Object Repository/Page_CURA Healthcare Service/login_page/textfieldPassword"), password): Text ****** has been set on object 'Object Repository/Page_CURA Healthcare Service/login_page/textfieldPassword'

2023-06-24 23:17:39 - [MESSAGE][PASSED] - Text ****** has been set on object 'Object Repository/Page_CURA Healthcare Service/login_page/textfieldPassword'

2023-06-24 23:17:39 - [TEST_STEP][PASSED] - click(findTestObject("Object Repository/Page_CURA Healthcare Service/login_page/buttonLogin")): Object: 'Object Repository/Page_CURA Healthcare Service/login_page/buttonLogin' is clicked on

2023-06-24 23:17:41 - [MESSAGE][PASSED] - Object: 'Object Repository/Page_CURA Healthcare Service/login_page/buttonLogin' is clicked on

2023-06-24 23:17:41 - [TEST_STEP][PASSED] - verifyElementText(findTestObject("Object Repository/Page_CURA Healthcare Service/make_appointment_page/labelMakeAppointment"), "Make Appointment"): Actual text and expected text of test object 'Object Repository/Page_CURA Healthcare Service/make_appointment_page/labelMakeAppointment' are matched.

2023-06-24 23:17:42 - [MESSAGE][PASSED] - Actual text and expected text of test object 'Object Repository/Page_CURA Healthcare Service/make_appointment_page/labelMakeAppointment' are matched.

2023-06-24 23:17:42 - [MESSAGE][PASSED] - Call Test Case 'Test Cases/step-login' successfully

2023-06-24 23:17:42 - [TEST_STEP][PASSED] - waitForElementPresent(findTestObject("Page_CURA Healthcare Service/login_page/labelLoginFailed"), 0): Object 'Object Repository/Page_CURA Healthcare Service/login_page/labelLoginFailed' is present

2023-06-24 23:17:42 - [MESSAGE][WARNING] - Timeout '0' is invalid. Using default page load timeout: '30'

2023-06-24 23:17:42 - [MESSAGE][PASSED] - Object 'Object Repository/Page_CURA Healthcare Service/login_page/labelLoginFailed' is present

2023-06-24 23:17:42 - [TEST_STEP][PASSED] - closeBrowser(): Browser is closed

2023-06-24 23:17:42 - [MESSAGE][PASSED] - Browser is closed

2023-06-24 23:17:42 - [TEST_STEP][PASSED] - username = "John Doe": null

2023-06-24 23:17:42 - [TEST_STEP][PASSED] - password = "": null

2023-06-24 23:17:42 - [TEST_STEP][PASSED] - callTestCase(findTestCase("step-login"), [:], STOP_ON_FAILURE): Call Test Case 'Test Cases/step-login' successfully

2023-06-24 23:17:42 - [TEST_CASE][PASSED] - Test Cases/step-login: Test Cases/step-login

2023-06-24 23:17:42 - [TEST_STEP][PASSED] - openBrowser(""): Browser is opened with url: ''

2023-06-24 23:17:42 - [MESSAGE][INFO] - Starting 'Chrome' driver

2023-06-24 23:17:42 - [MESSAGE][INFO] - Action delay is set to 0 milliseconds

2023-06-24 23:17:43 - [MESSAGE][PASSED] - Browser is opened with url: ''

2023-06-24 23:17:43 - [TEST_STEP][PASSED] - navigateToUrl(URL): Navigate to 'https://katalon-demo-cura.herokuapp.com/' successfully

2023-06-24 23:17:54 - [MESSAGE][PASSED] - Navigate to 'https://katalon-demo-cura.herokuapp.com/' successfully

2023-06-24 23:17:54 - [TEST_STEP][PASSED] - waitForElementPresent(findTestObject("Page_CURA Healthcare Service/home_page/labelCURAHealthcareService"), 0): Object 'Object Repository/Page_CURA Healthcare Service/home_page/labelCURAHealthcareService' is present

2023-06-24 23:17:54 - [MESSAGE][WARNING] - Timeout '0' is invalid. Using default page load timeout: '30'

2023-06-24 23:17:55 - [MESSAGE][PASSED] - Object 'Object Repository/Page_CURA Healthcare Service/home_page/labelCURAHealthcareService' is present

2023-06-24 23:17:55 - [TEST_STEP][PASSED] - waitForElementPresent(findTestObject("Page_CURA Healthcare Service/home_page/labelWeCareAboutYourHealth"), 0): Object 'Object Repository/Page_CURA Healthcare Service/home_page/labelWeCareAboutYourHealth' is present

2023-06-24 23:17:55 - [MESSAGE][WARNING] - Timeout '0' is invalid. Using default page load timeout: '30'

2023-06-24 23:17:55 - [MESSAGE][PASSED] - Object 'Object Repository/Page_CURA Healthcare Service/home_page/labelWeCareAboutYourHealth' is present

2023-06-24 23:17:55 - [TEST_STEP][PASSED] - click(findTestObject("Page_CURA Healthcare Service/home_page/buttonMenuToggle")): Object: 'Object Repository/Page_CURA Healthcare Service/home_page/buttonMenuToggle' is clicked on

2023-06-24 23:17:56 - [MESSAGE][PASSED] - Object: 'Object Repository/Page_CURA Healthcare Service/home_page/buttonMenuToggle' is clicked on

2023-06-24 23:17:56 - [TEST_STEP][PASSED] - click(findTestObject("Page_CURA Healthcare Service/home_page/hyperlinkLogin")): Object: 'Object Repository/Page_CURA Healthcare Service/home_page/hyperlinkLogin' is clicked on

2023-06-24 23:17:59 - [MESSAGE][PASSED] - Object: 'Object Repository/Page_CURA Healthcare Service/home_page/hyperlinkLogin' is clicked on

2023-06-24 23:17:59 - [TEST_STEP][PASSED] - waitForElementPresent(findTestObject("Page_CURA Healthcare Service/login_page/labelLogin"), 0): Object 'Object Repository/Page_CURA Healthcare Service/login_page/labelLogin' is present

2023-06-24 23:17:59 - [MESSAGE][WARNING] - Timeout '0' is invalid. Using default page load timeout: '30'

2023-06-24 23:17:59 - [MESSAGE][PASSED] - Object 'Object Repository/Page_CURA Healthcare Service/login_page/labelLogin' is present

2023-06-24 23:17:59 - [TEST_STEP][PASSED] - verifyElementPresent(findTestObject("Page_CURA Healthcare Service/login_page/labelPleaseLoginToMakeAppointment"), 0): Object 'Object Repository/Page_CURA Healthcare Service/login_page/labelPleaseLoginToMakeAppointment' is present

2023-06-24 23:17:59 - [MESSAGE][WARNING] - Timeout '0' is invalid. Using default page load timeout: '30'

2023-06-24 23:17:59 - [MESSAGE][PASSED] - Object 'Object Repository/Page_CURA Healthcare Service/login_page/labelPleaseLoginToMakeAppointment' is present

2023-06-24 23:17:59 - [TEST_STEP][PASSED] - verifyElementPresent(findTestObject("Page_CURA Healthcare Service/login_page/buttonLogin"), 0): Object 'Object Repository/Page_CURA Healthcare Service/login_page/buttonLogin' is present

2023-06-24 23:17:59 - [MESSAGE][WARNING] - Timeout '0' is invalid. Using default page load timeout: '30'

2023-06-24 23:17:59 - [MESSAGE][PASSED] - Object 'Object Repository/Page_CURA Healthcare Service/login_page/buttonLogin' is present

2023-06-24 23:17:59 - [TEST_STEP][PASSED] - setText(findTestObject("Object Repository/Page_CURA Healthcare Service/login_page/textfieldUsername"), username): Text 'John Doe' is set on object 'Object Repository/Page_CURA Healthcare Service/login_page/textfieldUsername'

2023-06-24 23:18:00 - [MESSAGE][PASSED] - Text 'John Doe' is set on object 'Object Repository/Page_CURA Healthcare Service/login_page/textfieldUsername'

2023-06-24 23:18:00 - [TEST_STEP][PASSED] - setEncryptedText(findTestObject("Object Repository/Page_CURA Healthcare Service/login_page/textfieldPassword"), password): Text ****** has been set on object 'Object Repository/Page_CURA Healthcare Service/login_page/textfieldPassword'

2023-06-24 23:18:01 - [MESSAGE][PASSED] - Text ****** has been set on object 'Object Repository/Page_CURA Healthcare Service/login_page/textfieldPassword'

2023-06-24 23:18:01 - [TEST_STEP][PASSED] - click(findTestObject("Object Repository/Page_CURA Healthcare Service/login_page/buttonLogin")): Object: 'Object Repository/Page_CURA Healthcare Service/login_page/buttonLogin' is clicked on

2023-06-24 23:18:01 - [MESSAGE][PASSED] - Object: 'Object Repository/Page_CURA Healthcare Service/login_page/buttonLogin' is clicked on

2023-06-24 23:18:01 - [TEST_STEP][PASSED] - verifyElementText(findTestObject("Object Repository/Page_CURA Healthcare Service/make_appointment_page/labelMakeAppointment"), "Make Appointment"): Actual text and expected text of test object 'Object Repository/Page_CURA Healthcare Service/make_appointment_page/labelMakeAppointment' are matched.

2023-06-24 23:18:02 - [MESSAGE][PASSED] - Actual text and expected text of test object 'Object Repository/Page_CURA Healthcare Service/make_appointment_page/labelMakeAppointment' are matched.

2023-06-24 23:18:02 - [MESSAGE][PASSED] - Call Test Case 'Test Cases/step-login' successfully

2023-06-24 23:18:02 - [TEST_STEP][PASSED] - waitForElementPresent(findTestObject("Page_CURA Healthcare Service/login_page/labelLoginFailed"), 0): Object 'Object Repository/Page_CURA Healthcare Service/login_page/labelLoginFailed' is present

2023-06-24 23:18:02 - [MESSAGE][WARNING] - Timeout '0' is invalid. Using default page load timeout: '30'

2023-06-24 23:18:02 - [MESSAGE][PASSED] - Object 'Object Repository/Page_CURA Healthcare Service/login_page/labelLoginFailed' is present

2023-06-24 23:18:02 - [TEST_STEP][PASSED] - closeBrowser(): Browser is closed

2023-06-24 23:18:02 - [MESSAGE][PASSED] - Browser is closed

2023-06-24 23:18:02 - [TEST_STEP][PASSED] - username = "popo": null

2023-06-24 23:18:02 - [TEST_STEP][PASSED] - password = "g3/DOGG74jC3Flrr3yH+3D/yKbOqqUNM": null

2023-06-24 23:18:02 - [TEST_STEP][PASSED] - callTestCase(findTestCase("step-login"), [:], STOP_ON_FAILURE): Call Test Case 'Test Cases/step-login' successfully

2023-06-24 23:18:02 - [TEST_CASE][PASSED] - Test Cases/step-login: Test Cases/step-login

2023-06-24 23:18:02 - [TEST_STEP][PASSED] - openBrowser(""): Browser is opened with url: ''

2023-06-24 23:18:02 - [MESSAGE][INFO] - Starting 'Chrome' driver

2023-06-24 23:18:02 - [MESSAGE][INFO] - Action delay is set to 0 milliseconds

2023-06-24 23:18:04 - [MESSAGE][PASSED] - Browser is opened with url: ''

2023-06-24 23:18:04 - [TEST_STEP][PASSED] - navigateToUrl(URL): Navigate to 'https://katalon-demo-cura.herokuapp.com/' successfully

2023-06-24 23:18:12 - [MESSAGE][PASSED] - Navigate to 'https://katalon-demo-cura.herokuapp.com/' successfully

2023-06-24 23:18:12 - [TEST_STEP][PASSED] - waitForElementPresent(findTestObject("Page_CURA Healthcare Service/home_page/labelCURAHealthcareService"), 0): Object 'Object Repository/Page_CURA Healthcare Service/home_page/labelCURAHealthcareService' is present

2023-06-24 23:18:12 - [MESSAGE][WARNING] - Timeout '0' is invalid. Using default page load timeout: '30'

2023-06-24 23:18:12 - [MESSAGE][PASSED] - Object 'Object Repository/Page_CURA Healthcare Service/home_page/labelCURAHealthcareService' is present

2023-06-24 23:18:12 - [TEST_STEP][PASSED] - waitForElementPresent(findTestObject("Page_CURA Healthcare Service/home_page/labelWeCareAboutYourHealth"), 0): Object 'Object Repository/Page_CURA Healthcare Service/home_page/labelWeCareAboutYourHealth' is present

2023-06-24 23:18:12 - [MESSAGE][WARNING] - Timeout '0' is invalid. Using default page load timeout: '30'

2023-06-24 23:18:13 - [MESSAGE][PASSED] - Object 'Object Repository/Page_CURA Healthcare Service/home_page/labelWeCareAboutYourHealth' is present

2023-06-24 23:18:13 - [TEST_STEP][PASSED] - click(findTestObject("Page_CURA Healthcare Service/home_page/buttonMenuToggle")): Object: 'Object Repository/Page_CURA Healthcare Service/home_page/buttonMenuToggle' is clicked on

2023-06-24 23:18:13 - [MESSAGE][PASSED] - Object: 'Object Repository/Page_CURA Healthcare Service/home_page/buttonMenuToggle' is clicked on

2023-06-24 23:18:13 - [TEST_STEP][PASSED] - click(findTestObject("Page_CURA Healthcare Service/home_page/hyperlinkLogin")): Object: 'Object Repository/Page_CURA Healthcare Service/home_page/hyperlinkLogin' is clicked on

2023-06-24 23:18:15 - [MESSAGE][PASSED] - Object: 'Object Repository/Page_CURA Healthcare Service/home_page/hyperlinkLogin' is clicked on

2023-06-24 23:18:15 - [TEST_STEP][PASSED] - waitForElementPresent(findTestObject("Page_CURA Healthcare Service/login_page/labelLogin"), 0): Object 'Object Repository/Page_CURA Healthcare Service/login_page/labelLogin' is present

2023-06-24 23:18:15 - [MESSAGE][WARNING] - Timeout '0' is invalid. Using default page load timeout: '30'

2023-06-24 23:18:15 - [MESSAGE][PASSED] - Object 'Object Repository/Page_CURA Healthcare Service/login_page/labelLogin' is present

2023-06-24 23:18:15 - [TEST_STEP][PASSED] - verifyElementPresent(findTestObject("Page_CURA Healthcare Service/login_page/labelPleaseLoginToMakeAppointment"), 0): Object 'Object Repository/Page_CURA Healthcare Service/login_page/labelPleaseLoginToMakeAppointment' is present

2023-06-24 23:18:15 - [MESSAGE][WARNING] - Timeout '0' is invalid. Using default page load timeout: '30'

2023-06-24 23:18:15 - [MESSAGE][PASSED] - Object 'Object Repository/Page_CURA Healthcare Service/login_page/labelPleaseLoginToMakeAppointment' is present

2023-06-24 23:18:15 - [TEST_STEP][PASSED] - verifyElementPresent(findTestObject("Page_CURA Healthcare Service/login_page/buttonLogin"), 0): Object 'Object Repository/Page_CURA Healthcare Service/login_page/buttonLogin' is present

2023-06-24 23:18:15 - [MESSAGE][WARNING] - Timeout '0' is invalid. Using default page load timeout: '30'

2023-06-24 23:18:16 - [MESSAGE][PASSED] - Object 'Object Repository/Page_CURA Healthcare Service/login_page/buttonLogin' is present

2023-06-24 23:18:16 - [TEST_STEP][PASSED] - setText(findTestObject("Object Repository/Page_CURA Healthcare Service/login_page/textfieldUsername"), username): Text 'popo' is set on object 'Object Repository/Page_CURA Healthcare Service/login_page/textfieldUsername'

2023-06-24 23:18:16 - [MESSAGE][PASSED] - Text 'popo' is set on object 'Object Repository/Page_CURA Healthcare Service/login_page/textfieldUsername'

2023-06-24 23:18:16 - [TEST_STEP][PASSED] - setEncryptedText(findTestObject("Object Repository/Page_CURA Healthcare Service/login_page/textfieldPassword"), password): Text ****** has been set on object 'Object Repository/Page_CURA Healthcare Service/login_page/textfieldPassword'

2023-06-24 23:18:17 - [MESSAGE][PASSED] - Text ****** has been set on object 'Object Repository/Page_CURA Healthcare Service/login_page/textfieldPassword'

2023-06-24 23:18:17 - [TEST_STEP][PASSED] - click(findTestObject("Object Repository/Page_CURA Healthcare Service/login_page/buttonLogin")): Object: 'Object Repository/Page_CURA Healthcare Service/login_page/buttonLogin' is clicked on

2023-06-24 23:18:21 - [MESSAGE][PASSED] - Object: 'Object Repository/Page_CURA Healthcare Service/login_page/buttonLogin' is clicked on

2023-06-24 23:18:21 - [TEST_STEP][PASSED] - verifyElementText(findTestObject("Object Repository/Page_CURA Healthcare Service/make_appointment_page/labelMakeAppointment"), "Make Appointment"): Actual text and expected text of test object 'Object Repository/Page_CURA Healthcare Service/make_appointment_page/labelMakeAppointment' are matched.

2023-06-24 23:18:22 - [MESSAGE][PASSED] - Actual text and expected text of test object 'Object Repository/Page_CURA Healthcare Service/make_appointment_page/labelMakeAppointment' are matched.

2023-06-24 23:18:22 - [MESSAGE][PASSED] - Call Test Case 'Test Cases/step-login' successfully

2023-06-24 23:18:22 - [TEST_STEP][PASSED] - waitForElementPresent(findTestObject("Page_CURA Healthcare Service/login_page/labelLoginFailed"), 0): Object 'Object Repository/Page_CURA Healthcare Service/login_page/labelLoginFailed' is present

2023-06-24 23:18:22 - [MESSAGE][WARNING] - Timeout '0' is invalid. Using default page load timeout: '30'

2023-06-24 23:18:22 - [MESSAGE][PASSED] - Object 'Object Repository/Page_CURA Healthcare Service/login_page/labelLoginFailed' is present

2023-06-24 23:18:22 - [TEST_STEP][PASSED] - closeBrowser(): Browser is closed

2023-06-24 23:18:22 - [MESSAGE][PASSED] - Browser is closed

2023-06-24 23:18:22 - [TEST_STEP][PASSED] - username = "John Doe": null

2023-06-24 23:18:22 - [TEST_STEP][PASSED] - password = "8SQVv/p9jVScEs4/2CZsLw==": null

2023-06-24 23:18:22 - [TEST_STEP][PASSED] - callTestCase(findTestCase("step-login"), [:], STOP_ON_FAILURE): Call Test Case 'Test Cases/step-login' successfully

2023-06-24 23:18:22 - [TEST_CASE][PASSED] - Test Cases/step-login: Test Cases/step-login

2023-06-24 23:18:22 - [TEST_STEP][PASSED] - openBrowser(""): Browser is opened with url: ''

2023-06-24 23:18:22 - [MESSAGE][INFO] - Starting 'Chrome' driver

2023-06-24 23:18:22 - [MESSAGE][INFO] - Action delay is set to 0 milliseconds

2023-06-24 23:18:23 - [MESSAGE][PASSED] - Browser is opened with url: ''

2023-06-24 23:18:23 - [TEST_STEP][PASSED] - navigateToUrl(URL): Navigate to 'https://katalon-demo-cura.herokuapp.com/' successfully

2023-06-24 23:18:59 - [MESSAGE][PASSED] - Navigate to 'https://katalon-demo-cura.herokuapp.com/' successfully

2023-06-24 23:18:59 - [TEST_STEP][PASSED] - waitForElementPresent(findTestObject("Page_CURA Healthcare Service/home_page/labelCURAHealthcareService"), 0): Object 'Object Repository/Page_CURA Healthcare Service/home_page/labelCURAHealthcareService' is present

2023-06-24 23:18:59 - [MESSAGE][WARNING] - Timeout '0' is invalid. Using default page load timeout: '30'

2023-06-24 23:19:00 - [MESSAGE][PASSED] - Object 'Object Repository/Page_CURA Healthcare Service/home_page/labelCURAHealthcareService' is present

2023-06-24 23:19:00 - [TEST_STEP][PASSED] - waitForElementPresent(findTestObject("Page_CURA Healthcare Service/home_page/labelWeCareAboutYourHealth"), 0): Object 'Object Repository/Page_CURA Healthcare Service/home_page/labelWeCareAboutYourHealth' is present

2023-06-24 23:19:00 - [MESSAGE][WARNING] - Timeout '0' is invalid. Using default page load timeout: '30'

2023-06-24 23:19:00 - [MESSAGE][PASSED] - Object 'Object Repository/Page_CURA Healthcare Service/home_page/labelWeCareAboutYourHealth' is present

2023-06-24 23:19:00 - [TEST_STEP][PASSED] - click(findTestObject("Page_CURA Healthcare Service/home_page/buttonMenuToggle")): Object: 'Object Repository/Page_CURA Healthcare Service/home_page/buttonMenuToggle' is clicked on

2023-06-24 23:19:00 - [MESSAGE][PASSED] - Object: 'Object Repository/Page_CURA Healthcare Service/home_page/buttonMenuToggle' is clicked on

2023-06-24 23:19:00 - [TEST_STEP][PASSED] - click(findTestObject("Page_CURA Healthcare Service/home_page/hyperlinkLogin")): Object: 'Object Repository/Page_CURA Healthcare Service/home_page/hyperlinkLogin' is clicked on

2023-06-24 23:19:02 - [MESSAGE][PASSED] - Object: 'Object Repository/Page_CURA Healthcare Service/home_page/hyperlinkLogin' is clicked on

2023-06-24 23:19:02 - [TEST_STEP][PASSED] - waitForElementPresent(findTestObject("Page_CURA Healthcare Service/login_page/labelLogin"), 0): Object 'Object Repository/Page_CURA Healthcare Service/login_page/labelLogin' is present

2023-06-24 23:19:02 - [MESSAGE][WARNING] - Timeout '0' is invalid. Using default page load timeout: '30'

2023-06-24 23:19:02 - [MESSAGE][PASSED] - Object 'Object Repository/Page_CURA Healthcare Service/login_page/labelLogin' is present

2023-06-24 23:19:02 - [TEST_STEP][PASSED] - verifyElementPresent(findTestObject("Page_CURA Healthcare Service/login_page/labelPleaseLoginToMakeAppointment"), 0): Object 'Object Repository/Page_CURA Healthcare Service/login_page/labelPleaseLoginToMakeAppointment' is present

2023-06-24 23:19:02 - [MESSAGE][WARNING] - Timeout '0' is invalid. Using default page load timeout: '30'

2023-06-24 23:19:02 - [MESSAGE][PASSED] - Object 'Object Repository/Page_CURA Healthcare Service/login_page/labelPleaseLoginToMakeAppointment' is present

2023-06-24 23:19:02 - [TEST_STEP][PASSED] - verifyElementPresent(findTestObject("Page_CURA Healthcare Service/login_page/buttonLogin"), 0): Object 'Object Repository/Page_CURA Healthcare Service/login_page/buttonLogin' is present

2023-06-24 23:19:02 - [MESSAGE][WARNING] - Timeout '0' is invalid. Using default page load timeout: '30'

2023-06-24 23:19:02 - [MESSAGE][PASSED] - Object 'Object Repository/Page_CURA Healthcare Service/login_page/buttonLogin' is present

2023-06-24 23:19:02 - [TEST_STEP][PASSED] - setText(findTestObject("Object Repository/Page_CURA Healthcare Service/login_page/textfieldUsername"), username): Text 'John Doe' is set on object 'Object Repository/Page_CURA Healthcare Service/login_page/textfieldUsername'

2023-06-24 23:19:03 - [MESSAGE][PASSED] - Text 'John Doe' is set on object 'Object Repository/Page_CURA Healthcare Service/login_page/textfieldUsername'

2023-06-24 23:19:03 - [TEST_STEP][PASSED] - setEncryptedText(findTestObject("Object Repository/Page_CURA Healthcare Service/login_page/textfieldPassword"), password): Text ****** has been set on object 'Object Repository/Page_CURA Healthcare Service/login_page/textfieldPassword'

2023-06-24 23:19:04 - [MESSAGE][PASSED] - Text ****** has been set on object 'Object Repository/Page_CURA Healthcare Service/login_page/textfieldPassword'

2023-06-24 23:19:04 - [TEST_STEP][PASSED] - click(findTestObject("Object Repository/Page_CURA Healthcare Service/login_page/buttonLogin")): Object: 'Object Repository/Page_CURA Healthcare Service/login_page/buttonLogin' is clicked on

2023-06-24 23:19:05 - [MESSAGE][PASSED] - Object: 'Object Repository/Page_CURA Healthcare Service/login_page/buttonLogin' is clicked on

2023-06-24 23:19:05 - [TEST_STEP][PASSED] - verifyElementText(findTestObject("Object Repository/Page_CURA Healthcare Service/make_appointment_page/labelMakeAppointment"), "Make Appointment"): Actual text and expected text of test object 'Object Repository/Page_CURA Healthcare Service/make_appointment_page/labelMakeAppointment' are matched.

2023-06-24 23:19:05 - [MESSAGE][PASSED] - Actual text and expected text of test object 'Object Repository/Page_CURA Healthcare Service/make_appointment_page/labelMakeAppointment' are matched.

2023-06-24 23:19:05 - [MESSAGE][PASSED] - Call Test Case 'Test Cases/step-login' successfully

2023-06-24 23:19:05 - [TEST_STEP][PASSED] - waitForElementPresent(findTestObject("Page_CURA Healthcare Service/login_page/labelLoginFailed"), 0): Object 'Object Repository/Page_CURA Healthcare Service/login_page/labelLoginFailed' is present

2023-06-24 23:19:05 - [MESSAGE][WARNING] - Timeout '0' is invalid. Using default page load timeout: '30'

2023-06-24 23:19:05 - [MESSAGE][PASSED] - Object 'Object Repository/Page_CURA Healthcare Service/login_page/labelLoginFailed' is present

2023-06-24 23:19:05 - [TEST_STEP][PASSED] - Finally: Browser is closed

2023-06-24 23:19:05 - [TEST_STEP][PASSED] - closeBrowser(): Browser is closed

2023-06-24 23:19:06 - [MESSAGE][PASSED] - Browser is closed]]></system-out>
         <system-err><![CDATA[]]></system-err>
      </testcase>
      <system-out><![CDATA[2023-06-24 23:16:38 - [TEST_SUITE][PASSED] - TS-Login-Logout: Test Cases/SC-Login-Logout/TC03-login-failed]]></system-out>
      <system-err><![CDATA[]]></system-err>
   </testsuite>
</testsuites>
